#
# A fatal error has been detected by the Java Runtime Environment:
#
#  SIGSEGV (0xb) at pc=0x00007f290bc769c3, pid=3626, tid=0x00007f296f128700
#
# JRE version: Java(TM) SE Runtime Environment (8.0_181-b13) (build 1.8.0_181-b13)
# Java VM: Java HotSpot(TM) 64-Bit Server VM (25.181-b13 mixed mode linux-amd64 compressed oops)
# Problematic frame:
# C  [libmaejava.so.0.11.0+0x1779c3]  __gnu_cxx::__atomic_add(int volatile*, int)+0x12
#
# Failed to write core dump. Core dumps have been disabled. To enable core dumping, try "ulimit -c unlimited" before starting Java again
#
# If you would like to submit a bug report, please visit:
#   http://bugreport.java.com/bugreport/crash.jsp
# The crash happened outside the Java Virtual Machine in native code.
# See problematic frame for where to report the bug.
#

---------------  T H R E A D  ---------------

Current thread (0x00007f296800b800):  JavaThread "main" [_thread_in_native, id=3629, stack(0x00007f296f029000,0x00007f296f129000)]

siginfo: si_signo: 11 (SIGSEGV), si_code: 2 (SEGV_ACCERR), si_addr: 0x00007f290bff12d0

Registers:
RAX=0x00007f290bff12d0, RBX=0x00007f295760f5d0, RCX=0x00007f296f127820, RDX=0x0000000000000001
RSP=0x00007f296f127618, RBP=0x00007f296f127618, RSI=0x0000000000000001, RDI=0x00007f290bff12d0
R8 =0x00007f296819ff50, R9 =0x00007f296f127808, R10=0x0000000000000019, R11=0x00007f290bd1dbf8
R12=0x0000000000000000, R13=0x00007f295760f5d0, R14=0x00007f296f127830, R15=0x00007f296800b800
RIP=0x00007f290bc769c3, EFLAGS=0x0000000000010202, CSGSFS=0x002b000000000033, ERR=0x0000000000000007
  TRAPNO=0x000000000000000e

Top of Stack: (sp=0x00007f296f127618)
0x00007f296f127618:   00007f296f127638 00007f290bc76a83
0x00007f296f127628:   0000000100000000 00007f290bff12d0
0x00007f296f127638:   00007f296f127650 00007f290bd34a07
0x00007f296f127648:   00007f290bff12c8 00007f296f127680
0x00007f296f127658:   00007f290bd20635 00007f296819ff58
0x00007f296f127668:   00007f296f127728 0000000000000000
0x00007f296f127678:   00007f290bff12c8 00007f296f1276a0
0x00007f296f127688:   00007f290bd1dc31 00007f296819ff50
0x00007f296f127698:   00007f296f127720 00007f296f1276c0
0x00007f296f1276a8:   00007f290bd1dc5b 00007f296819ff50
0x00007f296f1276b8:   00007f296f127720 00007f296f127760
0x00007f296f1276c8:   00007f290bcbbcd6 00007f296f127808
0x00007f296f1276d8:   00007f296819ff50 00007f296f127820
0x00007f296f1276e8:   00007f29681a07a0 00007f296f1277f8
0x00007f296f1276f8:   00007f296800b9f8 00007f296800b800
0x00007f296f127708:   00007f29681a07a0 00007f296819ff50
0x00007f296f127718:   00007f296ddd5981 00007f290bff12a0
0x00007f296f127728:   0000000000000000 0000000000000000
0x00007f296f127738:   00007f295760f5d0 0000000000000000
0x00007f296f127748:   054127b7b3321100 00007f295760f5d0
0x00007f296f127758:   0000000000000000 00007f296f1277e8
0x00007f296f127768:   00007f29590186c7 00007f296800b800
0x00007f296f127778:   00007f296dba4d4f 00007f295760f5d0
0x00007f296f127788:   0000000000000000 00007f296f1277e8
0x00007f296f127798:   00007f2959018427 00007f29590183e2
0x00007f296f1277a8:   00007f296f1277a8 00007f295760f5d0
0x00007f296f1277b8:   00007f296f127830 00007f2957631b98
0x00007f296f1277c8:   0000000000000000 00007f295760f5d0
0x00007f296f1277d8:   0000000000000000 00007f296f127808
0x00007f296f1277e8:   00007f296f127878 00007f29590082bd
0x00007f296f1277f8:   00000000d6c99b28 00007f2959011d18
0x00007f296f127808:   00000000d6da21b8 00007f296819ff50 

Instructions: (pc=0x00007f290bc769c3)
0x00007f290bc769a3:   55 f4 48 8b 45 f8 f0 0f c1 10 89 d0 5d c3 55 48
0x00007f290bc769b3:   89 e5 48 89 7d f8 89 75 f4 8b 55 f4 48 8b 45 f8
0x00007f290bc769c3:   f0 01 10 90 5d c3 55 48 89 e5 48 89 7d e8 89 75
0x00007f290bc769d3:   e4 48 8b 45 e8 8b 00 89 45 fc 48 8b 45 e8 8b 10 

Register to memory mapping:

RAX=0x00007f290bff12d0: _ZTV26SwigDirector_IPoseListener+0x40 in /usr/local/lib/jni/libmaejava.so.0.11.0 at 0x00007f290baff000
RBX={method} {0x00007f295760f5d0} 'FlSkeletonLabanSequenceMovementController_addListener__SWIG_0' '(JLmaejava/FlSkeletonLabanSequenceMovementController;JLmaejava/IPoseListener;)V' in 'maejava/MaeJavaJNI'
RCX=0x00007f296f127820 is pointing into the stack for thread: 0x00007f296800b800
RDX=0x0000000000000001 is an unknown value
RSP=0x00007f296f127618 is pointing into the stack for thread: 0x00007f296800b800
RBP=0x00007f296f127618 is pointing into the stack for thread: 0x00007f296800b800
RSI=0x0000000000000001 is an unknown value
RDI=0x00007f290bff12d0: _ZTV26SwigDirector_IPoseListener+0x40 in /usr/local/lib/jni/libmaejava.so.0.11.0 at 0x00007f290baff000
R8 =0x00007f296819ff50 is an unknown value
R9 =0x00007f296f127808 is pointing into the stack for thread: 0x00007f296800b800
R10=0x0000000000000019 is an unknown value
R11=0x00007f290bd1dbf8: _ZNSt12__shared_ptrIN3mae15i_pose_listenerELN9__gnu_cxx12_Lock_policyE2EEaSERKS4_+0 in /usr/local/lib/jni/libmaejava.so.0.11.0 at 0x00007f290baff000
R12=0x0000000000000000 is an unknown value
R13={method} {0x00007f295760f5d0} 'FlSkeletonLabanSequenceMovementController_addListener__SWIG_0' '(JLmaejava/FlSkeletonLabanSequenceMovementController;JLmaejava/IPoseListener;)V' in 'maejava/MaeJavaJNI'
R14=0x00007f296f127830 is pointing into the stack for thread: 0x00007f296800b800
R15=0x00007f296800b800 is a thread


Stack: [0x00007f296f029000,0x00007f296f129000],  sp=0x00007f296f127618,  free space=1017k
Native frames: (J=compiled Java code, j=interpreted, Vv=VM code, C=native code)
C  [libmaejava.so.0.11.0+0x1779c3]  __gnu_cxx::__atomic_add(int volatile*, int)+0x12
C  [libmaejava.so.0.11.0+0x177a83]  __gnu_cxx::__atomic_add_dispatch(int*, int)+0x2e
C  [libmaejava.so.0.11.0+0x235a07]  std::_Sp_counted_base<(__gnu_cxx::_Lock_policy)2>::_M_add_ref_copy()+0x21
C  [libmaejava.so.0.11.0+0x221635]  std::__shared_count<(__gnu_cxx::_Lock_policy)2>::operator=(std::__shared_count<(__gnu_cxx::_Lock_policy)2> const&)+0x3b
C  [libmaejava.so.0.11.0+0x21ec31]  std::__shared_ptr<mae::i_pose_listener, (__gnu_cxx::_Lock_policy)2>::operator=(std::__shared_ptr<mae::i_pose_listener, (__gnu_cxx::_Lock_policy)2> const&)+0x39
C  [libmaejava.so.0.11.0+0x21ec5b]  std::shared_ptr<mae::i_pose_listener>::operator=(std::shared_ptr<mae::i_pose_listener> const&)+0x23
C  [libmaejava.so.0.11.0+0x1bccd6]  Java_maejava_MaeJavaJNI_FlSkeletonLabanSequenceMovementController_1addListener_1_1SWIG_10+0x83
j  maejava.MaeJavaJNI.FlSkeletonLabanSequenceMovementController_addListener__SWIG_0(JLmaejava/FlSkeletonLabanSequenceMovementController;JLmaejava/IPoseListener;)V+0
j  maejava.FlSkeletonLabanSequenceMovementController.addListener(Lmaejava/IPoseListener;)V+10
j  minimallibmaejava.MinimalLibmaeJava.main([Ljava/lang/String;)V+128
v  ~StubRoutines::call_stub
V  [libjvm.so+0x697a76]  JavaCalls::call_helper(JavaValue*, methodHandle*, JavaCallArguments*, Thread*)+0x1056
V  [libjvm.so+0x6d91c2]  jni_invoke_static(JNIEnv_*, JavaValue*, _jobject*, JNICallType, _jmethodID*, JNI_ArgumentPusher*, Thread*)+0x362
V  [libjvm.so+0x6f5a2a]  jni_CallStaticVoidMethod+0x17a
C  [libjli.so+0x80ff]  JavaMain+0x81f
C  [libpthread.so.0+0x76db]  start_thread+0xdb

Java frames: (J=compiled Java code, j=interpreted, Vv=VM code)
j  maejava.MaeJavaJNI.FlSkeletonLabanSequenceMovementController_addListener__SWIG_0(JLmaejava/FlSkeletonLabanSequenceMovementController;JLmaejava/IPoseListener;)V+0
j  maejava.FlSkeletonLabanSequenceMovementController.addListener(Lmaejava/IPoseListener;)V+10
j  minimallibmaejava.MinimalLibmaeJava.main([Ljava/lang/String;)V+128
v  ~StubRoutines::call_stub

---------------  P R O C E S S  ---------------

Java Threads: ( => current thread )
  0x00007f29680e6800 JavaThread "Service Thread" daemon [_thread_blocked, id=3647, stack(0x00007f2954112000,0x00007f2954213000)]
  0x00007f29680c9800 JavaThread "C1 CompilerThread3" daemon [_thread_blocked, id=3646, stack(0x00007f2954214000,0x00007f2954314000)]
  0x00007f29680c7000 JavaThread "C2 CompilerThread2" daemon [_thread_blocked, id=3645, stack(0x00007f2954315000,0x00007f2954415000)]
  0x00007f29680c5800 JavaThread "C2 CompilerThread1" daemon [_thread_blocked, id=3644, stack(0x00007f2954416000,0x00007f2954516000)]
  0x00007f29680c2800 JavaThread "C2 CompilerThread0" daemon [_thread_blocked, id=3643, stack(0x00007f2954517000,0x00007f2954617000)]
  0x00007f29680c1000 JavaThread "Signal Dispatcher" daemon [_thread_blocked, id=3642, stack(0x00007f2954617000,0x00007f2954718000)]
  0x00007f296808e000 JavaThread "Finalizer" daemon [_thread_blocked, id=3641, stack(0x00007f29550e7000,0x00007f29551e8000)]
  0x00007f296808b800 JavaThread "Reference Handler" daemon [_thread_blocked, id=3640, stack(0x00007f29551e8000,0x00007f29552e9000)]
=>0x00007f296800b800 JavaThread "main" [_thread_in_native, id=3629, stack(0x00007f296f029000,0x00007f296f129000)]

Other Threads:
  0x00007f2968081800 VMThread [stack: 0x00007f29552ea000,0x00007f29553ea000] [id=3638]
  0x00007f29680eb800 WatcherThread [stack: 0x00007f2954012000,0x00007f2954112000] [id=3648]

VM state:not at safepoint (normal execution)

VM Mutex/Monitor currently owned by a thread: None

Heap:
 PSYoungGen      total 36864K, used 2097K [0x00000000d6c00000, 0x00000000d9500000, 0x0000000100000000)
  eden space 31744K, 6% used [0x00000000d6c00000,0x00000000d6e0c4e8,0x00000000d8b00000)
  from space 5120K, 0% used [0x00000000d9000000,0x00000000d9000000,0x00000000d9500000)
  to   space 5120K, 0% used [0x00000000d8b00000,0x00000000d8b00000,0x00000000d9000000)
 ParOldGen       total 84992K, used 0K [0x0000000084400000, 0x0000000089700000, 0x00000000d6c00000)
  object space 84992K, 0% used [0x0000000084400000,0x0000000084400000,0x0000000089700000)
 Metaspace       used 3289K, capacity 4920K, committed 5120K, reserved 1056768K
  class space    used 327K, capacity 424K, committed 512K, reserved 1048576K

Card table byte_map: [0x00007f2958861000,0x00007f2958c40000] byte_map_base: 0x00007f295843f000

Marking Bits: (ParMarkBitMap*) 0x00007f296e4ee0a0
 Begin Bits: [0x00007f2930220000, 0x00007f2932110000)
 End Bits:   [0x00007f2932110000, 0x00007f2934000000)

Polling page: 0x00007f296f16b000

CodeCache: size=245760Kb used=1176Kb max_used=1179Kb free=244583Kb
 bounds [0x00007f2959000000, 0x00007f2959270000, 0x00007f2968000000]
 total_blobs=375 nmethods=42 adapters=247
 compilation: enabled

Compilation events (10 events):
Event: 0,071 Thread 0x00007f29680c9800   38       1       java.net.URL::getHost (5 bytes)
Event: 0,071 Thread 0x00007f29680c9800 nmethod 38 0x00007f2959125d90 code [0x00007f2959125ee0, 0x00007f2959125ff0]
Event: 0,071 Thread 0x00007f29680c9800   39       1       java.net.URL::getAuthority (5 bytes)
Event: 0,071 Thread 0x00007f29680c9800 nmethod 39 0x00007f2959125ad0 code [0x00007f2959125c20, 0x00007f2959125d30]
Event: 0,071 Thread 0x00007f29680c9800   40       3       java.lang.AbstractStringBuilder::newCapacity (39 bytes)
Event: 0,072 Thread 0x00007f29680c9800 nmethod 40 0x00007f2959125410 code [0x00007f29591255a0, 0x00007f2959125988]
Event: 0,072 Thread 0x00007f29680c9800   41       3       java.lang.Character::toLowerCase (9 bytes)
Event: 0,072 Thread 0x00007f29680c9800 nmethod 41 0x00007f2959124f90 code [0x00007f2959125100, 0x00007f2959125338]
Event: 0,072 Thread 0x00007f29680c9800   42       3       java.lang.CharacterDataLatin1::toLowerCase (39 bytes)
Event: 0,072 Thread 0x00007f29680c9800 nmethod 42 0x00007f2959124a10 code [0x00007f2959124b80, 0x00007f2959124e10]

GC Heap History (0 events):
No events

Deoptimization events (0 events):
No events

Classes redefined (0 events):
No events

Internal exceptions (4 events):
Event: 0,018 Thread 0x00007f296800b800 Exception <a 'java/lang/NoSuchMethodError': Method sun.misc.Unsafe.defineClass(Ljava/lang/String;[BII)Ljava/lang/Class; name or signature does not match> (0x00000000d6c07cb0) thrown at [/HUDSON/workspace/8-2-build-linux-amd64/jdk8u181/11358/hotspot/src/sh
Event: 0,019 Thread 0x00007f296800b800 Exception <a 'java/lang/NoSuchMethodError': Method sun.misc.Unsafe.prefetchRead(Ljava/lang/Object;J)V name or signature does not match> (0x00000000d6c07f98) thrown at [/HUDSON/workspace/8-2-build-linux-amd64/jdk8u181/11358/hotspot/src/share/vm/prims/jni.c
Event: 0,047 Thread 0x00007f296800b800 Exception <a 'java/security/PrivilegedActionException'> (0x00000000d6c64380) thrown at [/HUDSON/workspace/8-2-build-linux-amd64/jdk8u181/11358/hotspot/src/share/vm/prims/jvm.cpp, line 1435]
Event: 0,047 Thread 0x00007f296800b800 Exception <a 'java/security/PrivilegedActionException'> (0x00000000d6c64590) thrown at [/HUDSON/workspace/8-2-build-linux-amd64/jdk8u181/11358/hotspot/src/share/vm/prims/jvm.cpp, line 1435]

Events (10 events):
Event: 0,070 loading class minimallibmaejava/MinimalLibmaeJava$1
Event: 0,070 loading class minimallibmaejava/MinimalLibmaeJava$1 done
Event: 0,070 loading class maejava/BvhController
Event: 0,070 loading class maejava/BvhController done
Event: 0,070 loading class maejava/BvhSpec
Event: 0,070 loading class maejava/BvhSpec done
Event: 0,071 loading class maejava/BvhData
Event: 0,071 loading class maejava/BvhData done
Event: 0,071 loading class maejava/GeneralSkeletonVector
Event: 0,071 loading class maejava/GeneralSkeletonVector done


Dynamic libraries:
00400000-00401000 r-xp 00000000 08:01 7085253                            /usr/lib/jvm/java-8-oracle/bin/java
00600000-00601000 rw-p 00000000 08:01 7085253                            /usr/lib/jvm/java-8-oracle/bin/java
013dc000-013fd000 rw-p 00000000 00:00 0                                  [heap]
84400000-89700000 rw-p 00000000 00:00 0 
89700000-d6c00000 ---p 00000000 00:00 0 
d6c00000-d9500000 rw-p 00000000 00:00 0 
d9500000-100000000 ---p 00000000 00:00 0 
100000000-100080000 rw-p 00000000 00:00 0 
100080000-140000000 ---p 00000000 00:00 0 
7f2902457000-7f2903dff000 r-xp 00000000 08:01 6955423                    /usr/lib/x86_64-linux-gnu/libicudata.so.60.2
7f2903dff000-7f2903ffe000 ---p 019a8000 08:01 6955423                    /usr/lib/x86_64-linux-gnu/libicudata.so.60.2
7f2903ffe000-7f2903fff000 r--p 019a7000 08:01 6955423                    /usr/lib/x86_64-linux-gnu/libicudata.so.60.2
7f2903fff000-7f2904000000 rw-p 019a8000 08:01 6955423                    /usr/lib/x86_64-linux-gnu/libicudata.so.60.2
7f2904000000-7f2904021000 rw-p 00000000 00:00 0 
7f2904021000-7f2908000000 ---p 00000000 00:00 0 
7f290882b000-7f29089c5000 rw-p 00000000 00:00 0 
7f29089c5000-7f2908a35000 r-xp 00000000 08:01 4592398                    /lib/x86_64-linux-gnu/libpcre.so.3.13.3
7f2908a35000-7f2908c35000 ---p 00070000 08:01 4592398                    /lib/x86_64-linux-gnu/libpcre.so.3.13.3
7f2908c35000-7f2908c36000 r--p 00070000 08:01 4592398                    /lib/x86_64-linux-gnu/libpcre.so.3.13.3
7f2908c36000-7f2908c37000 rw-p 00071000 08:01 4592398                    /lib/x86_64-linux-gnu/libpcre.so.3.13.3
7f2908c37000-7f2908c3e000 r-xp 00000000 08:01 6955159                    /usr/lib/x86_64-linux-gnu/libffi.so.6.0.4
7f2908c3e000-7f2908e3d000 ---p 00007000 08:01 6955159                    /usr/lib/x86_64-linux-gnu/libffi.so.6.0.4
7f2908e3d000-7f2908e3e000 r--p 00006000 08:01 6955159                    /usr/lib/x86_64-linux-gnu/libffi.so.6.0.4
7f2908e3e000-7f2908e3f000 rw-p 00007000 08:01 6955159                    /usr/lib/x86_64-linux-gnu/libffi.so.6.0.4
7f2908e3f000-7f2908e63000 r-xp 00000000 08:01 4592336                    /lib/x86_64-linux-gnu/liblzma.so.5.2.2
7f2908e63000-7f2909063000 ---p 00024000 08:01 4592336                    /lib/x86_64-linux-gnu/liblzma.so.5.2.2
7f2909063000-7f2909064000 r--p 00024000 08:01 4592336                    /lib/x86_64-linux-gnu/liblzma.so.5.2.2
7f2909064000-7f2909065000 rw-p 00025000 08:01 4592336                    /lib/x86_64-linux-gnu/liblzma.so.5.2.2
7f2909065000-7f2909208000 r-xp 00000000 08:01 6955433                    /usr/lib/x86_64-linux-gnu/libicuuc.so.60.2
7f2909208000-7f2909407000 ---p 001a3000 08:01 6955433                    /usr/lib/x86_64-linux-gnu/libicuuc.so.60.2
7f2909407000-7f290941a000 r--p 001a2000 08:01 6955433                    /usr/lib/x86_64-linux-gnu/libicuuc.so.60.2
7f290941a000-7f290941b000 rw-p 001b5000 08:01 6955433                    /usr/lib/x86_64-linux-gnu/libicuuc.so.60.2
7f290941b000-7f290941c000 rw-p 00000000 00:00 0 
7f290941c000-7f2909452000 r-xp 00000000 08:01 6957386                    /usr/lib/x86_64-linux-gnu/libtbb.so.2
7f2909452000-7f2909652000 ---p 00036000 08:01 6957386                    /usr/lib/x86_64-linux-gnu/libtbb.so.2
7f2909652000-7f2909653000 r--p 00036000 08:01 6957386                    /usr/lib/x86_64-linux-gnu/libtbb.so.2
7f2909653000-7f2909655000 rw-p 00037000 08:01 6957386                    /usr/lib/x86_64-linux-gnu/libtbb.so.2
7f2909655000-7f2909658000 rw-p 00000000 00:00 0 
7f2909658000-7f2909674000 r-xp 00000000 08:01 4592448                    /lib/x86_64-linux-gnu/libz.so.1.2.11
7f2909674000-7f2909873000 ---p 0001c000 08:01 4592448                    /lib/x86_64-linux-gnu/libz.so.1.2.11
7f2909873000-7f2909874000 r--p 0001b000 08:01 4592448                    /lib/x86_64-linux-gnu/libz.so.1.2.11
7f2909874000-7f2909875000 rw-p 0001c000 08:01 4592448                    /lib/x86_64-linux-gnu/libz.so.1.2.11
7f2909875000-7f2909988000 r-xp 00000000 08:01 6955253                    /usr/lib/x86_64-linux-gnu/libglib-2.0.so.0.5600.1
7f2909988000-7f2909b88000 ---p 00113000 08:01 6955253                    /usr/lib/x86_64-linux-gnu/libglib-2.0.so.0.5600.1
7f2909b88000-7f2909b89000 r--p 00113000 08:01 6955253                    /usr/lib/x86_64-linux-gnu/libglib-2.0.so.0.5600.1
7f2909b89000-7f2909b8a000 rw-p 00114000 08:01 6955253                    /usr/lib/x86_64-linux-gnu/libglib-2.0.so.0.5600.1
7f2909b8a000-7f2909b8b000 rw-p 00000000 00:00 0 
7f2909b8b000-7f2909b8e000 r-xp 00000000 08:01 6955257                    /usr/lib/x86_64-linux-gnu/libgmodule-2.0.so.0.5600.1
7f2909b8e000-7f2909d8d000 ---p 00003000 08:01 6955257                    /usr/lib/x86_64-linux-gnu/libgmodule-2.0.so.0.5600.1
7f2909d8d000-7f2909d8e000 r--p 00002000 08:01 6955257                    /usr/lib/x86_64-linux-gnu/libgmodule-2.0.so.0.5600.1
7f2909d8e000-7f2909d8f000 rw-p 00003000 08:01 6955257                    /usr/lib/x86_64-linux-gnu/libgmodule-2.0.so.0.5600.1
7f2909d8f000-7f2909de1000 r-xp 00000000 08:01 6955281                    /usr/lib/x86_64-linux-gnu/libgobject-2.0.so.0.5600.1
7f2909de1000-7f2909fe1000 ---p 00052000 08:01 6955281                    /usr/lib/x86_64-linux-gnu/libgobject-2.0.so.0.5600.1
7f2909fe1000-7f2909fe2000 r--p 00052000 08:01 6955281                    /usr/lib/x86_64-linux-gnu/libgobject-2.0.so.0.5600.1
7f2909fe2000-7f2909fe3000 rw-p 00053000 08:01 6955281                    /usr/lib/x86_64-linux-gnu/libgobject-2.0.so.0.5600.1
7f2909fe3000-7f2909fe8000 r-xp 00000000 08:01 6958033                    /usr/lib/x86_64-linux-gnu/libsigc-2.0.so.0.0.0
7f2909fe8000-7f290a1e7000 ---p 00005000 08:01 6958033                    /usr/lib/x86_64-linux-gnu/libsigc-2.0.so.0.0.0
7f290a1e7000-7f290a1e8000 r--p 00004000 08:01 6958033                    /usr/lib/x86_64-linux-gnu/libsigc-2.0.so.0.0.0
7f290a1e8000-7f290a1e9000 rw-p 00005000 08:01 6958033                    /usr/lib/x86_64-linux-gnu/libsigc-2.0.so.0.0.0
7f290a1e9000-7f290a39f000 r-xp 00000000 08:01 6956031                    /usr/lib/x86_64-linux-gnu/libxml2.so.2.9.4
7f290a39f000-7f290a59f000 ---p 001b6000 08:01 6956031                    /usr/lib/x86_64-linux-gnu/libxml2.so.2.9.4
7f290a59f000-7f290a5a7000 r--p 001b6000 08:01 6956031                    /usr/lib/x86_64-linux-gnu/libxml2.so.2.9.4
7f290a5a7000-7f290a5a9000 rw-p 001be000 08:01 6956031                    /usr/lib/x86_64-linux-gnu/libxml2.so.2.9.4
7f290a5a9000-7f290a5aa000 rw-p 00000000 00:00 0 
7f290a5aa000-7f290a7dd000 r-xp 00000000 08:01 6957389                    /usr/lib/x86_64-linux-gnu/libopencv_core.so.3.2.0
7f290a7dd000-7f290a9dc000 ---p 00233000 08:01 6957389                    /usr/lib/x86_64-linux-gnu/libopencv_core.so.3.2.0
7f290a9dc000-7f290a9e2000 r--p 00232000 08:01 6957389                    /usr/lib/x86_64-linux-gnu/libopencv_core.so.3.2.0
7f290a9e2000-7f290a9e3000 rw-p 00238000 08:01 6957389                    /usr/lib/x86_64-linux-gnu/libopencv_core.so.3.2.0
7f290a9e3000-7f290a9e5000 rw-p 00000000 00:00 0 
7f290a9e5000-7f290aa61000 r-xp 00000000 08:01 6958036                    /usr/lib/x86_64-linux-gnu/libglibmm-2.4.so.1.3.0
7f290aa61000-7f290ac61000 ---p 0007c000 08:01 6958036                    /usr/lib/x86_64-linux-gnu/libglibmm-2.4.so.1.3.0
7f290ac61000-7f290ac64000 r--p 0007c000 08:01 6958036                    /usr/lib/x86_64-linux-gnu/libglibmm-2.4.so.1.3.0
7f290ac64000-7f290ac65000 rw-p 0007f000 08:01 6958036                    /usr/lib/x86_64-linux-gnu/libglibmm-2.4.so.1.3.0
7f290ac65000-7f290ac94000 r-xp 00000000 08:01 6961472                    /usr/lib/x86_64-linux-gnu/libxml++-2.6.so.2.0.7
7f290ac94000-7f290ae94000 ---p 0002f000 08:01 6961472                    /usr/lib/x86_64-linux-gnu/libxml++-2.6.so.2.0.7
7f290ae94000-7f290ae96000 r--p 0002f000 08:01 6961472                    /usr/lib/x86_64-linux-gnu/libxml++-2.6.so.2.0.7
7f290ae96000-7f290ae97000 rw-p 00031000 08:01 6961472                    /usr/lib/x86_64-linux-gnu/libxml++-2.6.so.2.0.7
7f290ae97000-7f290aeae000 r-xp 00000000 08:01 4592313                    /lib/x86_64-linux-gnu/libgcc_s.so.1
7f290aeae000-7f290b0ad000 ---p 00017000 08:01 4592313                    /lib/x86_64-linux-gnu/libgcc_s.so.1
7f290b0ad000-7f290b0ae000 r--p 00016000 08:01 4592313                    /lib/x86_64-linux-gnu/libgcc_s.so.1
7f290b0ae000-7f290b0af000 rw-p 00017000 08:01 4592313                    /lib/x86_64-linux-gnu/libgcc_s.so.1
7f290b0af000-7f290b22d000 r-xp 00000000 08:01 6955838                    /usr/lib/x86_64-linux-gnu/libstdc++.so.6.0.25
7f290b22d000-7f290b42d000 ---p 0017e000 08:01 6955838                    /usr/lib/x86_64-linux-gnu/libstdc++.so.6.0.25
7f290b42d000-7f290b437000 r--p 0017e000 08:01 6955838                    /usr/lib/x86_64-linux-gnu/libstdc++.so.6.0.25
7f290b437000-7f290b439000 rw-p 00188000 08:01 6955838                    /usr/lib/x86_64-linux-gnu/libstdc++.so.6.0.25
7f290b439000-7f290b43d000 rw-p 00000000 00:00 0 
7f290b43d000-7f290b8e1000 r-xp 00000000 08:21 33292357                   /home/keks/workspaces/git/MAE/libmae/libmae.so.0.11.0
7f290b8e1000-7f290bae0000 ---p 004a4000 08:21 33292357                   /home/keks/workspaces/git/MAE/libmae/libmae.so.0.11.0
7f290bae0000-7f290bae7000 r--p 004a3000 08:21 33292357                   /home/keks/workspaces/git/MAE/libmae/libmae.so.0.11.0
7f290bae7000-7f290bafe000 rw-p 004aa000 08:21 33292357                   /home/keks/workspaces/git/MAE/libmae/libmae.so.0.11.0
7f290bafe000-7f290baff000 rw-p 00000000 00:00 0 
7f290baff000-7f290bdf0000 r-xp 00000000 08:01 7342019                    /usr/local/lib/jni/libmaejava.so.0.11.0
7f290bdf0000-7f290bff0000 ---p 002f1000 08:01 7342019                    /usr/local/lib/jni/libmaejava.so.0.11.0
7f290bff0000-7f290bff2000 r--p 002f1000 08:01 7342019                    /usr/local/lib/jni/libmaejava.so.0.11.0
7f290bff2000-7f290c000000 rw-p 002f3000 08:01 7342019                    /usr/local/lib/jni/libmaejava.so.0.11.0
7f290c000000-7f290c021000 rw-p 00000000 00:00 0 
7f290c021000-7f2910000000 ---p 00000000 00:00 0 
7f2910000000-7f2910021000 rw-p 00000000 00:00 0 
7f2910021000-7f2914000000 ---p 00000000 00:00 0 
7f2914000000-7f2914021000 rw-p 00000000 00:00 0 
7f2914021000-7f2918000000 ---p 00000000 00:00 0 
7f2918000000-7f2918021000 rw-p 00000000 00:00 0 
7f2918021000-7f291c000000 ---p 00000000 00:00 0 
7f291c000000-7f291c021000 rw-p 00000000 00:00 0 
7f291c021000-7f2920000000 ---p 00000000 00:00 0 
7f2920000000-7f292006e000 rw-p 00000000 00:00 0 
7f292006e000-7f2924000000 ---p 00000000 00:00 0 
7f2924000000-7f2924021000 rw-p 00000000 00:00 0 
7f2924021000-7f2928000000 ---p 00000000 00:00 0 
7f2928000000-7f2928021000 rw-p 00000000 00:00 0 
7f2928021000-7f292c000000 ---p 00000000 00:00 0 
7f292c000000-7f292c021000 rw-p 00000000 00:00 0 
7f292c021000-7f2930000000 ---p 00000000 00:00 0 
7f293012f000-7f2934000000 rw-p 00000000 00:00 0 
7f2934000000-7f2934021000 rw-p 00000000 00:00 0 
7f2934021000-7f2938000000 ---p 00000000 00:00 0 
7f2938000000-7f2938021000 rw-p 00000000 00:00 0 
7f2938021000-7f293c000000 ---p 00000000 00:00 0 
7f293c000000-7f293c021000 rw-p 00000000 00:00 0 
7f293c021000-7f2940000000 ---p 00000000 00:00 0 
7f2940000000-7f2940021000 rw-p 00000000 00:00 0 
7f2940021000-7f2944000000 ---p 00000000 00:00 0 
7f2944000000-7f2944021000 rw-p 00000000 00:00 0 
7f2944021000-7f2948000000 ---p 00000000 00:00 0 
7f2948000000-7f2948021000 rw-p 00000000 00:00 0 
7f2948021000-7f294c000000 ---p 00000000 00:00 0 
7f294c000000-7f294c021000 rw-p 00000000 00:00 0 
7f294c021000-7f2950000000 ---p 00000000 00:00 0 
7f2950000000-7f2950021000 rw-p 00000000 00:00 0 
7f2950021000-7f2954000000 ---p 00000000 00:00 0 
7f2954011000-7f2954012000 ---p 00000000 00:00 0 
7f2954012000-7f2954112000 rw-p 00000000 00:00 0 
7f2954112000-7f2954115000 ---p 00000000 00:00 0 
7f2954115000-7f2954213000 rw-p 00000000 00:00 0 
7f2954213000-7f2954214000 ---p 00000000 00:00 0 
7f2954214000-7f2954217000 ---p 00000000 00:00 0 
7f2954217000-7f2954314000 rw-p 00000000 00:00 0 
7f2954314000-7f2954315000 ---p 00000000 00:00 0 
7f2954315000-7f2954318000 ---p 00000000 00:00 0 
7f2954318000-7f2954415000 rw-p 00000000 00:00 0 
7f2954415000-7f2954416000 ---p 00000000 00:00 0 
7f2954416000-7f2954419000 ---p 00000000 00:00 0 
7f2954419000-7f2954516000 rw-p 00000000 00:00 0 
7f2954516000-7f2954517000 ---p 00000000 00:00 0 
7f2954517000-7f295451a000 ---p 00000000 00:00 0 
7f295451a000-7f2954617000 rw-p 00000000 00:00 0 
7f2954617000-7f295461a000 ---p 00000000 00:00 0 
7f295461a000-7f2954718000 rw-p 00000000 00:00 0 
7f2954718000-7f29550e7000 r--p 00000000 08:01 6953711                    /usr/lib/locale/locale-archive
7f29550e7000-7f29550ea000 ---p 00000000 00:00 0 
7f29550ea000-7f29551e8000 rw-p 00000000 00:00 0 
7f29551e8000-7f29551eb000 ---p 00000000 00:00 0 
7f29551eb000-7f29552e9000 rw-p 00000000 00:00 0 
7f29552e9000-7f29552ea000 ---p 00000000 00:00 0 
7f29552ea000-7f295700d000 rw-p 00000000 00:00 0 
7f295700d000-7f29571e7000 r--s 03d6b000 08:01 7088716                    /usr/lib/jvm/java-8-oracle/jre/lib/rt.jar
7f29571e7000-7f2957667000 rw-p 00000000 00:00 0 
7f2957667000-7f29579e7000 ---p 00000000 00:00 0 
7f29579e7000-7f2957dc5000 rw-p 00000000 00:00 0 
7f2957dc5000-7f2957dc6000 ---p 00000000 00:00 0 
7f2957dc6000-7f2957ec6000 rw-p 00000000 00:00 0 
7f2957ec6000-7f2957ec7000 ---p 00000000 00:00 0 
7f2957ec7000-7f2957fc7000 rw-p 00000000 00:00 0 
7f2957fc7000-7f2957fc8000 ---p 00000000 00:00 0 
7f2957fc8000-7f29580c8000 rw-p 00000000 00:00 0 
7f29580c8000-7f29580c9000 ---p 00000000 00:00 0 
7f29580c9000-7f29581c9000 rw-p 00000000 00:00 0 
7f29581c9000-7f29581ca000 ---p 00000000 00:00 0 
7f29581ca000-7f29582ca000 rw-p 00000000 00:00 0 
7f29582ca000-7f29582cb000 ---p 00000000 00:00 0 
7f29582cb000-7f29583cb000 rw-p 00000000 00:00 0 
7f29583cb000-7f29583cc000 ---p 00000000 00:00 0 
7f29583cc000-7f29584cc000 rw-p 00000000 00:00 0 
7f29584cc000-7f29584cd000 ---p 00000000 00:00 0 
7f29584cd000-7f29585f7000 rw-p 00000000 00:00 0 
7f29585f7000-7f2958861000 ---p 00000000 00:00 0 
7f2958861000-7f295888b000 rw-p 00000000 00:00 0 
7f295888b000-7f2958af5000 ---p 00000000 00:00 0 
7f2958af5000-7f2958b0a000 rw-p 00000000 00:00 0 
7f2958b0a000-7f2958c3f000 ---p 00000000 00:00 0 
7f2958c3f000-7f2958c4a000 rw-p 00000000 00:00 0 
7f2958c4a000-7f2959000000 ---p 00000000 00:00 0 
7f2959000000-7f2959270000 rwxp 00000000 00:00 0 
7f2959270000-7f2968000000 ---p 00000000 00:00 0 
7f2968000000-7f29683ec000 rw-p 00000000 00:00 0 
7f29683ec000-7f296c000000 ---p 00000000 00:00 0 
7f296c016000-7f296c0db000 rw-p 00000000 00:00 0 
7f296c0db000-7f296c0f6000 r-xp 00000000 08:01 7210527                    /usr/lib/jvm/java-8-oracle/jre/lib/amd64/libzip.so
7f296c0f6000-7f296c2f6000 ---p 0001b000 08:01 7210527                    /usr/lib/jvm/java-8-oracle/jre/lib/amd64/libzip.so
7f296c2f6000-7f296c2f7000 rw-p 0001b000 08:01 7210527                    /usr/lib/jvm/java-8-oracle/jre/lib/amd64/libzip.so
7f296c2f7000-7f296c302000 r-xp 00000000 08:01 4592366                    /lib/x86_64-linux-gnu/libnss_files-2.27.so
7f296c302000-7f296c501000 ---p 0000b000 08:01 4592366                    /lib/x86_64-linux-gnu/libnss_files-2.27.so
7f296c501000-7f296c502000 r--p 0000a000 08:01 4592366                    /lib/x86_64-linux-gnu/libnss_files-2.27.so
7f296c502000-7f296c503000 rw-p 0000b000 08:01 4592366                    /lib/x86_64-linux-gnu/libnss_files-2.27.so
7f296c503000-7f296c509000 rw-p 00000000 00:00 0 
7f296c509000-7f296c520000 r-xp 00000000 08:01 4592360                    /lib/x86_64-linux-gnu/libnsl-2.27.so
7f296c520000-7f296c71f000 ---p 00017000 08:01 4592360                    /lib/x86_64-linux-gnu/libnsl-2.27.so
7f296c71f000-7f296c720000 r--p 00016000 08:01 4592360                    /lib/x86_64-linux-gnu/libnsl-2.27.so
7f296c720000-7f296c721000 rw-p 00017000 08:01 4592360                    /lib/x86_64-linux-gnu/libnsl-2.27.so
7f296c721000-7f296c723000 rw-p 00000000 00:00 0 
7f296c723000-7f296c72e000 r-xp 00000000 08:01 4592377                    /lib/x86_64-linux-gnu/libnss_nis-2.27.so
7f296c72e000-7f296c92d000 ---p 0000b000 08:01 4592377                    /lib/x86_64-linux-gnu/libnss_nis-2.27.so
7f296c92d000-7f296c92e000 r--p 0000a000 08:01 4592377                    /lib/x86_64-linux-gnu/libnss_nis-2.27.so
7f296c92e000-7f296c92f000 rw-p 0000b000 08:01 4592377                    /lib/x86_64-linux-gnu/libnss_nis-2.27.so
7f296c92f000-7f296c937000 r-xp 00000000 08:01 4592362                    /lib/x86_64-linux-gnu/libnss_compat-2.27.so
7f296c937000-7f296cb37000 ---p 00008000 08:01 4592362                    /lib/x86_64-linux-gnu/libnss_compat-2.27.so
7f296cb37000-7f296cb38000 r--p 00008000 08:01 4592362                    /lib/x86_64-linux-gnu/libnss_compat-2.27.so
7f296cb38000-7f296cb39000 rw-p 00009000 08:01 4592362                    /lib/x86_64-linux-gnu/libnss_compat-2.27.so
7f296cb39000-7f296cb64000 r-xp 00000000 08:01 7210521                    /usr/lib/jvm/java-8-oracle/jre/lib/amd64/libjava.so
7f296cb64000-7f296cd63000 ---p 0002b000 08:01 7210521                    /usr/lib/jvm/java-8-oracle/jre/lib/amd64/libjava.so
7f296cd63000-7f296cd65000 rw-p 0002a000 08:01 7210521                    /usr/lib/jvm/java-8-oracle/jre/lib/amd64/libjava.so
7f296cd65000-7f296cd72000 r-xp 00000000 08:01 7210526                    /usr/lib/jvm/java-8-oracle/jre/lib/amd64/libverify.so
7f296cd72000-7f296cf72000 ---p 0000d000 08:01 7210526                    /usr/lib/jvm/java-8-oracle/jre/lib/amd64/libverify.so
7f296cf72000-7f296cf74000 rw-p 0000d000 08:01 7210526                    /usr/lib/jvm/java-8-oracle/jre/lib/amd64/libverify.so
7f296cf74000-7f296cf7b000 r-xp 00000000 08:01 4592417                    /lib/x86_64-linux-gnu/librt-2.27.so
7f296cf7b000-7f296d17a000 ---p 00007000 08:01 4592417                    /lib/x86_64-linux-gnu/librt-2.27.so
7f296d17a000-7f296d17b000 r--p 00006000 08:01 4592417                    /lib/x86_64-linux-gnu/librt-2.27.so
7f296d17b000-7f296d17c000 rw-p 00007000 08:01 4592417                    /lib/x86_64-linux-gnu/librt-2.27.so
7f296d17c000-7f296d319000 r-xp 00000000 08:01 4592339                    /lib/x86_64-linux-gnu/libm-2.27.so
7f296d319000-7f296d518000 ---p 0019d000 08:01 4592339                    /lib/x86_64-linux-gnu/libm-2.27.so
7f296d518000-7f296d519000 r--p 0019c000 08:01 4592339                    /lib/x86_64-linux-gnu/libm-2.27.so
7f296d519000-7f296d51a000 rw-p 0019d000 08:01 4592339                    /lib/x86_64-linux-gnu/libm-2.27.so
7f296d51a000-7f296e1f6000 r-xp 00000000 08:01 7210503                    /usr/lib/jvm/java-8-oracle/jre/lib/amd64/server/libjvm.so
7f296e1f6000-7f296e3f6000 ---p 00cdc000 08:01 7210503                    /usr/lib/jvm/java-8-oracle/jre/lib/amd64/server/libjvm.so
7f296e3f6000-7f296e4d0000 rw-p 00cdc000 08:01 7210503                    /usr/lib/jvm/java-8-oracle/jre/lib/amd64/server/libjvm.so
7f296e4d0000-7f296e51b000 rw-p 00000000 00:00 0 
7f296e51b000-7f296e702000 r-xp 00000000 08:01 4592276                    /lib/x86_64-linux-gnu/libc-2.27.so
7f296e702000-7f296e902000 ---p 001e7000 08:01 4592276                    /lib/x86_64-linux-gnu/libc-2.27.so
7f296e902000-7f296e906000 r--p 001e7000 08:01 4592276                    /lib/x86_64-linux-gnu/libc-2.27.so
7f296e906000-7f296e908000 rw-p 001eb000 08:01 4592276                    /lib/x86_64-linux-gnu/libc-2.27.so
7f296e908000-7f296e90c000 rw-p 00000000 00:00 0 
7f296e90c000-7f296e90f000 r-xp 00000000 08:01 4592299                    /lib/x86_64-linux-gnu/libdl-2.27.so
7f296e90f000-7f296eb0e000 ---p 00003000 08:01 4592299                    /lib/x86_64-linux-gnu/libdl-2.27.so
7f296eb0e000-7f296eb0f000 r--p 00002000 08:01 4592299                    /lib/x86_64-linux-gnu/libdl-2.27.so
7f296eb0f000-7f296eb10000 rw-p 00003000 08:01 4592299                    /lib/x86_64-linux-gnu/libdl-2.27.so
7f296eb10000-7f296eb26000 r-xp 00000000 08:01 7088578                    /usr/lib/jvm/java-8-oracle/lib/amd64/jli/libjli.so
7f296eb26000-7f296ed25000 ---p 00016000 08:01 7088578                    /usr/lib/jvm/java-8-oracle/lib/amd64/jli/libjli.so
7f296ed25000-7f296ed26000 rw-p 00015000 08:01 7088578                    /usr/lib/jvm/java-8-oracle/lib/amd64/jli/libjli.so
7f296ed26000-7f296ed40000 r-xp 00000000 08:01 4592409                    /lib/x86_64-linux-gnu/libpthread-2.27.so
7f296ed40000-7f296ef3f000 ---p 0001a000 08:01 4592409                    /lib/x86_64-linux-gnu/libpthread-2.27.so
7f296ef3f000-7f296ef40000 r--p 00019000 08:01 4592409                    /lib/x86_64-linux-gnu/libpthread-2.27.so
7f296ef40000-7f296ef41000 rw-p 0001a000 08:01 4592409                    /lib/x86_64-linux-gnu/libpthread-2.27.so
7f296ef41000-7f296ef45000 rw-p 00000000 00:00 0 
7f296ef45000-7f296ef6c000 r-xp 00000000 08:01 4592248                    /lib/x86_64-linux-gnu/ld-2.27.so
7f296ef84000-7f296f028000 rw-p 00000000 00:00 0 
7f296f028000-7f296f029000 ---p 00000000 00:00 0 
7f296f029000-7f296f02c000 ---p 00000000 00:00 0 
7f296f02c000-7f296f12d000 rw-p 00000000 00:00 0 
7f296f135000-7f296f139000 r--s 00036000 08:21 34214730                   /home/keks/.m2/repository/mae/libmae/0.11.0/libmae-0.11.0.jar
7f296f139000-7f296f13b000 r--s 00000000 08:21 34865641                   /home/keks/.m2/repository/mae/maejavawrapper/0.11.0/maejavawrapper-0.11.0.jar
7f296f13b000-7f296f162000 rw-p 00000000 00:00 0 
7f296f162000-7f296f16a000 rw-s 00000000 08:01 7212332                    /tmp/hsperfdata_keks/3626
7f296f16a000-7f296f16b000 rw-p 00000000 00:00 0 
7f296f16b000-7f296f16c000 r--p 00000000 00:00 0 
7f296f16c000-7f296f16d000 r--p 00027000 08:01 4592248                    /lib/x86_64-linux-gnu/ld-2.27.so
7f296f16d000-7f296f16e000 rw-p 00028000 08:01 4592248                    /lib/x86_64-linux-gnu/ld-2.27.so
7f296f16e000-7f296f16f000 rw-p 00000000 00:00 0 
7ffdbbac9000-7ffdbbaeb000 rw-p 00000000 00:00 0                          [stack]
7ffdbbb07000-7ffdbbb0a000 r--p 00000000 00:00 0                          [vvar]
7ffdbbb0a000-7ffdbbb0c000 r-xp 00000000 00:00 0                          [vdso]
ffffffffff600000-ffffffffff601000 r-xp 00000000 00:00 0                  [vsyscall]

VM Arguments:
jvm_args: -Djava.library.path=/usr/lib/jni/:/usr/lib/:/usr/lib64/jni/:/usr/lib64/:/usr/local/lib/jni/:/usr/local/lib//usr/local/lib64/jni/:/usr/local/lib64/ -Dfile.encoding=UTF-8 -Duser.country=DE -Duser.language=de -Duser.variant 
java_command: minimallibmaejava.MinimalLibmaeJava
java_class_path (initial): /home/keks/workspaces/git/MAE/samples/minimal-libmae-java/build/classes/java/main:/home/keks/workspaces/git/MAE/samples/minimal-libmae-java/build/resources/main:/home/keks/.m2/repository/mae/maejavawrapper/0.11.0/maejavawrapper-0.11.0.jar:/home/keks/.m2/repository/mae/libmae/0.11.0/libmae-0.11.0.jar
Launcher Type: SUN_STANDARD

Environment Variables:
JAVA_HOME=/usr/lib/jvm/java-8-oracle
PATH=/usr/local/sbin:/usr/local/bin:/usr/sbin:/usr/bin:/sbin:/bin:/usr/games:/usr/local/games:/snap/bin:/usr/lib/jvm/java-8-oracle/bin:/usr/lib/jvm/java-8-oracle/db/bin:/usr/lib/jvm/java-8-oracle/jre/bin
USERNAME=keks
SHELL=/usr/bin/zsh
DISPLAY=:1

Signal Handlers:
SIGSEGV: [libjvm.so+0xad2a40], sa_mask[0]=11111111011111111101111111111110, sa_flags=SA_RESTART|SA_SIGINFO
SIGBUS: [libjvm.so+0xad2a40], sa_mask[0]=11111111011111111101111111111110, sa_flags=SA_RESTART|SA_SIGINFO
SIGFPE: [libjvm.so+0x92a610], sa_mask[0]=11111111011111111101111111111110, sa_flags=SA_RESTART|SA_SIGINFO
SIGPIPE: [libjvm.so+0x92a610], sa_mask[0]=11111111011111111101111111111110, sa_flags=SA_RESTART|SA_SIGINFO
SIGXFSZ: [libjvm.so+0x92a610], sa_mask[0]=11111111011111111101111111111110, sa_flags=SA_RESTART|SA_SIGINFO
SIGILL: [libjvm.so+0x92a610], sa_mask[0]=11111111011111111101111111111110, sa_flags=SA_RESTART|SA_SIGINFO
SIGUSR1: SIG_DFL, sa_mask[0]=00000000000000000000000000000000, sa_flags=none
SIGUSR2: [libjvm.so+0x92be70], sa_mask[0]=00100000000000000000000000000000, sa_flags=SA_RESTART|SA_SIGINFO
SIGHUP: [libjvm.so+0x92d270], sa_mask[0]=11111111011111111101111111111110, sa_flags=SA_RESTART|SA_SIGINFO
SIGINT: [libjvm.so+0x92d270], sa_mask[0]=11111111011111111101111111111110, sa_flags=SA_RESTART|SA_SIGINFO
SIGTERM: [libjvm.so+0x92d270], sa_mask[0]=11111111011111111101111111111110, sa_flags=SA_RESTART|SA_SIGINFO
SIGQUIT: [libjvm.so+0x92d270], sa_mask[0]=11111111011111111101111111111110, sa_flags=SA_RESTART|SA_SIGINFO


---------------  S Y S T E M  ---------------

OS:DISTRIB_ID=Ubuntu
DISTRIB_RELEASE=18.04
DISTRIB_CODENAME=bionic
DISTRIB_DESCRIPTION="Ubuntu 18.04.1 LTS"

uname:Linux 4.15.0-30-generic #32-Ubuntu SMP Thu Jul 26 17:42:43 UTC 2018 x86_64
libc:glibc 2.27 NPTL 2.27 
rlimit: STACK 8192k, CORE 0k, NPROC 31377, NOFILE 1048576, AS infinity
load average:0,97 1,06 1,15

/proc/meminfo:
MemTotal:        8103524 kB
MemFree:          698444 kB
MemAvailable:    1627576 kB
Buffers:          231064 kB
Cached:           931312 kB
SwapCached:       203568 kB
Active:          5515180 kB
Inactive:        1187984 kB
Active(anon):    4814956 kB
Inactive(anon):   824512 kB
Active(file):     700224 kB
Inactive(file):   363472 kB
Unevictable:         160 kB
Mlocked:             160 kB
SwapTotal:      15822844 kB
SwapFree:       13347836 kB
Dirty:             13560 kB
Writeback:             0 kB
AnonPages:       5509392 kB
Mapped:           529664 kB
Shmem:             98640 kB
Slab:             340516 kB
SReclaimable:     169156 kB
SUnreclaim:       171360 kB
KernelStack:       22432 kB
PageTables:        98584 kB
NFS_Unstable:          0 kB
Bounce:                0 kB
WritebackTmp:          0 kB
CommitLimit:    19874604 kB
Committed_AS:   39838216 kB
VmallocTotal:   34359738367 kB
VmallocUsed:           0 kB
VmallocChunk:          0 kB
HardwareCorrupted:     0 kB
AnonHugePages:         0 kB
ShmemHugePages:        0 kB
ShmemPmdMapped:        0 kB
CmaTotal:              0 kB
CmaFree:               0 kB
HugePages_Total:       0
HugePages_Free:        0
HugePages_Rsvd:        0
HugePages_Surp:        0
Hugepagesize:       2048 kB
DirectMap4k:      609528 kB
DirectMap2M:     7714816 kB


CPU:total 8 (initial active 8) (4 cores per cpu, 2 threads per core) family 6 model 58 stepping 9, cmov, cx8, fxsr, mmx, sse, sse2, sse3, ssse3, sse4.1, sse4.2, popcnt, avx, aes, clmul, erms, ht, tsc, tscinvbit, tscinv

/proc/cpuinfo:
processor	: 0
vendor_id	: GenuineIntel
cpu family	: 6
model		: 58
model name	: Intel(R) Core(TM) i7-3770 CPU @ 3.40GHz
stepping	: 9
microcode	: 0x1f
cpu MHz		: 2445.947
cache size	: 8192 KB
physical id	: 0
siblings	: 8
core id		: 0
cpu cores	: 4
apicid		: 0
initial apicid	: 0
fpu		: yes
fpu_exception	: yes
cpuid level	: 13
wp		: yes
flags		: fpu vme de pse tsc msr pae mce cx8 apic sep mtrr pge mca cmov pat pse36 clflush dts acpi mmx fxsr sse sse2 ss ht tm pbe syscall nx rdtscp lm constant_tsc arch_perfmon pebs bts rep_good nopl xtopology nonstop_tsc cpuid aperfmperf pni pclmulqdq dtes64 monitor ds_cpl vmx smx est tm2 ssse3 cx16 xtpr pdcm pcid sse4_1 sse4_2 x2apic popcnt tsc_deadline_timer aes xsave avx f16c rdrand lahf_lm cpuid_fault epb pti ibrs ibpb stibp tpr_shadow vnmi flexpriority ept vpid fsgsbase smep erms xsaveopt dtherm ida arat pln pts
bugs		: cpu_meltdown spectre_v1 spectre_v2 spec_store_bypass
bogomips	: 6819.83
clflush size	: 64
cache_alignment	: 64
address sizes	: 36 bits physical, 48 bits virtual
power management:

processor	: 1
vendor_id	: GenuineIntel
cpu family	: 6
model		: 58
model name	: Intel(R) Core(TM) i7-3770 CPU @ 3.40GHz
stepping	: 9
microcode	: 0x1f
cpu MHz		: 2964.278
cache size	: 8192 KB
physical id	: 0
siblings	: 8
core id		: 1
cpu cores	: 4
apicid		: 2
initial apicid	: 2
fpu		: yes
fpu_exception	: yes
cpuid level	: 13
wp		: yes
flags		: fpu vme de pse tsc msr pae mce cx8 apic sep mtrr pge mca cmov pat pse36 clflush dts acpi mmx fxsr sse sse2 ss ht tm pbe syscall nx rdtscp lm constant_tsc arch_perfmon pebs bts rep_good nopl xtopology nonstop_tsc cpuid aperfmperf pni pclmulqdq dtes64 monitor ds_cpl vmx smx est tm2 ssse3 cx16 xtpr pdcm pcid sse4_1 sse4_2 x2apic popcnt tsc_deadline_timer aes xsave avx f16c rdrand lahf_lm cpuid_fault epb pti ibrs ibpb stibp tpr_shadow vnmi flexpriority ept vpid fsgsbase smep erms xsaveopt dtherm ida arat pln pts
bugs		: cpu_meltdown spectre_v1 spectre_v2 spec_store_bypass
bogomips	: 6819.83
clflush size	: 64
cache_alignment	: 64
address sizes	: 36 bits physical, 48 bits virtual
power management:

processor	: 2
vendor_id	: GenuineIntel
cpu family	: 6
model		: 58
model name	: Intel(R) Core(TM) i7-3770 CPU @ 3.40GHz
stepping	: 9
microcode	: 0x1f
cpu MHz		: 1836.392
cache size	: 8192 KB
physical id	: 0
siblings	: 8
core id		: 2
cpu cores	: 4
apicid		: 4
initial apicid	: 4
fpu		: yes
fpu_exception	: yes
cpuid level	: 13
wp		: yes
flags		: fpu vme de pse tsc msr pae mce cx8 apic sep mtrr pge mca cmov pat pse36 clflush dts acpi mmx fxsr sse sse2 ss ht tm pbe syscall nx rdtscp lm constant_tsc arch_perfmon pebs bts rep_good nopl xtopology nonstop_tsc cpuid aperfmperf pni pclmulqdq dtes64 monitor ds_cpl vmx smx est tm2 ssse3 cx16 xtpr pdcm pcid sse4_1 sse4_2 x2apic popcnt tsc_deadline_timer aes xsave avx f16c rdrand lahf_lm cpuid_fault epb pti ibrs ibpb stibp tpr_shadow vnmi flexpriority ept vpid fsgsbase smep erms xsaveopt dtherm ida arat pln pts
bugs		: cpu_meltdown spectre_v1 spectre_v2 spec_store_bypass
bogomips	: 6819.83
clflush size	: 64
cache_alignment	: 64
address sizes	: 36 bits physical, 48 bits virtual
power management:

processor	: 3
vendor_id	: GenuineIntel
cpu family	: 6
model		: 58
model name	: Intel(R) Core(TM) i7-3770 CPU @ 3.40GHz
stepping	: 9
microcode	: 0x1f
cpu MHz		: 2300.403
cache size	: 8192 KB
physical id	: 0
siblings	: 8
core id		: 3
cpu cores	: 4
apicid		: 6
initial apicid	: 6
fpu		: yes
fpu_exception	: yes
cpuid level	: 13
wp		: yes
flags		: fpu vme de pse tsc msr pae mce cx8 apic sep mtrr pge mca cmov pat pse36 clflush dts acpi mmx fxsr sse sse2 ss ht tm pbe syscall nx rdtscp lm constant_tsc arch_perfmon pebs bts rep_good nopl xtopology nonstop_tsc cpuid aperfmperf pni pclmulqdq dtes64 monitor ds_cpl vmx smx est tm2 ssse3 cx16 xtpr pdcm pcid sse4_1 sse4_2 x2apic popcnt tsc_deadline_timer aes xsave avx f16c rdrand lahf_lm cpuid_fault epb pti ibrs ibpb stibp tpr_shadow vnmi flexpriority ept vpid fsgsbase smep erms xsaveopt dtherm ida arat pln pts
bugs		: cpu_meltdown spectre_v1 spectre_v2 spec_store_bypass
bogomips	: 6819.83
clflush size	: 64
cache_alignment	: 64
address sizes	: 36 bits physical, 48 bits virtual
power management:

processor	: 4
vendor_id	: GenuineIntel
cpu family	: 6
model		: 58
model name	: Intel(R) Core(TM) i7-3770 CPU @ 3.40GHz
stepping	: 9
microcode	: 0x1f
cpu MHz		: 2310.747
cache size	: 8192 KB
physical id	: 0
siblings	: 8
core id		: 0
cpu cores	: 4
apicid		: 1
initial apicid	: 1
fpu		: yes
fpu_exception	: yes
cpuid level	: 13
wp		: yes
flags		: fpu vme de pse tsc msr pae mce cx8 apic sep mtrr pge mca cmov pat pse36 clflush dts acpi mmx fxsr sse sse2 ss ht tm pbe syscall nx rdtscp lm constant_tsc arch_perfmon pebs bts rep_good nopl xtopology nonstop_tsc cpuid aperfmperf pni pclmulqdq dtes64 monitor ds_cpl vmx smx est tm2 ssse3 cx16 xtpr pdcm pcid sse4_1 sse4_2 x2apic popcnt tsc_deadline_timer aes xsave avx f16c rdrand lahf_lm cpuid_fault epb pti ibrs ibpb stibp tpr_shadow vnmi flexpriority ept vpid fsgsbase smep erms xsaveopt dtherm ida arat pln pts
bugs		: cpu_meltdown spectre_v1 spectre_v2 spec_store_bypass
bogomips	: 6819.83
clflush size	: 64
cache_alignment	: 64
address sizes	: 36 bits physical, 48 bits virtual
power management:

processor	: 5
vendor_id	: GenuineIntel
cpu family	: 6
model		: 58
model name	: Intel(R) Core(TM) i7-3770 CPU @ 3.40GHz
stepping	: 9
microcode	: 0x1f
cpu MHz		: 2186.487
cache size	: 8192 KB
physical id	: 0
siblings	: 8
core id		: 1
cpu cores	: 4
apicid		: 3
initial apicid	: 3
fpu		: yes
fpu_exception	: yes
cpuid level	: 13
wp		: yes
flags		: fpu vme de pse tsc msr pae mce cx8 apic sep mtrr pge mca cmov pat pse36 clflush dts acpi mmx fxsr sse sse2 ss ht tm pbe syscall nx rdtscp lm constant_tsc arch_perfmon pebs bts rep_good nopl xtopology nonstop_tsc cpuid aperfmperf pni pclmulqdq dtes64 monitor ds_cpl vmx smx est tm2 ssse3 cx16 xtpr pdcm pcid sse4_1 sse4_2 x2apic popcnt tsc_deadline_timer aes xsave avx f16c rdrand lahf_lm cpuid_fault epb pti ibrs ibpb stibp tpr_shadow vnmi flexpriority ept vpid fsgsbase smep erms xsaveopt dtherm ida arat pln pts
bugs		: cpu_meltdown spectre_v1 spectre_v2 spec_store_bypass
bogomips	: 6819.83
clflush size	: 64
cache_alignment	: 64
address sizes	: 36 bits physical, 48 bits virtual
power management:

processor	: 6
vendor_id	: GenuineIntel
cpu family	: 6
model		: 58
model name	: Intel(R) Core(TM) i7-3770 CPU @ 3.40GHz
stepping	: 9
microcode	: 0x1f
cpu MHz		: 2877.092
cache size	: 8192 KB
physical id	: 0
siblings	: 8
core id		: 2
cpu cores	: 4
apicid		: 5
initial apicid	: 5
fpu		: yes
fpu_exception	: yes
cpuid level	: 13
wp		: yes
flags		: fpu vme de pse tsc msr pae mce cx8 apic sep mtrr pge mca cmov pat pse36 clflush dts acpi mmx fxsr sse sse2 ss ht tm pbe syscall nx rdtscp lm constant_tsc arch_perfmon pebs bts rep_good nopl xtopology nonstop_tsc cpuid aperfmperf pni pclmulqdq dtes64 monitor ds_cpl vmx smx est tm2 ssse3 cx16 xtpr pdcm pcid sse4_1 sse4_2 x2apic popcnt tsc_deadline_timer aes xsave avx f16c rdrand lahf_lm cpuid_fault epb pti ibrs ibpb stibp tpr_shadow vnmi flexpriority ept vpid fsgsbase smep erms xsaveopt dtherm ida arat pln pts
bugs		: cpu_meltdown spectre_v1 spectre_v2 spec_store_bypass
bogomips	: 6819.83
clflush size	: 64
cache_alignment	: 64
address sizes	: 36 bits physical, 48 bits virtual
power management:

processor	: 7
vendor_id	: GenuineIntel
cpu family	: 6
model		: 58
model name	: Intel(R) Core(TM) i7-3770 CPU @ 3.40GHz
stepping	: 9
microcode	: 0x1f
cpu MHz		: 1795.027
cache size	: 8192 KB
physical id	: 0
siblings	: 8
core id		: 3
cpu cores	: 4
apicid		: 7
initial apicid	: 7
fpu		: yes
fpu_exception	: yes
cpuid level	: 13
wp		: yes
flags		: fpu vme de pse tsc msr pae mce cx8 apic sep mtrr pge mca cmov pat pse36 clflush dts acpi mmx fxsr sse sse2 ss ht tm pbe syscall nx rdtscp lm constant_tsc arch_perfmon pebs bts rep_good nopl xtopology nonstop_tsc cpuid aperfmperf pni pclmulqdq dtes64 monitor ds_cpl vmx smx est tm2 ssse3 cx16 xtpr pdcm pcid sse4_1 sse4_2 x2apic popcnt tsc_deadline_timer aes xsave avx f16c rdrand lahf_lm cpuid_fault epb pti ibrs ibpb stibp tpr_shadow vnmi flexpriority ept vpid fsgsbase smep erms xsaveopt dtherm ida arat pln pts
bugs		: cpu_meltdown spectre_v1 spectre_v2 spec_store_bypass
bogomips	: 6819.83
clflush size	: 64
cache_alignment	: 64
address sizes	: 36 bits physical, 48 bits virtual
power management:



Memory: 4k page, physical 8103524k(698444k free), swap 15822844k(13347836k free)

vm_info: Java HotSpot(TM) 64-Bit Server VM (25.181-b13) for linux-amd64 JRE (1.8.0_181-b13), built on Jul  7 2018 00:56:38 by "java_re" with gcc 4.3.0 20080428 (Red Hat 4.3.0-8)

time: Thu Aug  9 22:48:29 2018
elapsed time: 0 seconds (0d 0h 0m 0s)

