This file contains any messages produced by compilers while
running configure, to aid debugging if configure makes a mistake.

It was created by libmae-demo configure 0.9.0, which was
generated by GNU Autoconf 2.69.  Invocation command line was

  $ ./configure 

## --------- ##
## Platform. ##
## --------- ##

hostname = moonlight
uname -m = x86_64
uname -r = 4.8.0-37-generic
uname -s = Linux
uname -v = #39-Ubuntu SMP Thu Jan 26 02:27:07 UTC 2017

/usr/bin/uname -p = unknown
/bin/uname -X     = unknown

/bin/arch              = unknown
/usr/bin/arch -k       = unknown
/usr/convex/getsysinfo = unknown
/usr/bin/hostinfo      = unknown
/bin/machine           = unknown
/usr/bin/oslevel       = unknown
/bin/universe          = unknown

PATH: /usr/local/sbin
PATH: /usr/local/bin
PATH: /usr/sbin
PATH: /usr/bin
PATH: /sbin
PATH: /bin
PATH: /usr/games
PATH: /usr/local/games


## ----------- ##
## Core tests. ##
## ----------- ##

configure:2351: checking for a BSD-compatible install
configure:2419: result: /usr/bin/install -c
configure:2430: checking whether build environment is sane
configure:2485: result: yes
configure:2636: checking for a thread-safe mkdir -p
configure:2675: result: /bin/mkdir -p
configure:2682: checking for gawk
configure:2698: found /usr/bin/gawk
configure:2709: result: gawk
configure:2720: checking whether make sets $(MAKE)
configure:2742: result: yes
configure:2771: checking whether make supports nested variables
configure:2788: result: yes
configure:2973: checking for pkg-config
configure:2991: found /usr/bin/pkg-config
configure:3003: result: /usr/bin/pkg-config
configure:3028: checking pkg-config is at least version 0.9.0
configure:3031: result: yes
configure:3041: checking for LIBMAE
configure:3048: $PKG_CONFIG --exists --print-errors "libmae >= 0.9.0"
configure:3051: $? = 0
configure:3065: $PKG_CONFIG --exists --print-errors "libmae >= 0.9.0"
configure:3068: $? = 0
configure:3126: result: yes
configure:3135: checking for SDL
configure:3142: $PKG_CONFIG --exists --print-errors "sdl2 >= 2.0.2"
configure:3145: $? = 0
configure:3159: $PKG_CONFIG --exists --print-errors "sdl2 >= 2.0.2"
configure:3162: $? = 0
configure:3220: result: yes
configure:3229: checking for SDLIMAGE
configure:3236: $PKG_CONFIG --exists --print-errors "SDL2_image"
configure:3239: $? = 0
configure:3253: $PKG_CONFIG --exists --print-errors "SDL2_image"
configure:3256: $? = 0
configure:3314: result: yes
configure:3323: checking for SDLTTF
configure:3330: $PKG_CONFIG --exists --print-errors "SDL2_ttf"
configure:3333: $? = 0
configure:3347: $PKG_CONFIG --exists --print-errors "SDL2_ttf"
configure:3350: $? = 0
configure:3408: result: yes
configure:3474: checking for g++
configure:3490: found /usr/bin/g++
configure:3501: result: g++
configure:3528: checking for C++ compiler version
configure:3537: g++ --version >&5
g++ (Ubuntu 6.2.0-5ubuntu12) 6.2.0 20161005
Copyright (C) 2016 Free Software Foundation, Inc.
This is free software; see the source for copying conditions.  There is NO
warranty; not even for MERCHANTABILITY or FITNESS FOR A PARTICULAR PURPOSE.

configure:3548: $? = 0
configure:3537: g++ -v >&5
Using built-in specs.
COLLECT_GCC=g++
COLLECT_LTO_WRAPPER=/usr/lib/gcc/x86_64-linux-gnu/6/lto-wrapper
Target: x86_64-linux-gnu
Configured with: ../src/configure -v --with-pkgversion='Ubuntu 6.2.0-5ubuntu12' --with-bugurl=file:///usr/share/doc/gcc-6/README.Bugs --enable-languages=c,ada,c++,java,go,d,fortran,objc,obj-c++ --prefix=/usr --program-suffix=-6 --program-prefix=x86_64-linux-gnu- --enable-shared --enable-linker-build-id --libexecdir=/usr/lib --without-included-gettext --enable-threads=posix --libdir=/usr/lib --enable-nls --with-sysroot=/ --enable-clocale=gnu --enable-libstdcxx-debug --enable-libstdcxx-time=yes --with-default-libstdcxx-abi=new --enable-gnu-unique-object --disable-vtable-verify --enable-libmpx --enable-plugin --enable-default-pie --with-system-zlib --disable-browser-plugin --enable-java-awt=gtk --enable-gtk-cairo --with-java-home=/usr/lib/jvm/java-1.5.0-gcj-6-amd64/jre --enable-java-home --with-jvm-root-dir=/usr/lib/jvm/java-1.5.0-gcj-6-amd64 --with-jvm-jar-dir=/usr/lib/jvm-exports/java-1.5.0-gcj-6-amd64 --with-arch-directory=amd64 --with-ecj-jar=/usr/share/java/eclipse-ecj.jar --enable-objc-gc --enable-multiarch --disable-werror --with-arch-32=i686 --with-abi=m64 --with-multilib-list=m32,m64,mx32 --enable-multilib --with-tune=generic --enable-checking=release --build=x86_64-linux-gnu --host=x86_64-linux-gnu --target=x86_64-linux-gnu
Thread model: posix
gcc version 6.2.0 20161005 (Ubuntu 6.2.0-5ubuntu12) 
configure:3548: $? = 0
configure:3537: g++ -V >&5
g++: error: unrecognized command line option '-V'
g++: fatal error: no input files
compilation terminated.
configure:3548: $? = 1
configure:3537: g++ -qversion >&5
g++: error: unrecognized command line option '-qversion'; did you mean '--version'?
g++: fatal error: no input files
compilation terminated.
configure:3548: $? = 1
configure:3568: checking whether the C++ compiler works
configure:3590: g++    conftest.cpp  >&5
configure:3594: $? = 0
configure:3642: result: yes
configure:3645: checking for C++ compiler default output file name
configure:3647: result: a.out
configure:3653: checking for suffix of executables
configure:3660: g++ -o conftest    conftest.cpp  >&5
configure:3664: $? = 0
configure:3686: result: 
configure:3708: checking whether we are cross compiling
configure:3716: g++ -o conftest    conftest.cpp  >&5
configure:3720: $? = 0
configure:3727: ./conftest
configure:3731: $? = 0
configure:3746: result: no
configure:3751: checking for suffix of object files
configure:3773: g++ -c   conftest.cpp >&5
configure:3777: $? = 0
configure:3798: result: o
configure:3802: checking whether we are using the GNU C++ compiler
configure:3821: g++ -c   conftest.cpp >&5
configure:3821: $? = 0
configure:3830: result: yes
configure:3839: checking whether g++ accepts -g
configure:3859: g++ -c -g  conftest.cpp >&5
configure:3859: $? = 0
configure:3900: result: yes
configure:3934: checking for style of include used by make
configure:3962: result: GNU
configure:3988: checking dependency style of g++
configure:4099: result: gcc3
configure:4124: checking whether g++ supports C++11 features by default
configure:4418: g++ -c -g -O2  conftest.cpp >&5
configure:4418: $? = 0
configure:4425: result: yes
configure:4804: checking build system type
configure:4818: result: x86_64-pc-linux-gnu
configure:4838: checking host system type
configure:4851: result: x86_64-pc-linux-gnu
configure:4892: checking how to print strings
configure:4919: result: printf
configure:4988: checking for gcc
configure:5004: found /usr/bin/gcc
configure:5015: result: gcc
configure:5244: checking for C compiler version
configure:5253: gcc --version >&5
gcc (Ubuntu 6.2.0-5ubuntu12) 6.2.0 20161005
Copyright (C) 2016 Free Software Foundation, Inc.
This is free software; see the source for copying conditions.  There is NO
warranty; not even for MERCHANTABILITY or FITNESS FOR A PARTICULAR PURPOSE.

configure:5264: $? = 0
configure:5253: gcc -v >&5
Using built-in specs.
COLLECT_GCC=gcc
COLLECT_LTO_WRAPPER=/usr/lib/gcc/x86_64-linux-gnu/6/lto-wrapper
Target: x86_64-linux-gnu
Configured with: ../src/configure -v --with-pkgversion='Ubuntu 6.2.0-5ubuntu12' --with-bugurl=file:///usr/share/doc/gcc-6/README.Bugs --enable-languages=c,ada,c++,java,go,d,fortran,objc,obj-c++ --prefix=/usr --program-suffix=-6 --program-prefix=x86_64-linux-gnu- --enable-shared --enable-linker-build-id --libexecdir=/usr/lib --without-included-gettext --enable-threads=posix --libdir=/usr/lib --enable-nls --with-sysroot=/ --enable-clocale=gnu --enable-libstdcxx-debug --enable-libstdcxx-time=yes --with-default-libstdcxx-abi=new --enable-gnu-unique-object --disable-vtable-verify --enable-libmpx --enable-plugin --enable-default-pie --with-system-zlib --disable-browser-plugin --enable-java-awt=gtk --enable-gtk-cairo --with-java-home=/usr/lib/jvm/java-1.5.0-gcj-6-amd64/jre --enable-java-home --with-jvm-root-dir=/usr/lib/jvm/java-1.5.0-gcj-6-amd64 --with-jvm-jar-dir=/usr/lib/jvm-exports/java-1.5.0-gcj-6-amd64 --with-arch-directory=amd64 --with-ecj-jar=/usr/share/java/eclipse-ecj.jar --enable-objc-gc --enable-multiarch --disable-werror --with-arch-32=i686 --with-abi=m64 --with-multilib-list=m32,m64,mx32 --enable-multilib --with-tune=generic --enable-checking=release --build=x86_64-linux-gnu --host=x86_64-linux-gnu --target=x86_64-linux-gnu
Thread model: posix
gcc version 6.2.0 20161005 (Ubuntu 6.2.0-5ubuntu12) 
configure:5264: $? = 0
configure:5253: gcc -V >&5
gcc: error: unrecognized command line option '-V'
gcc: fatal error: no input files
compilation terminated.
configure:5264: $? = 1
configure:5253: gcc -qversion >&5
gcc: error: unrecognized command line option '-qversion'; did you mean '--version'?
gcc: fatal error: no input files
compilation terminated.
configure:5264: $? = 1
configure:5268: checking whether we are using the GNU C compiler
configure:5287: gcc -c   conftest.c >&5
configure:5287: $? = 0
configure:5296: result: yes
configure:5305: checking whether gcc accepts -g
configure:5325: gcc -c -g  conftest.c >&5
configure:5325: $? = 0
configure:5366: result: yes
configure:5383: checking for gcc option to accept ISO C89
configure:5446: gcc  -c -g -O2  conftest.c >&5
configure:5446: $? = 0
configure:5459: result: none needed
configure:5484: checking whether gcc understands -c and -o together
configure:5506: gcc -c conftest.c -o conftest2.o
configure:5509: $? = 0
configure:5506: gcc -c conftest.c -o conftest2.o
configure:5509: $? = 0
configure:5521: result: yes
configure:5540: checking dependency style of gcc
configure:5651: result: gcc3
configure:5666: checking for a sed that does not truncate output
configure:5730: result: /bin/sed
configure:5748: checking for grep that handles long lines and -e
configure:5806: result: /bin/grep
configure:5811: checking for egrep
configure:5873: result: /bin/grep -E
configure:5878: checking for fgrep
configure:5940: result: /bin/grep -F
configure:5975: checking for ld used by gcc
configure:6042: result: /usr/bin/ld
configure:6049: checking if the linker (/usr/bin/ld) is GNU ld
configure:6064: result: yes
configure:6076: checking for BSD- or MS-compatible name lister (nm)
configure:6130: result: /usr/bin/nm -B
configure:6260: checking the name lister (/usr/bin/nm -B) interface
configure:6267: gcc -c -g -O2  conftest.c >&5
configure:6270: /usr/bin/nm -B "conftest.o"
configure:6273: output
0000000000000000 B some_variable
configure:6280: result: BSD nm
configure:6283: checking whether ln -s works
configure:6287: result: yes
configure:6295: checking the maximum length of command line arguments
configure:6426: result: 1572864
configure:6474: checking how to convert x86_64-pc-linux-gnu file names to x86_64-pc-linux-gnu format
configure:6514: result: func_convert_file_noop
configure:6521: checking how to convert x86_64-pc-linux-gnu file names to toolchain format
configure:6541: result: func_convert_file_noop
configure:6548: checking for /usr/bin/ld option to reload object files
configure:6555: result: -r
configure:6629: checking for objdump
configure:6645: found /usr/bin/objdump
configure:6656: result: objdump
configure:6688: checking how to recognize dependent libraries
configure:6888: result: pass_all
configure:6973: checking for dlltool
configure:7003: result: no
configure:7033: checking how to associate runtime and link libraries
configure:7060: result: printf %s\n
configure:7121: checking for ar
configure:7137: found /usr/bin/ar
configure:7148: result: ar
configure:7185: checking for archiver @FILE support
configure:7202: gcc -c -g -O2  conftest.c >&5
configure:7202: $? = 0
configure:7205: ar cru libconftest.a @conftest.lst >&5
ar: `u' modifier ignored since `D' is the default (see `U')
configure:7208: $? = 0
configure:7213: ar cru libconftest.a @conftest.lst >&5
ar: `u' modifier ignored since `D' is the default (see `U')
ar: conftest.o: No such file or directory
configure:7216: $? = 1
configure:7228: result: @
configure:7286: checking for strip
configure:7302: found /usr/bin/strip
configure:7313: result: strip
configure:7385: checking for ranlib
configure:7401: found /usr/bin/ranlib
configure:7412: result: ranlib
configure:7514: checking command to parse /usr/bin/nm -B output from gcc object
configure:7667: gcc -c -g -O2  conftest.c >&5
configure:7670: $? = 0
configure:7674: /usr/bin/nm -B conftest.o \| sed -n -e 's/^.*[ ]\([ABCDGIRSTW][ABCDGIRSTW]*\)[ ][ ]*\([_A-Za-z][_A-Za-z0-9]*\)$/\1 \2 \2/p' | sed '/ __gnu_lto/d' \> conftest.nm
configure:7677: $? = 0
configure:7743: gcc -o conftest -g -O2   conftest.c conftstm.o >&5
configure:7746: $? = 0
configure:7784: result: ok
configure:7831: checking for sysroot
configure:7861: result: no
configure:7868: checking for a working dd
configure:7906: result: /bin/dd
configure:7910: checking how to truncate binary pipes
configure:7925: result: /bin/dd bs=4096 count=1
configure:8061: gcc -c -g -O2  conftest.c >&5
configure:8064: $? = 0
configure:8254: checking for mt
configure:8270: found /bin/mt
configure:8281: result: mt
configure:8304: checking if mt is a manifest tool
configure:8310: mt '-?'
configure:8318: result: no
configure:8995: checking how to run the C preprocessor
configure:9026: gcc -E  conftest.c
configure:9026: $? = 0
configure:9040: gcc -E  conftest.c
conftest.c:12:28: fatal error: ac_nonexistent.h: No such file or directory
 #include <ac_nonexistent.h>
                            ^
compilation terminated.
configure:9040: $? = 1
configure: failed program was:
| /* confdefs.h */
| #define PACKAGE_NAME "libmae-demo"
| #define PACKAGE_TARNAME "libmae-demo"
| #define PACKAGE_VERSION "0.9.0"
| #define PACKAGE_STRING "libmae-demo 0.9.0"
| #define PACKAGE_BUGREPORT ""
| #define PACKAGE_URL ""
| #define PACKAGE "libmae-demo"
| #define VERSION "0.9.0"
| #define HAVE_CXX11 1
| /* end confdefs.h.  */
| #include <ac_nonexistent.h>
configure:9065: result: gcc -E
configure:9085: gcc -E  conftest.c
configure:9085: $? = 0
configure:9099: gcc -E  conftest.c
conftest.c:12:28: fatal error: ac_nonexistent.h: No such file or directory
 #include <ac_nonexistent.h>
                            ^
compilation terminated.
configure:9099: $? = 1
configure: failed program was:
| /* confdefs.h */
| #define PACKAGE_NAME "libmae-demo"
| #define PACKAGE_TARNAME "libmae-demo"
| #define PACKAGE_VERSION "0.9.0"
| #define PACKAGE_STRING "libmae-demo 0.9.0"
| #define PACKAGE_BUGREPORT ""
| #define PACKAGE_URL ""
| #define PACKAGE "libmae-demo"
| #define VERSION "0.9.0"
| #define HAVE_CXX11 1
| /* end confdefs.h.  */
| #include <ac_nonexistent.h>
configure:9128: checking for ANSI C header files
configure:9148: gcc -c -g -O2  conftest.c >&5
configure:9148: $? = 0
configure:9221: gcc -o conftest -g -O2   conftest.c  >&5
configure:9221: $? = 0
configure:9221: ./conftest
configure:9221: $? = 0
configure:9232: result: yes
configure:9245: checking for sys/types.h
configure:9245: gcc -c -g -O2  conftest.c >&5
configure:9245: $? = 0
configure:9245: result: yes
configure:9245: checking for sys/stat.h
configure:9245: gcc -c -g -O2  conftest.c >&5
configure:9245: $? = 0
configure:9245: result: yes
configure:9245: checking for stdlib.h
configure:9245: gcc -c -g -O2  conftest.c >&5
configure:9245: $? = 0
configure:9245: result: yes
configure:9245: checking for string.h
configure:9245: gcc -c -g -O2  conftest.c >&5
configure:9245: $? = 0
configure:9245: result: yes
configure:9245: checking for memory.h
configure:9245: gcc -c -g -O2  conftest.c >&5
configure:9245: $? = 0
configure:9245: result: yes
configure:9245: checking for strings.h
configure:9245: gcc -c -g -O2  conftest.c >&5
configure:9245: $? = 0
configure:9245: result: yes
configure:9245: checking for inttypes.h
configure:9245: gcc -c -g -O2  conftest.c >&5
configure:9245: $? = 0
configure:9245: result: yes
configure:9245: checking for stdint.h
configure:9245: gcc -c -g -O2  conftest.c >&5
configure:9245: $? = 0
configure:9245: result: yes
configure:9245: checking for unistd.h
configure:9245: gcc -c -g -O2  conftest.c >&5
configure:9245: $? = 0
configure:9245: result: yes
configure:9259: checking for dlfcn.h
configure:9259: gcc -c -g -O2  conftest.c >&5
configure:9259: $? = 0
configure:9259: result: yes
configure:9525: checking for objdir
configure:9540: result: .libs
configure:9804: checking if gcc supports -fno-rtti -fno-exceptions
configure:9822: gcc -c -g -O2  -fno-rtti -fno-exceptions conftest.c >&5
cc1: warning: command line option '-fno-rtti' is valid for C++/ObjC++ but not for C
configure:9826: $? = 0
configure:9839: result: no
configure:10197: checking for gcc option to produce PIC
configure:10204: result: -fPIC -DPIC
configure:10212: checking if gcc PIC flag -fPIC -DPIC works
configure:10230: gcc -c -g -O2  -fPIC -DPIC -DPIC conftest.c >&5
configure:10234: $? = 0
configure:10247: result: yes
configure:10276: checking if gcc static flag -static works
configure:10304: result: yes
configure:10319: checking if gcc supports -c -o file.o
configure:10340: gcc -c -g -O2  -o out/conftest2.o conftest.c >&5
configure:10344: $? = 0
configure:10366: result: yes
configure:10374: checking if gcc supports -c -o file.o
configure:10421: result: yes
configure:10454: checking whether the gcc linker (/usr/bin/ld -m elf_x86_64) supports shared libraries
configure:11717: result: yes
configure:11754: checking whether -lc should be explicitly linked in
configure:11762: gcc -c -g -O2  conftest.c >&5
configure:11765: $? = 0
configure:11780: gcc -shared  -fPIC -DPIC conftest.o  -v -Wl,-soname -Wl,conftest -o conftest 2\>\&1 \| /bin/grep  -lc  \>/dev/null 2\>\&1
configure:11783: $? = 0
configure:11797: result: no
configure:11957: checking dynamic linker characteristics
configure:12538: gcc -o conftest -g -O2   -Wl,-rpath -Wl,/foo conftest.c  >&5
configure:12538: $? = 0
configure:12787: result: GNU/Linux ld.so
configure:12909: checking how to hardcode library paths into programs
configure:12934: result: immediate
configure:13482: checking whether stripping libraries is possible
configure:13487: result: yes
configure:13522: checking if libtool supports shared libraries
configure:13524: result: yes
configure:13527: checking whether to build shared libraries
configure:13552: result: yes
configure:13555: checking whether to build static libraries
configure:13559: result: yes
configure:13582: checking how to run the C++ preprocessor
configure:13609: g++ -E  conftest.cpp
configure:13609: $? = 0
configure:13623: g++ -E  conftest.cpp
conftest.cpp:24:28: fatal error: ac_nonexistent.h: No such file or directory
 #include <ac_nonexistent.h>
                            ^
compilation terminated.
configure:13623: $? = 1
configure: failed program was:
| /* confdefs.h */
| #define PACKAGE_NAME "libmae-demo"
| #define PACKAGE_TARNAME "libmae-demo"
| #define PACKAGE_VERSION "0.9.0"
| #define PACKAGE_STRING "libmae-demo 0.9.0"
| #define PACKAGE_BUGREPORT ""
| #define PACKAGE_URL ""
| #define PACKAGE "libmae-demo"
| #define VERSION "0.9.0"
| #define HAVE_CXX11 1
| #define STDC_HEADERS 1
| #define HAVE_SYS_TYPES_H 1
| #define HAVE_SYS_STAT_H 1
| #define HAVE_STDLIB_H 1
| #define HAVE_STRING_H 1
| #define HAVE_MEMORY_H 1
| #define HAVE_STRINGS_H 1
| #define HAVE_INTTYPES_H 1
| #define HAVE_STDINT_H 1
| #define HAVE_UNISTD_H 1
| #define HAVE_DLFCN_H 1
| #define LT_OBJDIR ".libs/"
| /* end confdefs.h.  */
| #include <ac_nonexistent.h>
configure:13648: result: g++ -E
configure:13668: g++ -E  conftest.cpp
configure:13668: $? = 0
configure:13682: g++ -E  conftest.cpp
conftest.cpp:24:28: fatal error: ac_nonexistent.h: No such file or directory
 #include <ac_nonexistent.h>
                            ^
compilation terminated.
configure:13682: $? = 1
configure: failed program was:
| /* confdefs.h */
| #define PACKAGE_NAME "libmae-demo"
| #define PACKAGE_TARNAME "libmae-demo"
| #define PACKAGE_VERSION "0.9.0"
| #define PACKAGE_STRING "libmae-demo 0.9.0"
| #define PACKAGE_BUGREPORT ""
| #define PACKAGE_URL ""
| #define PACKAGE "libmae-demo"
| #define VERSION "0.9.0"
| #define HAVE_CXX11 1
| #define STDC_HEADERS 1
| #define HAVE_SYS_TYPES_H 1
| #define HAVE_SYS_STAT_H 1
| #define HAVE_STDLIB_H 1
| #define HAVE_STRING_H 1
| #define HAVE_MEMORY_H 1
| #define HAVE_STRINGS_H 1
| #define HAVE_INTTYPES_H 1
| #define HAVE_STDINT_H 1
| #define HAVE_UNISTD_H 1
| #define HAVE_DLFCN_H 1
| #define LT_OBJDIR ".libs/"
| /* end confdefs.h.  */
| #include <ac_nonexistent.h>
configure:13844: checking for ld used by g++
configure:13911: result: /usr/bin/ld -m elf_x86_64
configure:13918: checking if the linker (/usr/bin/ld -m elf_x86_64) is GNU ld
configure:13933: result: yes
configure:13988: checking whether the g++ linker (/usr/bin/ld -m elf_x86_64) supports shared libraries
configure:15061: result: yes
configure:15097: g++ -c -g -O2  conftest.cpp >&5
configure:15100: $? = 0
configure:15581: checking for g++ option to produce PIC
configure:15588: result: -fPIC -DPIC
configure:15596: checking if g++ PIC flag -fPIC -DPIC works
configure:15614: g++ -c -g -O2  -fPIC -DPIC -DPIC conftest.cpp >&5
configure:15618: $? = 0
configure:15631: result: yes
configure:15654: checking if g++ static flag -static works
configure:15682: result: yes
configure:15694: checking if g++ supports -c -o file.o
configure:15715: g++ -c -g -O2  -o out/conftest2.o conftest.cpp >&5
configure:15719: $? = 0
configure:15741: result: yes
configure:15746: checking if g++ supports -c -o file.o
configure:15793: result: yes
configure:15823: checking whether the g++ linker (/usr/bin/ld -m elf_x86_64) supports shared libraries
configure:15866: result: yes
configure:16007: checking dynamic linker characteristics
configure:16764: result: GNU/Linux ld.so
configure:16829: checking how to hardcode library paths into programs
configure:16854: result: immediate
configure:17064: checking that generated files are newer than configure
configure:17070: result: done
configure:17097: creating ./config.status

## ---------------------- ##
## Running config.status. ##
## ---------------------- ##

This file was extended by libmae-demo config.status 0.9.0, which was
generated by GNU Autoconf 2.69.  Invocation command line was

  CONFIG_FILES    = 
  CONFIG_HEADERS  = 
  CONFIG_LINKS    = 
  CONFIG_COMMANDS = 
  $ ./config.status 

on moonlight

config.status:1094: creating libmae_demo.pc
config.status:1094: creating Makefile
config.status:1094: creating include/Makefile
config.status:1266: executing depfiles commands
config.status:1266: executing libtool commands

## ---------------- ##
## Cache variables. ##
## ---------------- ##

ac_cv_build=x86_64-pc-linux-gnu
ac_cv_c_compiler_gnu=yes
ac_cv_cxx_compiler_gnu=yes
ac_cv_env_CCC_set=
ac_cv_env_CCC_value=
ac_cv_env_CC_set=
ac_cv_env_CC_value=
ac_cv_env_CFLAGS_set=
ac_cv_env_CFLAGS_value=
ac_cv_env_CPPFLAGS_set=
ac_cv_env_CPPFLAGS_value=
ac_cv_env_CPP_set=
ac_cv_env_CPP_value=
ac_cv_env_CXXCPP_set=
ac_cv_env_CXXCPP_value=
ac_cv_env_CXXFLAGS_set=
ac_cv_env_CXXFLAGS_value=
ac_cv_env_CXX_set=
ac_cv_env_CXX_value=
ac_cv_env_LDFLAGS_set=
ac_cv_env_LDFLAGS_value=
ac_cv_env_LIBMAE_CFLAGS_set=
ac_cv_env_LIBMAE_CFLAGS_value=
ac_cv_env_LIBMAE_LIBS_set=
ac_cv_env_LIBMAE_LIBS_value=
ac_cv_env_LIBS_set=
ac_cv_env_LIBS_value=
ac_cv_env_LT_SYS_LIBRARY_PATH_set=
ac_cv_env_LT_SYS_LIBRARY_PATH_value=
ac_cv_env_PKG_CONFIG_LIBDIR_set=
ac_cv_env_PKG_CONFIG_LIBDIR_value=
ac_cv_env_PKG_CONFIG_PATH_set=
ac_cv_env_PKG_CONFIG_PATH_value=
ac_cv_env_PKG_CONFIG_set=
ac_cv_env_PKG_CONFIG_value=
ac_cv_env_SDLIMAGE_CFLAGS_set=
ac_cv_env_SDLIMAGE_CFLAGS_value=
ac_cv_env_SDLIMAGE_LIBS_set=
ac_cv_env_SDLIMAGE_LIBS_value=
ac_cv_env_SDLTTF_CFLAGS_set=
ac_cv_env_SDLTTF_CFLAGS_value=
ac_cv_env_SDLTTF_LIBS_set=
ac_cv_env_SDLTTF_LIBS_value=
ac_cv_env_SDL_CFLAGS_set=
ac_cv_env_SDL_CFLAGS_value=
ac_cv_env_SDL_LIBS_set=
ac_cv_env_SDL_LIBS_value=
ac_cv_env_build_alias_set=
ac_cv_env_build_alias_value=
ac_cv_env_host_alias_set=
ac_cv_env_host_alias_value=
ac_cv_env_target_alias_set=
ac_cv_env_target_alias_value=
ac_cv_header_dlfcn_h=yes
ac_cv_header_inttypes_h=yes
ac_cv_header_memory_h=yes
ac_cv_header_stdc=yes
ac_cv_header_stdint_h=yes
ac_cv_header_stdlib_h=yes
ac_cv_header_string_h=yes
ac_cv_header_strings_h=yes
ac_cv_header_sys_stat_h=yes
ac_cv_header_sys_types_h=yes
ac_cv_header_unistd_h=yes
ac_cv_host=x86_64-pc-linux-gnu
ac_cv_objext=o
ac_cv_path_EGREP='/bin/grep -E'
ac_cv_path_FGREP='/bin/grep -F'
ac_cv_path_GREP=/bin/grep
ac_cv_path_SED=/bin/sed
ac_cv_path_ac_pt_PKG_CONFIG=/usr/bin/pkg-config
ac_cv_path_install='/usr/bin/install -c'
ac_cv_path_lt_DD=/bin/dd
ac_cv_path_mkdir=/bin/mkdir
ac_cv_prog_AWK=gawk
ac_cv_prog_CPP='gcc -E'
ac_cv_prog_CXXCPP='g++ -E'
ac_cv_prog_ac_ct_AR=ar
ac_cv_prog_ac_ct_CC=gcc
ac_cv_prog_ac_ct_CXX=g++
ac_cv_prog_ac_ct_MANIFEST_TOOL=mt
ac_cv_prog_ac_ct_OBJDUMP=objdump
ac_cv_prog_ac_ct_RANLIB=ranlib
ac_cv_prog_ac_ct_STRIP=strip
ac_cv_prog_cc_c89=
ac_cv_prog_cc_g=yes
ac_cv_prog_cxx_g=yes
ac_cv_prog_make_make_set=yes
am_cv_CC_dependencies_compiler_type=gcc3
am_cv_CXX_dependencies_compiler_type=gcc3
am_cv_make_support_nested_variables=yes
am_cv_prog_cc_c_o=yes
ax_cv_cxx_compile_cxx11=yes
lt_cv_ar_at_file=@
lt_cv_archive_cmds_need_lc=no
lt_cv_deplibs_check_method=pass_all
lt_cv_file_magic_cmd='$MAGIC_CMD'
lt_cv_file_magic_test_file=
lt_cv_ld_reload_flag=-r
lt_cv_nm_interface='BSD nm'
lt_cv_objdir=.libs
lt_cv_path_LD=/usr/bin/ld
lt_cv_path_LDCXX='/usr/bin/ld -m elf_x86_64'
lt_cv_path_NM='/usr/bin/nm -B'
lt_cv_path_mainfest_tool=no
lt_cv_prog_compiler_c_o=yes
lt_cv_prog_compiler_c_o_CXX=yes
lt_cv_prog_compiler_pic='-fPIC -DPIC'
lt_cv_prog_compiler_pic_CXX='-fPIC -DPIC'
lt_cv_prog_compiler_pic_works=yes
lt_cv_prog_compiler_pic_works_CXX=yes
lt_cv_prog_compiler_rtti_exceptions=no
lt_cv_prog_compiler_static_works=yes
lt_cv_prog_compiler_static_works_CXX=yes
lt_cv_prog_gnu_ld=yes
lt_cv_prog_gnu_ldcxx=yes
lt_cv_sharedlib_from_linklib_cmd='printf %s\n'
lt_cv_shlibpath_overrides_runpath=no
lt_cv_sys_global_symbol_pipe='sed -n -e '\''s/^.*[	 ]\([ABCDGIRSTW][ABCDGIRSTW]*\)[	 ][	 ]*\([_A-Za-z][_A-Za-z0-9]*\)$/\1 \2 \2/p'\'' | sed '\''/ __gnu_lto/d'\'''
lt_cv_sys_global_symbol_to_c_name_address='sed -n -e '\''s/^: \(.*\) .*$/  {"\1", (void *) 0},/p'\'' -e '\''s/^[ABCDGIRSTW][ABCDGIRSTW]* .* \(.*\)$/  {"\1", (void *) \&\1},/p'\'''
lt_cv_sys_global_symbol_to_c_name_address_lib_prefix='sed -n -e '\''s/^: \(.*\) .*$/  {"\1", (void *) 0},/p'\'' -e '\''s/^[ABCDGIRSTW][ABCDGIRSTW]* .* \(lib.*\)$/  {"\1", (void *) \&\1},/p'\'' -e '\''s/^[ABCDGIRSTW][ABCDGIRSTW]* .* \(.*\)$/  {"lib\1", (void *) \&\1},/p'\'''
lt_cv_sys_global_symbol_to_cdecl='sed -n -e '\''s/^T .* \(.*\)$/extern int \1();/p'\'' -e '\''s/^[ABCDGIRSTW][ABCDGIRSTW]* .* \(.*\)$/extern char \1;/p'\'''
lt_cv_sys_global_symbol_to_import=
lt_cv_sys_max_cmd_len=1572864
lt_cv_to_host_file_cmd=func_convert_file_noop
lt_cv_to_tool_file_cmd=func_convert_file_noop
lt_cv_truncate_bin='/bin/dd bs=4096 count=1'
pkg_cv_LIBMAE_CFLAGS='-I/usr/local/include -I/usr/include/opencv -I/usr/include/libxml++-2.6 -I/usr/lib/x86_64-linux-gnu/libxml++-2.6/include -I/usr/include/libxml2 -I/usr/include/glibmm-2.4 -I/usr/lib/x86_64-linux-gnu/glibmm-2.4/include -I/usr/include/glib-2.0 -I/usr/lib/x86_64-linux-gnu/glib-2.0/include -I/usr/include/sigc++-2.0 -I/usr/lib/x86_64-linux-gnu/sigc++-2.0/include'
pkg_cv_LIBMAE_LIBS='-L/usr/local/lib -lmae /usr/lib/x86_64-linux-gnu/libopencv_calib3d.so -lopencv_calib3d /usr/lib/x86_64-linux-gnu/libopencv_contrib.so -lopencv_contrib /usr/lib/x86_64-linux-gnu/libopencv_core.so -lopencv_core /usr/lib/x86_64-linux-gnu/libopencv_features2d.so -lopencv_features2d /usr/lib/x86_64-linux-gnu/libopencv_flann.so -lopencv_flann /usr/lib/x86_64-linux-gnu/libopencv_gpu.so -lopencv_gpu /usr/lib/x86_64-linux-gnu/libopencv_highgui.so -lopencv_highgui /usr/lib/x86_64-linux-gnu/libopencv_imgproc.so -lopencv_imgproc /usr/lib/x86_64-linux-gnu/libopencv_legacy.so -lopencv_legacy /usr/lib/x86_64-linux-gnu/libopencv_ml.so -lopencv_ml /usr/lib/x86_64-linux-gnu/libopencv_objdetect.so -lopencv_objdetect /usr/lib/x86_64-linux-gnu/libopencv_ocl.so -lopencv_ocl /usr/lib/x86_64-linux-gnu/libopencv_photo.so -lopencv_photo /usr/lib/x86_64-linux-gnu/libopencv_stitching.so -lopencv_stitching /usr/lib/x86_64-linux-gnu/libopencv_superres.so -lopencv_superres /usr/lib/x86_64-linux-gnu/libopencv_ts.so -lopencv_ts /usr/lib/x86_64-linux-gnu/libopencv_video.so -lopencv_video /usr/lib/x86_64-linux-gnu/libopencv_videostab.so -lopencv_videostab -lxml++-2.6 -lxml2 -lglibmm-2.4 -lgobject-2.0 -lglib-2.0 -lsigc-2.0'
pkg_cv_SDLIMAGE_CFLAGS='-D_REENTRANT -I/usr/include/SDL2'
pkg_cv_SDLIMAGE_LIBS='-lSDL2_image -lSDL2'
pkg_cv_SDLTTF_CFLAGS='-D_REENTRANT -I/usr/include/SDL2'
pkg_cv_SDLTTF_LIBS='-lSDL2_ttf -lSDL2'
pkg_cv_SDL_CFLAGS='-D_REENTRANT -I/usr/include/SDL2'
pkg_cv_SDL_LIBS=-lSDL2

## ----------------- ##
## Output variables. ##
## ----------------- ##

ACLOCAL='${SHELL} /home/keks/workspaces/git/MAE/libmae_demo/missing aclocal-1.15'
AMDEPBACKSLASH='\'
AMDEP_FALSE='#'
AMDEP_TRUE=''
AMTAR='$${TAR-tar}'
AM_BACKSLASH='\'
AM_DEFAULT_V='$(AM_DEFAULT_VERBOSITY)'
AM_DEFAULT_VERBOSITY='1'
AM_V='$(V)'
AR='ar'
AUTOCONF='${SHELL} /home/keks/workspaces/git/MAE/libmae_demo/missing autoconf'
AUTOHEADER='${SHELL} /home/keks/workspaces/git/MAE/libmae_demo/missing autoheader'
AUTOMAKE='${SHELL} /home/keks/workspaces/git/MAE/libmae_demo/missing automake-1.15'
AWK='gawk'
CC='gcc'
CCDEPMODE='depmode=gcc3'
CFLAGS='-g -O2'
CPP='gcc -E'
CPPFLAGS=''
CXX='g++'
CXXCPP='g++ -E'
CXXDEPMODE='depmode=gcc3'
CXXFLAGS='-g -O2'
CYGPATH_W='echo'
DEFS='-DPACKAGE_NAME=\"libmae-demo\" -DPACKAGE_TARNAME=\"libmae-demo\" -DPACKAGE_VERSION=\"0.9.0\" -DPACKAGE_STRING=\"libmae-demo\ 0.9.0\" -DPACKAGE_BUGREPORT=\"\" -DPACKAGE_URL=\"\" -DPACKAGE=\"libmae-demo\" -DVERSION=\"0.9.0\" -DHAVE_CXX11=1 -DSTDC_HEADERS=1 -DHAVE_SYS_TYPES_H=1 -DHAVE_SYS_STAT_H=1 -DHAVE_STDLIB_H=1 -DHAVE_STRING_H=1 -DHAVE_MEMORY_H=1 -DHAVE_STRINGS_H=1 -DHAVE_INTTYPES_H=1 -DHAVE_STDINT_H=1 -DHAVE_UNISTD_H=1 -DHAVE_DLFCN_H=1 -DLT_OBJDIR=\".libs/\"'
DEPDIR='.deps'
DLLTOOL='false'
DSYMUTIL=''
DUMPBIN=''
ECHO_C=''
ECHO_N='-n'
ECHO_T=''
EGREP='/bin/grep -E'
EXEEXT=''
FGREP='/bin/grep -F'
GREP='/bin/grep'
HAVE_CXX11='1'
INSTALL_DATA='${INSTALL} -m 644'
INSTALL_PROGRAM='${INSTALL}'
INSTALL_SCRIPT='${INSTALL}'
INSTALL_STRIP_PROGRAM='$(install_sh) -c -s'
LD='/usr/bin/ld -m elf_x86_64'
LDFLAGS=''
LIBMAE_CFLAGS='-I/usr/local/include -I/usr/include/opencv -I/usr/include/libxml++-2.6 -I/usr/lib/x86_64-linux-gnu/libxml++-2.6/include -I/usr/include/libxml2 -I/usr/include/glibmm-2.4 -I/usr/lib/x86_64-linux-gnu/glibmm-2.4/include -I/usr/include/glib-2.0 -I/usr/lib/x86_64-linux-gnu/glib-2.0/include -I/usr/include/sigc++-2.0 -I/usr/lib/x86_64-linux-gnu/sigc++-2.0/include'
LIBMAE_LIBS='-L/usr/local/lib -lmae /usr/lib/x86_64-linux-gnu/libopencv_calib3d.so -lopencv_calib3d /usr/lib/x86_64-linux-gnu/libopencv_contrib.so -lopencv_contrib /usr/lib/x86_64-linux-gnu/libopencv_core.so -lopencv_core /usr/lib/x86_64-linux-gnu/libopencv_features2d.so -lopencv_features2d /usr/lib/x86_64-linux-gnu/libopencv_flann.so -lopencv_flann /usr/lib/x86_64-linux-gnu/libopencv_gpu.so -lopencv_gpu /usr/lib/x86_64-linux-gnu/libopencv_highgui.so -lopencv_highgui /usr/lib/x86_64-linux-gnu/libopencv_imgproc.so -lopencv_imgproc /usr/lib/x86_64-linux-gnu/libopencv_legacy.so -lopencv_legacy /usr/lib/x86_64-linux-gnu/libopencv_ml.so -lopencv_ml /usr/lib/x86_64-linux-gnu/libopencv_objdetect.so -lopencv_objdetect /usr/lib/x86_64-linux-gnu/libopencv_ocl.so -lopencv_ocl /usr/lib/x86_64-linux-gnu/libopencv_photo.so -lopencv_photo /usr/lib/x86_64-linux-gnu/libopencv_stitching.so -lopencv_stitching /usr/lib/x86_64-linux-gnu/libopencv_superres.so -lopencv_superres /usr/lib/x86_64-linux-gnu/libopencv_ts.so -lopencv_ts /usr/lib/x86_64-linux-gnu/libopencv_video.so -lopencv_video /usr/lib/x86_64-linux-gnu/libopencv_videostab.so -lopencv_videostab -lxml++-2.6 -lxml2 -lglibmm-2.4 -lgobject-2.0 -lglib-2.0 -lsigc-2.0'
LIBOBJS=''
LIBS=''
LIBTOOL='$(SHELL) $(top_builddir)/libtool'
LIPO=''
LN_S='ln -s'
LTLIBOBJS=''
LT_SYS_LIBRARY_PATH=''
MAKEINFO='${SHELL} /home/keks/workspaces/git/MAE/libmae_demo/missing makeinfo'
MANIFEST_TOOL=':'
MKDIR_P='/bin/mkdir -p'
NM='/usr/bin/nm -B'
NMEDIT=''
OBJDUMP='objdump'
OBJEXT='o'
OTOOL64=''
OTOOL=''
PACKAGE='libmae-demo'
PACKAGE_BUGREPORT=''
PACKAGE_NAME='libmae-demo'
PACKAGE_STRING='libmae-demo 0.9.0'
PACKAGE_TARNAME='libmae-demo'
PACKAGE_URL=''
PACKAGE_VERSION='0.9.0'
PATH_SEPARATOR=':'
PKG_CONFIG='/usr/bin/pkg-config'
PKG_CONFIG_LIBDIR=''
PKG_CONFIG_PATH=''
RANLIB='ranlib'
SDLIMAGE_CFLAGS='-D_REENTRANT -I/usr/include/SDL2'
SDLIMAGE_LIBS='-lSDL2_image -lSDL2'
SDLTTF_CFLAGS='-D_REENTRANT -I/usr/include/SDL2'
SDLTTF_LIBS='-lSDL2_ttf -lSDL2'
SDL_CFLAGS='-D_REENTRANT -I/usr/include/SDL2'
SDL_LIBS='-lSDL2'
SED='/bin/sed'
SET_MAKE=''
SHELL='/bin/bash'
STRIP='strip'
VERSION='0.9.0'
ac_ct_AR='ar'
ac_ct_CC='gcc'
ac_ct_CXX='g++'
ac_ct_DUMPBIN=''
am__EXEEXT_FALSE=''
am__EXEEXT_TRUE='#'
am__fastdepCC_FALSE='#'
am__fastdepCC_TRUE=''
am__fastdepCXX_FALSE='#'
am__fastdepCXX_TRUE=''
am__include='include'
am__isrc=''
am__leading_dot='.'
am__nodep='_no'
am__quote=''
am__tar='$${TAR-tar} chof - "$$tardir"'
am__untar='$${TAR-tar} xf -'
bindir='${exec_prefix}/bin'
build='x86_64-pc-linux-gnu'
build_alias=''
build_cpu='x86_64'
build_os='linux-gnu'
build_vendor='pc'
datadir='${datarootdir}'
datarootdir='${prefix}/share'
docdir='${datarootdir}/doc/${PACKAGE_TARNAME}'
dvidir='${docdir}'
exec_prefix='${prefix}'
host='x86_64-pc-linux-gnu'
host_alias=''
host_cpu='x86_64'
host_os='linux-gnu'
host_vendor='pc'
htmldir='${docdir}'
includedir='${prefix}/include'
infodir='${datarootdir}/info'
install_sh='${SHELL} /home/keks/workspaces/git/MAE/libmae_demo/install-sh'
libdir='${exec_prefix}/lib'
libexecdir='${exec_prefix}/libexec'
localedir='${datarootdir}/locale'
localstatedir='${prefix}/var'
mandir='${datarootdir}/man'
mkdir_p='$(MKDIR_P)'
oldincludedir='/usr/include'
pdfdir='${docdir}'
prefix='/usr/local'
program_transform_name='s,x,x,'
psdir='${docdir}'
runstatedir='${localstatedir}/run'
sbindir='${exec_prefix}/sbin'
sharedstatedir='${prefix}/com'
sysconfdir='${prefix}/etc'
target_alias=''

## ----------- ##
## confdefs.h. ##
## ----------- ##

/* confdefs.h */
#define PACKAGE_NAME "libmae-demo"
#define PACKAGE_TARNAME "libmae-demo"
#define PACKAGE_VERSION "0.9.0"
#define PACKAGE_STRING "libmae-demo 0.9.0"
#define PACKAGE_BUGREPORT ""
#define PACKAGE_URL ""
#define PACKAGE "libmae-demo"
#define VERSION "0.9.0"
#define HAVE_CXX11 1
#define STDC_HEADERS 1
#define HAVE_SYS_TYPES_H 1
#define HAVE_SYS_STAT_H 1
#define HAVE_STDLIB_H 1
#define HAVE_STRING_H 1
#define HAVE_MEMORY_H 1
#define HAVE_STRINGS_H 1
#define HAVE_INTTYPES_H 1
#define HAVE_STDINT_H 1
#define HAVE_UNISTD_H 1
#define HAVE_DLFCN_H 1
#define LT_OBJDIR ".libs/"

configure: exit 0
