#
# A fatal error has been detected by the Java Runtime Environment:
#
#  SIGSEGV (0xb) at pc=0x00007f0b1a4aac71, pid=5204, tid=139685272610560
#
# JRE version: Java(TM) SE Runtime Environment (7.0_45-b18) (build 1.7.0_45-b18)
# Java VM: Java HotSpot(TM) 64-Bit Server VM (24.45-b08 mixed mode linux-amd64 compressed oops)
# Problematic frame:
# C  [libOpenNI.so.0+0x37c71]  xnContextUnregisterFromShutdown+0x71
#
# Failed to write core dump. Core dumps have been disabled. To enable core dumping, try "ulimit -c unlimited" before starting Java again
#
# If you would like to submit a bug report, please visit:
#   http://bugreport.sun.com/bugreport/crash.jsp
# The crash happened outside the Java Virtual Machine in native code.
# See problematic frame for where to report the bug.
#

---------------  T H R E A D  ---------------

Current thread (0x00007f0acbf1e000):  JavaThread "Thread-9" [_thread_in_native, id=5261, stack(0x00007f0b02fde000,0x00007f0b030df000)]

siginfo:si_signo=SIGSEGV: si_errno=0, si_code=1 (SEGV_MAPERR), si_addr=0x0000000000000010

Registers:
RAX=0x0000000000000000, RBX=0x00007f0ae93e3bf0, RCX=0x0000000000000000, RDX=0x00007f0acbf204f0
RSP=0x00007f0b030dd080, RBP=0x00007f0acbf1e7a0, RSI=0x0000000000000000, RDI=0x0000000000000000
R8 =0x00007f0acbf20938, R9 =0x00007f0b18ca9940, R10=0x0000000000000002, R11=0x0000000000000002
R12=0x00007f0b030dd080, R13=0x00007f0b55651e10, R14=0x0000000000000001, R15=0x00007f0ae8168730
RIP=0x00007f0b1a4aac71, EFLAGS=0x0000000000010206, CSGSFS=0x0000000000000033, ERR=0x0000000000000004
  TRAPNO=0x000000000000000e

Top of Stack: (sp=0x00007f0b030dd080)
0x00007f0b030dd080:   00007f0acbf20930 00007f0b00000001
0x00007f0b030dd090:   00007f0ac0413dd0 00007f0ad2f7e050
0x00007f0b030dd0a0:   00007f0b5563f1f0 00007f0b55545080
0x00007f0b030dd0b0:   00007f0b55651e10 00007f0b12dd9815
0x00007f0b030dd0c0:   00007f0acbf1e7a0 00007f0b5565b420
0x00007f0b030dd0d0:   00007f0ac0413dd0 00007f0ae93e3bf0
0x00007f0b030dd0e0:   00007f0ad2f7e050 00007f0ad2f7e050
0x00007f0b030dd0f0:   00007f0ad2f7e028 00007f0b133983f8
0x00007f0b030dd100:   0000000000000040 0000000000000002
0x00007f0b030dd110:   00007f0ad3fff190 00007f0b12ddcd96
0x00007f0b030dd120:   00007f0b13398160 00007f0b13397d88
0x00007f0b030dd130:   000000000179601f 000000000179601f
0x00007f0b030dd140:   0000000000000000 3ff0000000000000
0x00007f0b030dd150:   00007f0b133973c0 00007f0ad2f7e010
0x00007f0b030dd160:   00007f0ad2f7e010 0000000000000000
0x00007f0b030dd170:   00007f0ad3fff178 00007f0ad2f7e050
0x00007f0b030dd180:   00007f0ad2f7e028 00007f0b12de5916
0x00007f0b030dd190:   00007f0acbf1e000 00007f0b1a4c15fd
0x00007f0b030dd1a0:   0000000001795d77 0000000001795d77
0x00007f0b030dd1b0:   0000000000000000 3ff0000000000000
0x00007f0b030dd1c0:   00007f0b030dd27c 00007f0b54a61a80
0x00007f0b030dd1d0:   0000000000000051 00007f0b5551c3e0
0x00007f0b030dd1e0:   00007f0b544afba0 0000000000000051
0x00007f0b030dd1f0:   00007f0acbf1c160 00007f0b546240c0
0x00007f0b030dd200:   00007f0acbf1e000 00007f0b12dbb6ab
0x00007f0b030dd210:   0001000200000007 00007f0b183bc876
0x00007f0b030dd220:   00007f0b13381d10 0000000000000000
0x00007f0b030dd230:   000000000156aca1 0002580000000269
0x00007f0b030dd240:   ffffffff00000001 00007f0b030dd284
0x00007f0b030dd250:   030dd23000000000 0000014000007f0b
0x00007f0b030dd260:   00000000000000f0 0000014000000000
0x00007f0b030dd270:   00000004000000f0 030dd2540000001e 

Instructions: (pc=0x00007f0b1a4aac71)
0x00007f0b1a4aac51:   1d 00 00 c7 44 24 08 01 00 00 00 48 39 fa 75 10
0x00007f0b1a4aac61:   eb 5d 0f 1f 44 00 00 48 8b 7f 08 48 39 fa 74 4f
0x00007f0b1a4aac71:   48 3b 5f 10 75 f1 48 8b 4f 08 48 8b 17 48 89 4a
0x00007f0b1a4aac81:   08 48 8b 4f 08 48 89 11 83 ad 68 1d 00 00 01 e8 

Register to memory mapping:

RAX=0x0000000000000000 is an unknown value
RBX=0x00007f0ae93e3bf0 is an unknown value
RCX=0x0000000000000000 is an unknown value
RDX=0x00007f0acbf204f0 is an unknown value
RSP=0x00007f0b030dd080 is pointing into the stack for thread: 0x00007f0acbf1e000
RBP=0x00007f0acbf1e7a0 is an unknown value
RSI=0x0000000000000000 is an unknown value
RDI=0x0000000000000000 is an unknown value
R8 =0x00007f0acbf20938 is an unknown value
R9 =0x00007f0b18ca9940: <offset 0x294940> in /usr/lib/libXnDeviceSensorV2.so.0 at 0x00007f0b18a15000
R10=0x0000000000000002 is an unknown value
R11=0x0000000000000002 is an unknown value
R12=0x00007f0b030dd080 is pointing into the stack for thread: 0x00007f0acbf1e000
R13=0x00007f0b55651e10 is an unknown value
R14=0x0000000000000001 is an unknown value
R15=0x00007f0ae8168730 is an unknown value


Stack: [0x00007f0b02fde000,0x00007f0b030df000],  sp=0x00007f0b030dd080,  free space=1020k
Native frames: (J=compiled Java code, j=interpreted, Vv=VM code, C=native code)
C  [libOpenNI.so.0+0x37c71]  xnContextUnregisterFromShutdown+0x71

Java frames: (J=compiled Java code, j=interpreted, Vv=VM code)
j  maenitejava.MaeNiteJavaJNI.NiteController_waitForUpdate__SWIG_1(JLmaenitejava/NiteController;)J+0
j  maenitejava.NiteController.waitForUpdate()Lmaejava/GeneralSkeletonVector;+9
j  controller.SensorThread.run()V+7
j  java.lang.Thread.run()V+11
v  ~StubRoutines::call_stub

---------------  P R O C E S S  ---------------

Java Threads: ( => current thread )
  0x00007f0b5400b000 JavaThread "DestroyJavaVM" [_thread_blocked, id=5205, stack(0x00007f0b59fdb000,0x00007f0b5a0dc000)]
  0x00007f0ab7252000 JavaThread "Thread-10" [_thread_in_native, id=5277, stack(0x00007f0b02edd000,0x00007f0b02fde000)]
=>0x00007f0acbf1e000 JavaThread "Thread-9" [_thread_in_native, id=5261, stack(0x00007f0b02fde000,0x00007f0b030df000)]
  0x00007f0b54433000 JavaThread "Batik CleanerThread" daemon [_thread_blocked, id=5241, stack(0x00007f0b03dfe000,0x00007f0b03eff000)]
  0x00007f0b542fd800 JavaThread "AWT-EventQueue-0" [_thread_blocked, id=5240, stack(0x00007f0b03eff000,0x00007f0b04000000)]
  0x00007f0b542fc000 JavaThread "AWT-Shutdown" [_thread_blocked, id=5239, stack(0x00007f0b1002e000,0x00007f0b1012f000)]
  0x00007f0b542e6000 JavaThread "AWT-XAWT" daemon [_thread_in_native, id=5238, stack(0x00007f0b115e3000,0x00007f0b116e4000)]
  0x00007f0b542c1800 JavaThread "Java2D Disposer" daemon [_thread_blocked, id=5237, stack(0x00007f0b18062000,0x00007f0b18163000)]
  0x00007f0b54097800 JavaThread "Service Thread" daemon [_thread_blocked, id=5220, stack(0x00007f0b3e319000,0x00007f0b3e41a000)]
  0x00007f0b54095000 JavaThread "C2 CompilerThread1" daemon [_thread_blocked, id=5219, stack(0x00007f0b3e41a000,0x00007f0b3e51b000)]
  0x00007f0b54092800 JavaThread "C2 CompilerThread0" daemon [_thread_blocked, id=5218, stack(0x00007f0b3e51b000,0x00007f0b3e61c000)]
  0x00007f0b54088000 JavaThread "Signal Dispatcher" daemon [_thread_blocked, id=5217, stack(0x00007f0b3e61c000,0x00007f0b3e71d000)]
  0x00007f0b54071000 JavaThread "Finalizer" daemon [_thread_blocked, id=5216, stack(0x00007f0b3f0f1000,0x00007f0b3f1f2000)]
  0x00007f0b5406d000 JavaThread "Reference Handler" daemon [_thread_blocked, id=5215, stack(0x00007f0b3f1f2000,0x00007f0b3f2f3000)]

Other Threads:
  0x00007f0b5406a800 VMThread [stack: 0x00007f0b3f2f3000,0x00007f0b3f3f4000] [id=5214]
  0x00007f0b540aa800 WatcherThread [stack: 0x00007f0b3e218000,0x00007f0b3e319000] [id=5221]

VM state:not at safepoint (normal execution)

VM Mutex/Monitor currently owned by a thread: None

Heap
 PSYoungGen      total 482304K, used 336126K [0x00000000e1a80000, 0x00000000ffe80000, 0x0000000100000000)
  eden space 471040K, 70% used [0x00000000e1a80000,0x00000000f5db0098,0x00000000fe680000)
  from space 11264K, 46% used [0x00000000ff380000,0x00000000ff88fa78,0x00000000ffe80000)
  to   space 12288K, 0% used [0x00000000fe680000,0x00000000fe680000,0x00000000ff280000)
 ParOldGen       total 94208K, used 21030K [0x00000000a5000000, 0x00000000aac00000, 0x00000000e1a80000)
  object space 94208K, 22% used [0x00000000a5000000,0x00000000a6489b98,0x00000000aac00000)
 PSPermGen       total 36864K, used 18802K [0x000000009fe00000, 0x00000000a2200000, 0x00000000a5000000)
  object space 36864K, 51% used [0x000000009fe00000,0x00000000a105c9c0,0x00000000a2200000)

Card table byte_map: [0x00007f0b4fe6e000,0x00007f0b50170000] byte_map_base: 0x00007f0b4f96f000

Polling page: 0x00007f0b5a110000

Code Cache  [0x00007f0b50170000, 0x00007f0b503e0000, 0x00007f0b53170000)
 total_blobs=1251 nmethods=649 adapters=556 free_code_cache=47067Kb largest_free_block=48155456

Compilation events (10 events):
Event: 24,307 Thread 0x00007f0b54095000  663             java.awt.geom.AffineTransform::equals (92 bytes)
Event: 24,309 Thread 0x00007f0b54095000 nmethod 663 0x00007f0b5036fe50 code [0x00007f0b5036ffa0, 0x00007f0b50370078]
Event: 24,571 Thread 0x00007f0b54095000  664             java.net.URI::hashIgnoringCase (45 bytes)
Event: 24,580 Thread 0x00007f0b54095000 nmethod 664 0x00007f0b5036f950 code [0x00007f0b5036faa0, 0x00007f0b5036fcd8]
Event: 24,602 Thread 0x00007f0b54092800  665             sun.java2d.pipe.Region::<init> (26 bytes)
Event: 24,603 Thread 0x00007f0b54092800 nmethod 665 0x00007f0b50376a50 code [0x00007f0b50376b80, 0x00007f0b50376bd8]
Event: 24,673 Thread 0x00007f0b54092800  666             java.awt.geom.AffineTransform::getTranslateX (5 bytes)
Event: 24,674 Thread 0x00007f0b54092800 nmethod 666 0x00007f0b50376850 code [0x00007f0b50376980, 0x00007f0b503769d8]
Event: 24,674 Thread 0x00007f0b54092800  667             java.awt.geom.AffineTransform::getTranslateY (5 bytes)
Event: 24,674 Thread 0x00007f0b54092800 nmethod 667 0x00007f0b50376650 code [0x00007f0b50376780, 0x00007f0b503767d8]

GC Heap History (10 events):
Event: 19,747 GC heap before
{Heap before GC invocations=21 (full 1):
 PSYoungGen      total 288256K, used 275427K [0x00000000e1a80000, 0x00000000f8480000, 0x0000000100000000)
  eden space 270848K, 100% used [0x00000000e1a80000,0x00000000f2300000,0x00000000f2300000)
  from space 17408K, 26% used [0x00000000f2300000,0x00000000f2778cf0,0x00000000f3400000)
  to   space 16384K, 0% used [0x00000000f7480000,0x00000000f7480000,0x00000000f8480000)
 ParOldGen       total 94208K, used 20926K [0x00000000a5000000, 0x00000000aac00000, 0x00000000e1a80000)
  object space 94208K, 22% used [0x00000000a5000000,0x00000000a646fb98,0x00000000aac00000)
 PSPermGen       total 36864K, used 18759K [0x000000009fe00000, 0x00000000a2200000, 0x00000000a5000000)
  object space 36864K, 50% used [0x000000009fe00000,0x00000000a1051f70,0x00000000a2200000)
Event: 19,757 GC heap after
Heap after GC invocations=21 (full 1):
 PSYoungGen      total 352256K, used 3764K [0x00000000e1a80000, 0x00000000f8200000, 0x0000000100000000)
  eden space 338432K, 0% used [0x00000000e1a80000,0x00000000e1a80000,0x00000000f6500000)
  from space 13824K, 27% used [0x00000000f7480000,0x00000000f782d248,0x00000000f8200000)
  to   space 14848K, 0% used [0x00000000f6500000,0x00000000f6500000,0x00000000f7380000)
 ParOldGen       total 94208K, used 20942K [0x00000000a5000000, 0x00000000aac00000, 0x00000000e1a80000)
  object space 94208K, 22% used [0x00000000a5000000,0x00000000a6473b98,0x00000000aac00000)
 PSPermGen       total 36864K, used 18759K [0x000000009fe00000, 0x00000000a2200000, 0x00000000a5000000)
  object space 36864K, 50% used [0x000000009fe00000,0x00000000a1051f70,0x00000000a2200000)
}
Event: 20,767 GC heap before
{Heap before GC invocations=22 (full 1):
 PSYoungGen      total 352256K, used 342196K [0x00000000e1a80000, 0x00000000f8200000, 0x0000000100000000)
  eden space 338432K, 100% used [0x00000000e1a80000,0x00000000f6500000,0x00000000f6500000)
  from space 13824K, 27% used [0x00000000f7480000,0x00000000f782d248,0x00000000f8200000)
  to   space 14848K, 0% used [0x00000000f6500000,0x00000000f6500000,0x00000000f7380000)
 ParOldGen       total 94208K, used 20942K [0x00000000a5000000, 0x00000000aac00000, 0x00000000e1a80000)
  object space 94208K, 22% used [0x00000000a5000000,0x00000000a6473b98,0x00000000aac00000)
 PSPermGen       total 36864K, used 18763K [0x000000009fe00000, 0x00000000a2200000, 0x00000000a5000000)
  object space 36864K, 50% used [0x000000009fe00000,0x00000000a1052d88,0x00000000a2200000)
Event: 20,774 GC heap after
Heap after GC invocations=22 (full 1):
 PSYoungGen      total 353280K, used 3336K [0x00000000e1a80000, 0x00000000fd000000, 0x0000000100000000)
  eden space 338432K, 0% used [0x00000000e1a80000,0x00000000e1a80000,0x00000000f6500000)
  from space 14848K, 22% used [0x00000000f6500000,0x00000000f6842130,0x00000000f7380000)
  to   space 14336K, 0% used [0x00000000fc200000,0x00000000fc200000,0x00000000fd000000)
 ParOldGen       total 94208K, used 20958K [0x00000000a5000000, 0x00000000aac00000, 0x00000000e1a80000)
  object space 94208K, 22% used [0x00000000a5000000,0x00000000a6477b98,0x00000000aac00000)
 PSPermGen       total 36864K, used 18763K [0x000000009fe00000, 0x00000000a2200000, 0x00000000a5000000)
  object space 36864K, 50% used [0x000000009fe00000,0x00000000a1052d88,0x00000000a2200000)
}
Event: 21,681 GC heap before
{Heap before GC invocations=23 (full 1):
 PSYoungGen      total 353280K, used 341768K [0x00000000e1a80000, 0x00000000fd000000, 0x0000000100000000)
  eden space 338432K, 100% used [0x00000000e1a80000,0x00000000f6500000,0x00000000f6500000)
  from space 14848K, 22% used [0x00000000f6500000,0x00000000f6842130,0x00000000f7380000)
  to   space 14336K, 0% used [0x00000000fc200000,0x00000000fc200000,0x00000000fd000000)
 ParOldGen       total 94208K, used 20958K [0x00000000a5000000, 0x00000000aac00000, 0x00000000e1a80000)
  object space 94208K, 22% used [0x00000000a5000000,0x00000000a6477b98,0x00000000aac00000)
 PSPermGen       total 36864K, used 18771K [0x000000009fe00000, 0x00000000a2200000, 0x00000000a5000000)
  object space 36864K, 50% used [0x000000009fe00000,0x00000000a1054da0,0x00000000a2200000)
Event: 21,690 GC heap after
Heap after GC invocations=23 (full 1):
 PSYoungGen      total 431616K, used 2720K [0x00000000e1a80000, 0x00000000fce00000, 0x0000000100000000)
  eden space 419328K, 0% used [0x00000000e1a80000,0x00000000e1a80000,0x00000000fb400000)
  from space 12288K, 22% used [0x00000000fc200000,0x00000000fc4a8040,0x00000000fce00000)
  to   space 13312K, 0% used [0x00000000fb400000,0x00000000fb400000,0x00000000fc100000)
 ParOldGen       total 94208K, used 20974K [0x00000000a5000000, 0x00000000aac00000, 0x00000000e1a80000)
  object space 94208K, 22% used [0x00000000a5000000,0x00000000a647bb98,0x00000000aac00000)
 PSPermGen       total 36864K, used 18771K [0x000000009fe00000, 0x00000000a2200000, 0x00000000a5000000)
  object space 36864K, 50% used [0x000000009fe00000,0x00000000a1054da0,0x00000000a2200000)
}
Event: 22,810 GC heap before
{Heap before GC invocations=24 (full 1):
 PSYoungGen      total 431616K, used 422048K [0x00000000e1a80000, 0x00000000fce00000, 0x0000000100000000)
  eden space 419328K, 100% used [0x00000000e1a80000,0x00000000fb400000,0x00000000fb400000)
  from space 12288K, 22% used [0x00000000fc200000,0x00000000fc4a8040,0x00000000fce00000)
  to   space 13312K, 0% used [0x00000000fb400000,0x00000000fb400000,0x00000000fc100000)
 ParOldGen       total 94208K, used 20974K [0x00000000a5000000, 0x00000000aac00000, 0x00000000e1a80000)
  object space 94208K, 22% used [0x00000000a5000000,0x00000000a647bb98,0x00000000aac00000)
 PSPermGen       total 36864K, used 18790K [0x000000009fe00000, 0x00000000a2200000, 0x00000000a5000000)
  object space 36864K, 50% used [0x000000009fe00000,0x00000000a1059a68,0x00000000a2200000)
Event: 22,819 GC heap after
Heap after GC invocations=24 (full 1):
 PSYoungGen      total 432640K, used 5271K [0x00000000e1a80000, 0x0000000100000000, 0x0000000100000000)
  eden space 419328K, 0% used [0x00000000e1a80000,0x00000000e1a80000,0x00000000fb400000)
  from space 13312K, 39% used [0x00000000fb400000,0x00000000fb925d08,0x00000000fc100000)
  to   space 12800K, 0% used [0x00000000ff380000,0x00000000ff380000,0x0000000100000000)
 ParOldGen       total 94208K, used 21006K [0x00000000a5000000, 0x00000000aac00000, 0x00000000e1a80000)
  object space 94208K, 22% used [0x00000000a5000000,0x00000000a6483b98,0x00000000aac00000)
 PSPermGen       total 36864K, used 18790K [0x000000009fe00000, 0x00000000a2200000, 0x00000000a5000000)
  object space 36864K, 50% used [0x000000009fe00000,0x00000000a1059a68,0x00000000a2200000)
}
Event: 23,905 GC heap before
{Heap before GC invocations=25 (full 1):
 PSYoungGen      total 432640K, used 424599K [0x00000000e1a80000, 0x0000000100000000, 0x0000000100000000)
  eden space 419328K, 100% used [0x00000000e1a80000,0x00000000fb400000,0x00000000fb400000)
  from space 13312K, 39% used [0x00000000fb400000,0x00000000fb925d08,0x00000000fc100000)
  to   space 12800K, 0% used [0x00000000ff380000,0x00000000ff380000,0x0000000100000000)
 ParOldGen       total 94208K, used 21006K [0x00000000a5000000, 0x00000000aac00000, 0x00000000e1a80000)
  object space 94208K, 22% used [0x00000000a5000000,0x00000000a6483b98,0x00000000aac00000)
 PSPermGen       total 36864K, used 18796K [0x000000009fe00000, 0x00000000a2200000, 0x00000000a5000000)
  object space 36864K, 50% used [0x000000009fe00000,0x00000000a105b178,0x00000000a2200000)
Event: 23,920 GC heap after
Heap after GC invocations=25 (full 1):
 PSYoungGen      total 482304K, used 5182K [0x00000000e1a80000, 0x00000000ffe80000, 0x0000000100000000)
  eden space 471040K, 0% used [0x00000000e1a80000,0x00000000e1a80000,0x00000000fe680000)
  from space 11264K, 46% used [0x00000000ff380000,0x00000000ff88fa78,0x00000000ffe80000)
  to   space 12288K, 0% used [0x00000000fe680000,0x00000000fe680000,0x00000000ff280000)
 ParOldGen       total 94208K, used 21030K [0x00000000a5000000, 0x00000000aac00000, 0x00000000e1a80000)
  object space 94208K, 22% used [0x00000000a5000000,0x00000000a6489b98,0x00000000aac00000)
 PSPermGen       total 36864K, used 18796K [0x000000009fe00000, 0x00000000a2200000, 0x00000000a5000000)
  object space 36864K, 50% used [0x000000009fe00000,0x00000000a105b178,0x00000000a2200000)
}

Deoptimization events (10 events):
Event: 13,098 Thread 0x00007f0ab7252000 Uncommon trap: reason=null_check action=make_not_entrant pc=0x00007f0b503265a0 method=com.kitfox.svg.xml.XMLParseUtil.findDouble(Ljava/lang/String;)D @ 133
Event: 15,184 Thread 0x00007f0ab7252000 Uncommon trap: reason=null_check action=make_not_entrant pc=0x00007f0b5033cafc method=com.kitfox.svg.xml.XMLParseUtil.findDouble(Ljava/lang/String;)D @ 151
Event: 16,826 Thread 0x00007f0b542fd800 Uncommon trap: reason=range_check action=make_not_entrant pc=0x00007f0b50346ef4 method=javax.swing.plaf.basic.BasicTabbedPaneUI$TabbedPaneLayout.calculateTabRects(II)V @ 446
Event: 17,404 Thread 0x00007f0acbf1e000 Uncommon trap: reason=null_check action=make_not_entrant pc=0x00007f0b5034e7d0 method=com.kitfox.svg.xml.XMLParseUtil.findDouble(Ljava/lang/String;)D @ 172
Event: 19,965 Thread 0x00007f0ab7252000 Uncommon trap: reason=null_check action=make_not_entrant pc=0x00007f0b5035c3a0 method=com.kitfox.svg.xml.XMLParseUtil.findDouble(Ljava/lang/String;)D @ 196
Event: 22,652 Thread 0x00007f0acbf1e000 Uncommon trap: reason=null_check action=make_not_entrant pc=0x00007f0b5037272c method=com.kitfox.svg.xml.XMLParseUtil.findDouble(Ljava/lang/String;)D @ 217
Event: 23,184 Thread 0x00007f0acbf1e000 Uncommon trap: reason=array_check action=maybe_recompile pc=0x00007f0b50373f04 method=org.apache.xerces.util.XMLAttributesImpl.<init>()V @ 55
Event: 23,184 Thread 0x00007f0acbf1e000 Uncommon trap: reason=array_check action=maybe_recompile pc=0x00007f0b50373f04 method=org.apache.xerces.util.XMLAttributesImpl.<init>()V @ 55
Event: 23,184 Thread 0x00007f0acbf1e000 Uncommon trap: reason=array_check action=maybe_recompile pc=0x00007f0b50373f04 method=org.apache.xerces.util.XMLAttributesImpl.<init>()V @ 55
Event: 23,211 Thread 0x00007f0ab7252000 Uncommon trap: reason=array_check action=maybe_recompile pc=0x00007f0b50373f04 method=org.apache.xerces.util.XMLAttributesImpl.<init>()V @ 55

Internal exceptions (10 events):
Event: 10,492 Thread 0x00007f0b542fd800 Implicit null exception at 0x00007f0b502633ea to 0x00007f0b50263779
Event: 10,792 Thread 0x00007f0acbf1e000 Threw 0x00000000e1fc0bc8 at /HUDSON/workspace/7u-2-build-linux-amd64/jdk7u45/229/hotspot/src/share/vm/prims/jvm.cpp:1244
Event: 11,970 Thread 0x00007f0acbf1e000 Implicit null exception at 0x00007f0b502dabb7 to 0x00007f0b502db915
Event: 12,010 Thread 0x00007f0acbf1e000 Implicit null exception at 0x00007f0b502dcaaf to 0x00007f0b502dd85d
Event: 12,445 Thread 0x00007f0ab7252000 Implicit null exception at 0x00007f0b502f83fa to 0x00007f0b502f90c5
Event: 13,097 Thread 0x00007f0ab7252000 Implicit null exception at 0x00007f0b503259a4 to 0x00007f0b50326595
Event: 15,184 Thread 0x00007f0ab7252000 Implicit null exception at 0x00007f0b5033bfdb to 0x00007f0b5033caf1
Event: 17,404 Thread 0x00007f0acbf1e000 Implicit null exception at 0x00007f0b5034dd85 to 0x00007f0b5034e7c5
Event: 19,965 Thread 0x00007f0ab7252000 Implicit null exception at 0x00007f0b5035ba23 to 0x00007f0b5035c395
Event: 22,652 Thread 0x00007f0acbf1e000 Implicit null exception at 0x00007f0b50371e8d to 0x00007f0b50372721

Events (10 events):
Event: 23,184 Thread 0x00007f0acbf1e000 DEOPT PACKING pc=0x00007f0b50373f04 sp=0x00007f0b030dc8a0
Event: 23,184 Thread 0x00007f0acbf1e000 DEOPT UNPACKING pc=0x00007f0b501a9045 sp=0x00007f0b030dc860 mode 2
Event: 23,184 Thread 0x00007f0acbf1e000 Uncommon trap: trap_request=0xffffffd6 fr.pc=0x00007f0b50373f04
Event: 23,184 Thread 0x00007f0acbf1e000 DEOPT PACKING pc=0x00007f0b50373f04 sp=0x00007f0b030dc9a0
Event: 23,184 Thread 0x00007f0acbf1e000 DEOPT UNPACKING pc=0x00007f0b501a9045 sp=0x00007f0b030dc960 mode 2
Event: 23,211 Thread 0x00007f0ab7252000 Uncommon trap: trap_request=0xffffffd6 fr.pc=0x00007f0b50373f04
Event: 23,211 Thread 0x00007f0ab7252000 DEOPT PACKING pc=0x00007f0b50373f04 sp=0x00007f0b02fdbb60
Event: 23,211 Thread 0x00007f0ab7252000 DEOPT UNPACKING pc=0x00007f0b501a9045 sp=0x00007f0b02fdbb20 mode 2
Event: 23,904 Executing VM operation: ParallelGCFailedAllocation
Event: 23,921 Executing VM operation: ParallelGCFailedAllocation done


Dynamic libraries:
00400000-00401000 r-xp 00000000 08:05 1465510                            /usr/local/java/jdk1.7.0_45/bin/java
00600000-00601000 rw-p 00000000 08:05 1465510                            /usr/local/java/jdk1.7.0_45/bin/java
00909000-0092a000 rw-p 00000000 00:00 0                                  [heap]
9fe00000-a2200000 rw-p 00000000 00:00 0 
a2200000-a5000000 rw-p 00000000 00:00 0 
a5000000-aac00000 rw-p 00000000 00:00 0 
aac00000-e1a80000 rw-p 00000000 00:00 0 
e1a80000-ffe80000 rw-p 00000000 00:00 0 
ffe80000-100000000 ---p 00000000 00:00 0 
7f0ab4000000-7f0ab7253000 rw-p 00000000 00:00 0 
7f0ab7253000-7f0ab8000000 ---p 00000000 00:00 0 
7f0abbc83000-7f0ac0000000 rw-p 00000000 00:00 0 
7f0ac0000000-7f0ac3fff000 rw-p 00000000 00:00 0 
7f0ac3fff000-7f0ac4000000 ---p 00000000 00:00 0 
7f0ac56aa000-7f0ac6980000 rw-p 00000000 00:00 0 
7f0ac6980000-7f0ac8000000 r--s 00000000 00:14 29131                      /run/shm/5224_1d27.0600@2.8_Image
7f0ac8000000-7f0acbf57000 rw-p 00000000 00:00 0 
7f0acbf57000-7f0acc000000 ---p 00000000 00:00 0 
7f0acc234000-7f0acd2b6000 rw-p 00000000 00:00 0 
7f0acd2b6000-7f0acd2b7000 ---p 00000000 00:00 0 
7f0acd2b7000-7f0acdab7000 rwxp 00000000 00:00 0 
7f0acdab7000-7f0acde3b000 r--s 00000000 00:14 29129                      /run/shm/5224_1d27.0600@2.8_Depth
7f0acde3b000-7f0ad4000000 rw-p 00000000 00:00 0 
7f0ad4000000-7f0ad4021000 rw-p 00000000 00:00 0 
7f0ad4021000-7f0ad8000000 ---p 00000000 00:00 0 
7f0ad8000000-7f0ad802d000 rw-p 00000000 00:00 0 
7f0ad802d000-7f0adc000000 ---p 00000000 00:00 0 
7f0adc000000-7f0adc099000 rw-p 00000000 00:00 0 
7f0adc099000-7f0ae0000000 ---p 00000000 00:00 0 
7f0ae0000000-7f0ae0021000 rw-p 00000000 00:00 0 
7f0ae0021000-7f0ae4000000 ---p 00000000 00:00 0 
7f0ae4000000-7f0ae4021000 rw-p 00000000 00:00 0 
7f0ae4021000-7f0ae8000000 ---p 00000000 00:00 0 
7f0ae8000000-7f0ae9cbc000 rw-p 00000000 00:00 0 
7f0ae9cbc000-7f0aec000000 ---p 00000000 00:00 0 
7f0aec000000-7f0aedc59000 rw-p 00000000 00:00 0 
7f0aedc59000-7f0af0000000 ---p 00000000 00:00 0 
7f0af0000000-7f0af0099000 rw-p 00000000 00:00 0 
7f0af0099000-7f0af4000000 ---p 00000000 00:00 0 
7f0af4000000-7f0af4021000 rw-p 00000000 00:00 0 
7f0af4021000-7f0af8000000 ---p 00000000 00:00 0 
7f0af8000000-7f0af8025000 rw-p 00000000 00:00 0 
7f0af8025000-7f0afc000000 ---p 00000000 00:00 0 
7f0afc000000-7f0afc1cd000 rw-p 00000000 00:00 0 
7f0afc1cd000-7f0b00000000 ---p 00000000 00:00 0 
7f0b00298000-7f0b007a8000 rw-p 00000000 00:00 0 
7f0b007a8000-7f0b007d2000 r-xp 00000000 08:05 1732012                    /usr/local/java/jdk1.7.0_45/jre/lib/amd64/libdcpr.so
7f0b007d2000-7f0b009d2000 ---p 0002a000 08:05 1732012                    /usr/local/java/jdk1.7.0_45/jre/lib/amd64/libdcpr.so
7f0b009d2000-7f0b009d5000 rw-p 0002a000 08:05 1732012                    /usr/local/java/jdk1.7.0_45/jre/lib/amd64/libdcpr.so
7f0b009d5000-7f0b02055000 r--s 00000000 00:14 27832                      /run/shm/5224_1d27.0601@2.7_Image
7f0b02055000-7f0b02056000 ---p 00000000 00:00 0 
7f0b02056000-7f0b02856000 rwxp 00000000 00:00 0                          [stack:5272]
7f0b02856000-7f0b02bda000 r--s 00000000 00:14 27830                      /run/shm/5224_1d27.0601@2.7_Depth
7f0b02bda000-7f0b02bdd000 ---p 00000000 00:00 0 
7f0b02bdd000-7f0b02cdb000 rwxp 00000000 00:00 0 
7f0b02cdb000-7f0b02cde000 ---p 00000000 00:00 0 
7f0b02cde000-7f0b02ddc000 rwxp 00000000 00:00 0 
7f0b02ddc000-7f0b02ddf000 ---p 00000000 00:00 0 
7f0b02ddf000-7f0b02edd000 rwxp 00000000 00:00 0 
7f0b02edd000-7f0b02ee0000 ---p 00000000 00:00 0 
7f0b02ee0000-7f0b02fde000 rwxp 00000000 00:00 0                          [stack:5277]
7f0b02fde000-7f0b02fe1000 ---p 00000000 00:00 0 
7f0b02fe1000-7f0b030df000 rwxp 00000000 00:00 0                          [stack:5261]
7f0b030df000-7f0b030e2000 ---p 00000000 00:00 0 
7f0b030e2000-7f0b031e0000 rwxp 00000000 00:00 0 
7f0b031e0000-7f0b031e3000 ---p 00000000 00:00 0 
7f0b031e3000-7f0b032e1000 rwxp 00000000 00:00 0 
7f0b032e1000-7f0b03349000 r-xp 00000000 08:05 1731993                    /usr/local/java/jdk1.7.0_45/jre/lib/amd64/libt2k.so
7f0b03349000-7f0b03549000 ---p 00068000 08:05 1731993                    /usr/local/java/jdk1.7.0_45/jre/lib/amd64/libt2k.so
7f0b03549000-7f0b03550000 rw-p 00068000 08:05 1731993                    /usr/local/java/jdk1.7.0_45/jre/lib/amd64/libt2k.so
7f0b03550000-7f0b03560000 rw-p 00000000 00:00 0 
7f0b03560000-7f0b03570000 r-xp 00000000 08:05 1732021                    /usr/local/java/jdk1.7.0_45/jre/lib/amd64/libnio.so
7f0b03570000-7f0b03770000 ---p 00010000 08:05 1732021                    /usr/local/java/jdk1.7.0_45/jre/lib/amd64/libnio.so
7f0b03770000-7f0b03771000 rw-p 00010000 08:05 1732021                    /usr/local/java/jdk1.7.0_45/jre/lib/amd64/libnio.so
7f0b03771000-7f0b03787000 r-xp 00000000 08:05 1731978                    /usr/local/java/jdk1.7.0_45/jre/lib/amd64/libnet.so
7f0b03787000-7f0b03987000 ---p 00016000 08:05 1731978                    /usr/local/java/jdk1.7.0_45/jre/lib/amd64/libnet.so
7f0b03987000-7f0b03988000 rw-p 00016000 08:05 1731978                    /usr/local/java/jdk1.7.0_45/jre/lib/amd64/libnet.so
7f0b03988000-7f0b039e8000 r-xp 00000000 08:05 1732017                    /usr/local/java/jdk1.7.0_45/jre/lib/amd64/libfontmanager.so
7f0b039e8000-7f0b03be7000 ---p 00060000 08:05 1732017                    /usr/local/java/jdk1.7.0_45/jre/lib/amd64/libfontmanager.so
7f0b03be7000-7f0b03beb000 rw-p 0005f000 08:05 1732017                    /usr/local/java/jdk1.7.0_45/jre/lib/amd64/libfontmanager.so
7f0b03beb000-7f0b03bfc000 rw-p 00000000 00:00 0 
7f0b03bfc000-7f0b03bff000 ---p 00000000 00:00 0 
7f0b03bff000-7f0b03cfd000 rwxp 00000000 00:00 0 
7f0b03cfd000-7f0b03d00000 ---p 00000000 00:00 0 
7f0b03d00000-7f0b03dfe000 rwxp 00000000 00:00 0 
7f0b03dfe000-7f0b03e01000 ---p 00000000 00:00 0 
7f0b03e01000-7f0b03eff000 rwxp 00000000 00:00 0                          [stack:5241]
7f0b03eff000-7f0b03f02000 ---p 00000000 00:00 0 
7f0b03f02000-7f0b04000000 rwxp 00000000 00:00 0                          [stack:5240]
7f0b04000000-7f0b04021000 rw-p 00000000 00:00 0 
7f0b04021000-7f0b08000000 ---p 00000000 00:00 0 
7f0b08000000-7f0b08021000 rw-p 00000000 00:00 0 
7f0b08021000-7f0b0c000000 ---p 00000000 00:00 0 
7f0b0c000000-7f0b0c021000 rw-p 00000000 00:00 0 
7f0b0c021000-7f0b10000000 ---p 00000000 00:00 0 
7f0b1002e000-7f0b10031000 ---p 00000000 00:00 0 
7f0b10031000-7f0b1012f000 rwxp 00000000 00:00 0                          [stack:5239]
7f0b1012f000-7f0b10134000 r-xp 00000000 08:05 1322416                    /usr/lib/x86_64-linux-gnu/libXfixes.so.3.1.0
7f0b10134000-7f0b10333000 ---p 00005000 08:05 1322416                    /usr/lib/x86_64-linux-gnu/libXfixes.so.3.1.0
7f0b10333000-7f0b10334000 r--p 00004000 08:05 1322416                    /usr/lib/x86_64-linux-gnu/libXfixes.so.3.1.0
7f0b10334000-7f0b10335000 rw-p 00005000 08:05 1322416                    /usr/lib/x86_64-linux-gnu/libXfixes.so.3.1.0
7f0b10335000-7f0b1033e000 r-xp 00000000 08:05 1322408                    /usr/lib/x86_64-linux-gnu/libXcursor.so.1.0.2
7f0b1033e000-7f0b1053d000 ---p 00009000 08:05 1322408                    /usr/lib/x86_64-linux-gnu/libXcursor.so.1.0.2
7f0b1053d000-7f0b1053e000 r--p 00008000 08:05 1322408                    /usr/lib/x86_64-linux-gnu/libXcursor.so.1.0.2
7f0b1053e000-7f0b1053f000 rw-p 00009000 08:05 1322408                    /usr/lib/x86_64-linux-gnu/libXcursor.so.1.0.2
7f0b1053f000-7f0b1054e000 r-xp 00000000 08:05 1322422                    /usr/lib/x86_64-linux-gnu/libXi.so.6.1.0
7f0b1054e000-7f0b1074d000 ---p 0000f000 08:05 1322422                    /usr/lib/x86_64-linux-gnu/libXi.so.6.1.0
7f0b1074d000-7f0b1074e000 r--p 0000e000 08:05 1322422                    /usr/lib/x86_64-linux-gnu/libXi.so.6.1.0
7f0b1074e000-7f0b1074f000 rw-p 0000f000 08:05 1322422                    /usr/lib/x86_64-linux-gnu/libXi.so.6.1.0
7f0b1074f000-7f0b10754000 r-xp 00000000 08:05 1322440                    /usr/lib/x86_64-linux-gnu/libXtst.so.6.1.0
7f0b10754000-7f0b10953000 ---p 00005000 08:05 1322440                    /usr/lib/x86_64-linux-gnu/libXtst.so.6.1.0
7f0b10953000-7f0b10954000 r--p 00004000 08:05 1322440                    /usr/lib/x86_64-linux-gnu/libXtst.so.6.1.0
7f0b10954000-7f0b10955000 rw-p 00005000 08:05 1322440                    /usr/lib/x86_64-linux-gnu/libXtst.so.6.1.0
7f0b10955000-7f0b1095e000 r-xp 00000000 08:05 1322436                    /usr/lib/x86_64-linux-gnu/libXrender.so.1.3.0
7f0b1095e000-7f0b10b5d000 ---p 00009000 08:05 1322436                    /usr/lib/x86_64-linux-gnu/libXrender.so.1.3.0
7f0b10b5d000-7f0b10b5e000 r--p 00008000 08:05 1322436                    /usr/lib/x86_64-linux-gnu/libXrender.so.1.3.0
7f0b10b5e000-7f0b10b5f000 rw-p 00009000 08:05 1322436                    /usr/lib/x86_64-linux-gnu/libXrender.so.1.3.0
7f0b10b5f000-7f0b10baf000 r-xp 00000000 08:05 403098                     /usr/local/java/jdk1.7.0_45/jre/lib/amd64/xawt/libmawt.so
7f0b10baf000-7f0b10daf000 ---p 00050000 08:05 403098                     /usr/local/java/jdk1.7.0_45/jre/lib/amd64/xawt/libmawt.so
7f0b10daf000-7f0b10db3000 rw-p 00050000 08:05 403098                     /usr/local/java/jdk1.7.0_45/jre/lib/amd64/xawt/libmawt.so
7f0b10db3000-7f0b10db4000 rw-p 00000000 00:00 0 
7f0b10db4000-7f0b10db5000 ---p 00000000 00:00 0 
7f0b10db5000-7f0b115b5000 rwxp 00000000 00:00 0                          [stack:5254]
7f0b115e3000-7f0b115e6000 ---p 00000000 00:00 0 
7f0b115e6000-7f0b116e4000 rwxp 00000000 00:00 0                          [stack:5238]
7f0b116e4000-7f0b11786000 r-xp 00000000 08:05 1731986                    /usr/local/java/jdk1.7.0_45/jre/lib/amd64/libawt.so
7f0b11786000-7f0b11986000 ---p 000a2000 08:05 1731986                    /usr/local/java/jdk1.7.0_45/jre/lib/amd64/libawt.so
7f0b11986000-7f0b11992000 rw-p 000a2000 08:05 1731986                    /usr/local/java/jdk1.7.0_45/jre/lib/amd64/libawt.so
7f0b11992000-7f0b119b6000 rw-p 00000000 00:00 0 
7f0b119b6000-7f0b119b7000 ---p 00000000 00:00 0 
7f0b119b7000-7f0b121b7000 rwxp 00000000 00:00 0                          [stack:5222]
7f0b121b7000-7f0b122ab000 r-xp 00000000 08:05 1320308                    /usr/lib/libXnVHandGenerator_1_5_2.so
7f0b122ab000-7f0b124aa000 ---p 000f4000 08:05 1320308                    /usr/lib/libXnVHandGenerator_1_5_2.so
7f0b124aa000-7f0b124af000 r--p 000f3000 08:05 1320308                    /usr/lib/libXnVHandGenerator_1_5_2.so
7f0b124af000-7f0b124b0000 rw-p 000f8000 08:05 1320308                    /usr/lib/libXnVHandGenerator_1_5_2.so
7f0b124b0000-7f0b124be000 rw-p 00000000 00:00 0 
7f0b124be000-7f0b12596000 r-xp 00000000 08:05 1320304                    /usr/lib/libXnVHandGenerator_1_4_2.so
7f0b12596000-7f0b12795000 ---p 000d8000 08:05 1320304                    /usr/lib/libXnVHandGenerator_1_4_2.so
7f0b12795000-7f0b1279a000 r--p 000d7000 08:05 1320304                    /usr/lib/libXnVHandGenerator_1_4_2.so
7f0b1279a000-7f0b1279b000 rw-p 000dc000 08:05 1320304                    /usr/lib/libXnVHandGenerator_1_4_2.so
7f0b1279b000-7f0b1279e000 rw-p 00000000 00:00 0 
7f0b1279e000-7f0b12876000 r-xp 00000000 08:05 1320290                    /usr/lib/libXnVHandGenerator_1_4_1.so
7f0b12876000-7f0b12a75000 ---p 000d8000 08:05 1320290                    /usr/lib/libXnVHandGenerator_1_4_1.so
7f0b12a75000-7f0b12a7a000 r--p 000d7000 08:05 1320290                    /usr/lib/libXnVHandGenerator_1_4_1.so
7f0b12a7a000-7f0b12a7b000 rw-p 000dc000 08:05 1320290                    /usr/lib/libXnVHandGenerator_1_4_1.so
7f0b12a7b000-7f0b12a7e000 rw-p 00000000 00:00 0 
7f0b12a7e000-7f0b12b61000 r-xp 00000000 08:05 1320267                    /usr/lib/libXnVHandGenerator_1_3_1.so
7f0b12b61000-7f0b12d61000 ---p 000e3000 08:05 1320267                    /usr/lib/libXnVHandGenerator_1_3_1.so
7f0b12d61000-7f0b12d66000 r--p 000e3000 08:05 1320267                    /usr/lib/libXnVHandGenerator_1_3_1.so
7f0b12d66000-7f0b12d67000 rw-p 000e8000 08:05 1320267                    /usr/lib/libXnVHandGenerator_1_3_1.so
7f0b12d67000-7f0b12d6a000 rw-p 00000000 00:00 0 
7f0b12d6a000-7f0b1317f000 r-xp 00000000 08:05 1320236                    /usr/lib/libXnVFeatures_1_5_2.so
7f0b1317f000-7f0b1337f000 ---p 00415000 08:05 1320236                    /usr/lib/libXnVFeatures_1_5_2.so
7f0b1337f000-7f0b13390000 r--p 00415000 08:05 1320236                    /usr/lib/libXnVFeatures_1_5_2.so
7f0b13390000-7f0b13392000 rw-p 00426000 08:05 1320236                    /usr/lib/libXnVFeatures_1_5_2.so
7f0b13392000-7f0b133a7000 rw-p 00000000 00:00 0 
7f0b133a7000-7f0b1359e000 r-xp 00000000 08:05 1320109                    /usr/lib/libXnVFeatures_1_4_2.so
7f0b1359e000-7f0b1379d000 ---p 001f7000 08:05 1320109                    /usr/lib/libXnVFeatures_1_4_2.so
7f0b1379d000-7f0b137a3000 r--p 001f6000 08:05 1320109                    /usr/lib/libXnVFeatures_1_4_2.so
7f0b137a3000-7f0b137a4000 rw-p 001fc000 08:05 1320109                    /usr/lib/libXnVFeatures_1_4_2.so
7f0b137a4000-7f0b137aa000 rw-p 00000000 00:00 0 
7f0b137aa000-7f0b139a1000 r-xp 00000000 08:05 1320070                    /usr/lib/libXnVFeatures_1_4_1.so
7f0b139a1000-7f0b13ba0000 ---p 001f7000 08:05 1320070                    /usr/lib/libXnVFeatures_1_4_1.so
7f0b13ba0000-7f0b13ba6000 r--p 001f6000 08:05 1320070                    /usr/lib/libXnVFeatures_1_4_1.so
7f0b13ba6000-7f0b13ba7000 rw-p 001fc000 08:05 1320070                    /usr/lib/libXnVFeatures_1_4_1.so
7f0b13ba7000-7f0b13bad000 rw-p 00000000 00:00 0 
7f0b13bad000-7f0b13df2000 r-xp 00000000 08:05 1320056                    /usr/lib/libXnVFeatures_1_3_1.so
7f0b13df2000-7f0b13ff2000 ---p 00245000 08:05 1320056                    /usr/lib/libXnVFeatures_1_3_1.so
7f0b13ff2000-7f0b13ff8000 r--p 00245000 08:05 1320056                    /usr/lib/libXnVFeatures_1_3_1.so
7f0b13ff8000-7f0b13ff9000 rw-p 0024b000 08:05 1320056                    /usr/lib/libXnVFeatures_1_3_1.so
7f0b13ff9000-7f0b14000000 rw-p 00000000 00:00 0 
7f0b14000000-7f0b14021000 rw-p 00000000 00:00 0 
7f0b14021000-7f0b18000000 ---p 00000000 00:00 0 
7f0b18062000-7f0b18065000 ---p 00000000 00:00 0 
7f0b18065000-7f0b18163000 rwxp 00000000 00:00 0                          [stack:5237]
7f0b18163000-7f0b18190000 r-xp 00000000 08:05 1314178                    /usr/lib/libXnDeviceFile.so.0
7f0b18190000-7f0b1838f000 ---p 0002d000 08:05 1314178                    /usr/lib/libXnDeviceFile.so.0
7f0b1838f000-7f0b18392000 r--p 0002c000 08:05 1314178                    /usr/lib/libXnDeviceFile.so.0
7f0b18392000-7f0b18393000 rw-p 0002f000 08:05 1314178                    /usr/lib/libXnDeviceFile.so.0
7f0b18393000-7f0b183e6000 r-xp 00000000 08:05 1314177                    /usr/lib/libXnDDK.so.0
7f0b183e6000-7f0b185e5000 ---p 00053000 08:05 1314177                    /usr/lib/libXnDDK.so.0
7f0b185e5000-7f0b185e9000 r--p 00052000 08:05 1314177                    /usr/lib/libXnDDK.so.0
7f0b185e9000-7f0b185eb000 rw-p 00056000 08:05 1314177                    /usr/lib/libXnDDK.so.0
7f0b185eb000-7f0b185f0000 r-xp 00000000 08:05 1314179                    /usr/lib/libXnFormats.so.0
7f0b185f0000-7f0b187ef000 ---p 00005000 08:05 1314179                    /usr/lib/libXnFormats.so.0
7f0b187ef000-7f0b187f0000 r--p 00004000 08:05 1314179                    /usr/lib/libXnFormats.so.0
7f0b187f0000-7f0b187f1000 rw-p 00005000 08:05 1314179                    /usr/lib/libXnFormats.so.0
7f0b187f1000-7f0b18811000 rw-p 00000000 00:00 0 
7f0b18811000-7f0b18814000 r-xp 00000000 08:05 1315727                    /usr/lib/libXnCore.so.0
7f0b18814000-7f0b18a13000 ---p 00003000 08:05 1315727                    /usr/lib/libXnCore.so.0
7f0b18a13000-7f0b18a14000 r--p 00002000 08:05 1315727                    /usr/lib/libXnCore.so.0
7f0b18a14000-7f0b18a15000 rw-p 00003000 08:05 1315727                    /usr/lib/libXnCore.so.0
7f0b18a15000-7f0b18aa9000 r-xp 00000000 08:05 1314176                    /usr/lib/libXnDeviceSensorV2.so.0
7f0b18aa9000-7f0b18ca9000 ---p 00094000 08:05 1314176                    /usr/lib/libXnDeviceSensorV2.so.0
7f0b18ca9000-7f0b18cb9000 r--p 00094000 08:05 1314176                    /usr/lib/libXnDeviceSensorV2.so.0
7f0b18cb9000-7f0b18cba000 rw-p 000a4000 08:05 1314176                    /usr/lib/libXnDeviceSensorV2.so.0
7f0b18cba000-7f0b18cda000 r-xp 00000000 08:05 1314152                    /usr/lib/libnimRecorder.so.0
7f0b18cda000-7f0b18ed9000 ---p 00020000 08:05 1314152                    /usr/lib/libnimRecorder.so.0
7f0b18ed9000-7f0b18edb000 r--p 0001f000 08:05 1314152                    /usr/lib/libnimRecorder.so.0
7f0b18edb000-7f0b18edc000 rw-p 00021000 08:05 1314152                    /usr/lib/libnimRecorder.so.0
7f0b18edc000-7f0b18f1f000 r-xp 00000000 08:05 1320436                    /usr/lib/x86_64-linux-gnu/libjpeg.so.8.0.2
7f0b18f1f000-7f0b1911f000 ---p 00043000 08:05 1320436                    /usr/lib/x86_64-linux-gnu/libjpeg.so.8.0.2
7f0b1911f000-7f0b19120000 r--p 00043000 08:05 1320436                    /usr/lib/x86_64-linux-gnu/libjpeg.so.8.0.2
7f0b19120000-7f0b19121000 rw-p 00044000 08:05 1320436                    /usr/lib/x86_64-linux-gnu/libjpeg.so.8.0.2
7f0b19121000-7f0b19131000 rw-p 00000000 00:00 0 
7f0b19131000-7f0b19148000 r-xp 00000000 08:05 1314147                    /usr/lib/libnimCodecs.so.0
7f0b19148000-7f0b19348000 ---p 00017000 08:05 1314147                    /usr/lib/libnimCodecs.so.0
7f0b19348000-7f0b1934b000 r--p 00017000 08:05 1314147                    /usr/lib/libnimCodecs.so.0
7f0b1934b000-7f0b1934c000 rw-p 0001a000 08:05 1314147                    /usr/lib/libnimCodecs.so.0
7f0b1934c000-7f0b1936c000 rw-p 00000000 00:00 0 
7f0b1936c000-7f0b193a7000 r-xp 00000000 08:05 1314150                    /usr/lib/libnimMockNodes.so.0
7f0b193a7000-7f0b195a6000 ---p 0003b000 08:05 1314150                    /usr/lib/libnimMockNodes.so.0
7f0b195a6000-7f0b195b3000 r--p 0003a000 08:05 1314150                    /usr/lib/libnimMockNodes.so.0
7f0b195b3000-7f0b195b4000 rw-p 00047000 08:05 1314150                    /usr/lib/libnimMockNodes.so.0
7f0b195b4000-7f0b195f8000 r-xp 00000000 08:05 1974017                    /lib/x86_64-linux-gnu/libdbus-1.so.3.7.6
7f0b195f8000-7f0b197f7000 ---p 00044000 08:05 1974017                    /lib/x86_64-linux-gnu/libdbus-1.so.3.7.6
7f0b197f7000-7f0b197f8000 r--p 00043000 08:05 1974017                    /lib/x86_64-linux-gnu/libdbus-1.so.3.7.6
7f0b197f8000-7f0b197f9000 rw-p 00044000 08:05 1974017                    /lib/x86_64-linux-gnu/libdbus-1.so.3.7.6
7f0b197f9000-7f0b19801000 r-xp 00000000 08:05 1974046                    /lib/x86_64-linux-gnu/libnih-dbus.so.1.0.0
7f0b19801000-7f0b19a01000 ---p 00008000 08:05 1974046                    /lib/x86_64-linux-gnu/libnih-dbus.so.1.0.0
7f0b19a01000-7f0b19a02000 r--p 00008000 08:05 1974046                    /lib/x86_64-linux-gnu/libnih-dbus.so.1.0.0
7f0b19a02000-7f0b19a03000 rw-p 00009000 08:05 1974046                    /lib/x86_64-linux-gnu/libnih-dbus.so.1.0.0
7f0b19a03000-7f0b19a1a000 r-xp 00000000 08:05 1974050                    /lib/x86_64-linux-gnu/libnih.so.1.0.0
7f0b19a1a000-7f0b19c19000 ---p 00017000 08:05 1974050                    /lib/x86_64-linux-gnu/libnih.so.1.0.0
7f0b19c19000-7f0b19c1a000 r--p 00016000 08:05 1974050                    /lib/x86_64-linux-gnu/libnih.so.1.0.0
7f0b19c1a000-7f0b19c1b000 rw-p 00017000 08:05 1974050                    /lib/x86_64-linux-gnu/libnih.so.1.0.0
7f0b19c1b000-7f0b19c34000 r-xp 00000000 08:05 1974734                    /lib/x86_64-linux-gnu/libcgmanager.so.0.0.0
7f0b19c34000-7f0b19e33000 ---p 00019000 08:05 1974734                    /lib/x86_64-linux-gnu/libcgmanager.so.0.0.0
7f0b19e33000-7f0b19e35000 r--p 00018000 08:05 1974734                    /lib/x86_64-linux-gnu/libcgmanager.so.0.0.0
7f0b19e35000-7f0b19e36000 rw-p 0001a000 08:05 1974734                    /lib/x86_64-linux-gnu/libcgmanager.so.0.0.0
7f0b19e36000-7f0b19e46000 r-xp 00000000 08:05 1976628                    /lib/x86_64-linux-gnu/libudev.so.1.3.5
7f0b19e46000-7f0b1a045000 ---p 00010000 08:05 1976628                    /lib/x86_64-linux-gnu/libudev.so.1.3.5
7f0b1a045000-7f0b1a046000 r--p 0000f000 08:05 1976628                    /lib/x86_64-linux-gnu/libudev.so.1.3.5
7f0b1a046000-7f0b1a047000 rw-p 00010000 08:05 1976628                    /lib/x86_64-linux-gnu/libudev.so.1.3.5
7f0b1a047000-7f0b1a05b000 r-xp 00000000 08:05 1313746                    /usr/lib/x86_64-linux-gnu/libtinyxml.so.2.6.2
7f0b1a05b000-7f0b1a25a000 ---p 00014000 08:05 1313746                    /usr/lib/x86_64-linux-gnu/libtinyxml.so.2.6.2
7f0b1a25a000-7f0b1a25b000 r--p 00013000 08:05 1313746                    /usr/lib/x86_64-linux-gnu/libtinyxml.so.2.6.2
7f0b1a25b000-7f0b1a25c000 rw-p 00014000 08:05 1313746                    /usr/lib/x86_64-linux-gnu/libtinyxml.so.2.6.2
7f0b1a25c000-7f0b1a271000 r-xp 00000000 08:05 1980335                    /lib/x86_64-linux-gnu/libusb-1.0.so.0.1.0
7f0b1a271000-7f0b1a471000 ---p 00015000 08:05 1980335                    /lib/x86_64-linux-gnu/libusb-1.0.so.0.1.0
7f0b1a471000-7f0b1a472000 r--p 00015000 08:05 1980335                    /lib/x86_64-linux-gnu/libusb-1.0.so.0.1.0
7f0b1a472000-7f0b1a473000 rw-p 00016000 08:05 1980335                    /lib/x86_64-linux-gnu/libusb-1.0.so.0.1.0
7f0b1a473000-7f0b1a4e5000 r-xp 00000000 08:05 1314148                    /usr/lib/libOpenNI.so.0
7f0b1a4e5000-7f0b1a6e5000 ---p 00072000 08:05 1314148                    /usr/lib/libOpenNI.so.0
7f0b1a6e5000-7f0b1a6e7000 r--p 00072000 08:05 1314148                    /usr/lib/libOpenNI.so.0
7f0b1a6e7000-7f0b1a6ea000 rw-p 00074000 08:05 1314148                    /usr/lib/libOpenNI.so.0
7f0b1a6ea000-7f0b1a6eb000 rw-p 00000000 00:00 0 
7f0b1a6eb000-7f0b1a71a000 r-xp 00000000 08:07 4581                       /sda7/data/workspace-git/MAE/libmae_nite/Release/libmae_nite.so
7f0b1a71a000-7f0b1a91a000 ---p 0002f000 08:07 4581                       /sda7/data/workspace-git/MAE/libmae_nite/Release/libmae_nite.so
7f0b1a91a000-7f0b1a91b000 r--p 0002f000 08:07 4581                       /sda7/data/workspace-git/MAE/libmae_nite/Release/libmae_nite.so
7f0b1a91b000-7f0b1a91c000 rw-p 00030000 08:07 4581                       /sda7/data/workspace-git/MAE/libmae_nite/Release/libmae_nite.so
7f0b1a91c000-7f0b1a921000 r-xp 00000000 08:05 1322412                    /usr/lib/x86_64-linux-gnu/libXdmcp.so.6.0.0
7f0b1a921000-7f0b1ab20000 ---p 00005000 08:05 1322412                    /usr/lib/x86_64-linux-gnu/libXdmcp.so.6.0.0
7f0b1ab20000-7f0b1ab21000 r--p 00004000 08:05 1322412                    /usr/lib/x86_64-linux-gnu/libXdmcp.so.6.0.0
7f0b1ab21000-7f0b1ab22000 rw-p 00005000 08:05 1322412                    /usr/lib/x86_64-linux-gnu/libXdmcp.so.6.0.0
7f0b1ab22000-7f0b1ab24000 r-xp 00000000 08:05 1322401                    /usr/lib/x86_64-linux-gnu/libXau.so.6.0.0
7f0b1ab24000-7f0b1ad24000 ---p 00002000 08:05 1322401                    /usr/lib/x86_64-linux-gnu/libXau.so.6.0.0
7f0b1ad24000-7f0b1ad25000 r--p 00002000 08:05 1322401                    /usr/lib/x86_64-linux-gnu/libXau.so.6.0.0
7f0b1ad25000-7f0b1ad26000 rw-p 00003000 08:05 1322401                    /usr/lib/x86_64-linux-gnu/libXau.so.6.0.0
7f0b1ad26000-7f0b1ad43000 r-xp 00000000 08:05 1320023                    /usr/lib/x86_64-linux-gnu/libxcb.so.1.1.0
7f0b1ad43000-7f0b1af43000 ---p 0001d000 08:05 1320023                    /usr/lib/x86_64-linux-gnu/libxcb.so.1.1.0
7f0b1af43000-7f0b1af44000 r--p 0001d000 08:05 1320023                    /usr/lib/x86_64-linux-gnu/libxcb.so.1.1.0
7f0b1af44000-7f0b1af45000 rw-p 0001e000 08:05 1320023                    /usr/lib/x86_64-linux-gnu/libxcb.so.1.1.0
7f0b1af45000-7f0b1b075000 r-xp 00000000 08:05 1320064                    /usr/lib/x86_64-linux-gnu/libX11.so.6.3.0
7f0b1b075000-7f0b1b275000 ---p 00130000 08:05 1320064                    /usr/lib/x86_64-linux-gnu/libX11.so.6.3.0
7f0b1b275000-7f0b1b276000 r--p 00130000 08:05 1320064                    /usr/lib/x86_64-linux-gnu/libX11.so.6.3.0
7f0b1b276000-7f0b1b27a000 rw-p 00131000 08:05 1320064                    /usr/lib/x86_64-linux-gnu/libX11.so.6.3.0
7f0b1b27a000-7f0b1b2b7000 r-xp 00000000 08:05 1974041                    /lib/x86_64-linux-gnu/libpcre.so.3.13.1
7f0b1b2b7000-7f0b1b4b6000 ---p 0003d000 08:05 1974041                    /lib/x86_64-linux-gnu/libpcre.so.3.13.1
7f0b1b4b6000-7f0b1b4b7000 r--p 0003c000 08:05 1974041                    /lib/x86_64-linux-gnu/libpcre.so.3.13.1
7f0b1b4b7000-7f0b1b4b8000 rw-p 0003d000 08:05 1974041                    /lib/x86_64-linux-gnu/libpcre.so.3.13.1
7f0b1b4b8000-7f0b1b4bf000 r-xp 00000000 08:05 1315946                    /usr/lib/x86_64-linux-gnu/libffi.so.6.0.1
7f0b1b4bf000-7f0b1b6be000 ---p 00007000 08:05 1315946                    /usr/lib/x86_64-linux-gnu/libffi.so.6.0.1
7f0b1b6be000-7f0b1b6bf000 r--p 00006000 08:05 1315946                    /usr/lib/x86_64-linux-gnu/libffi.so.6.0.1
7f0b1b6bf000-7f0b1b6c0000 rw-p 00007000 08:05 1315946                    /usr/lib/x86_64-linux-gnu/libffi.so.6.0.1
7f0b1b6c0000-7f0b1b6e1000 r-xp 00000000 08:05 1974096                    /lib/x86_64-linux-gnu/liblzma.so.5.0.0
7f0b1b6e1000-7f0b1b8e0000 ---p 00021000 08:05 1974096                    /lib/x86_64-linux-gnu/liblzma.so.5.0.0
7f0b1b8e0000-7f0b1b8e1000 r--p 00020000 08:05 1974096                    /lib/x86_64-linux-gnu/liblzma.so.5.0.0
7f0b1b8e1000-7f0b1b8e2000 rw-p 00021000 08:05 1974096                    /lib/x86_64-linux-gnu/liblzma.so.5.0.0
7f0b1b8e2000-7f0b1b8f3000 r-xp 00000000 08:05 1322414                    /usr/lib/x86_64-linux-gnu/libXext.so.6.4.0
7f0b1b8f3000-7f0b1baf2000 ---p 00011000 08:05 1322414                    /usr/lib/x86_64-linux-gnu/libXext.so.6.4.0
7f0b1baf2000-7f0b1baf3000 r--p 00010000 08:05 1322414                    /usr/lib/x86_64-linux-gnu/libXext.so.6.4.0
7f0b1baf3000-7f0b1baf4000 rw-p 00011000 08:05 1322414                    /usr/lib/x86_64-linux-gnu/libXext.so.6.4.0
7f0b1baf4000-7f0b1bbfa000 r-xp 00000000 08:05 1974506                    /lib/x86_64-linux-gnu/libglib-2.0.so.0.4002.0
7f0b1bbfa000-7f0b1bdf9000 ---p 00106000 08:05 1974506                    /lib/x86_64-linux-gnu/libglib-2.0.so.0.4002.0
7f0b1bdf9000-7f0b1bdfa000 r--p 00105000 08:05 1974506                    /lib/x86_64-linux-gnu/libglib-2.0.so.0.4002.0
7f0b1bdfa000-7f0b1bdfb000 rw-p 00106000 08:05 1974506                    /lib/x86_64-linux-gnu/libglib-2.0.so.0.4002.0
7f0b1bdfb000-7f0b1bdfc000 rw-p 00000000 00:00 0 
7f0b1bdfc000-7f0b1bdff000 r-xp 00000000 08:05 1320221                    /usr/lib/x86_64-linux-gnu/libgmodule-2.0.so.0.4002.0
7f0b1bdff000-7f0b1bffe000 ---p 00003000 08:05 1320221                    /usr/lib/x86_64-linux-gnu/libgmodule-2.0.so.0.4002.0
7f0b1bffe000-7f0b1bfff000 r--p 00002000 08:05 1320221                    /usr/lib/x86_64-linux-gnu/libgmodule-2.0.so.0.4002.0
7f0b1bfff000-7f0b1c000000 rw-p 00003000 08:05 1320221                    /usr/lib/x86_64-linux-gnu/libgmodule-2.0.so.0.4002.0
7f0b1c000000-7f0b1c6f0000 rw-p 00000000 00:00 0 
7f0b1c6f0000-7f0b20000000 ---p 00000000 00:00 0 
7f0b20000000-7f0b20021000 rw-p 00000000 00:00 0 
7f0b20021000-7f0b24000000 ---p 00000000 00:00 0 
7f0b24000000-7f0b24021000 rw-p 00000000 00:00 0 
7f0b24021000-7f0b28000000 ---p 00000000 00:00 0 
7f0b28000000-7f0b28afd000 rw-p 00000000 00:00 0 
7f0b28afd000-7f0b2c000000 ---p 00000000 00:00 0 
7f0b2c000000-7f0b2c021000 rw-p 00000000 00:00 0 
7f0b2c021000-7f0b30000000 ---p 00000000 00:00 0 
7f0b30000000-7f0b30021000 rw-p 00000000 00:00 0 
7f0b30021000-7f0b34000000 ---p 00000000 00:00 0 
7f0b34000000-7f0b34021000 rw-p 00000000 00:00 0 
7f0b34021000-7f0b38000000 ---p 00000000 00:00 0 
7f0b38000000-7f0b38021000 rw-p 00000000 00:00 0 
7f0b38021000-7f0b3c000000 ---p 00000000 00:00 0 
7f0b3c043000-7f0b3c044000 rw-p 00000000 00:00 0 
7f0b3c044000-7f0b3c045000 rw-s 00000000 00:14 29126                      /run/shm/1d27.0601@2.7-SM
7f0b3c045000-7f0b3c046000 rw-s 00000000 00:14 29137                      /run/shm/1d27.0600@2.8-SM
7f0b3c046000-7f0b3c04a000 r--s 0008a000 08:05 1465651                    /usr/local/java/jdk1.7.0_45/jre/lib/jsse.jar
7f0b3c04a000-7f0b3c051000 r--s 00000000 08:05 1624188                    /usr/lib/x86_64-linux-gnu/gconv/gconv-modules.cache
7f0b3c051000-7f0b3c077000 r--p 00000000 08:05 1775664                    /usr/share/locale-langpack/de/LC_MESSAGES/libc.mo
7f0b3c077000-7f0b3c07d000 r--s 0004b000 08:07 504                        /sda7/data/workspace-git/MAE/samples/SmartHome-Java-Sample/libs/svgsalamander/svgSalamander.jar
7f0b3c07d000-7f0b3c07e000 r--s 00001000 08:07 476                        /sda7/data/workspace-git/MAE/samples/SmartHome-Java-Sample/libs/batik-1.7/batik.jar
7f0b3c07e000-7f0b3c07f000 r--s 00001000 08:07 475                        /sda7/data/workspace-git/MAE/samples/SmartHome-Java-Sample/libs/batik-1.7/batik-ttf2svg.jar
7f0b3c07f000-7f0b3c084000 r--s 00030000 08:07 745                        /sda7/data/workspace-git/MAE/samples/SmartHome-Java-Sample/libs/batik-1.7/lib/batik-svggen.jar
7f0b3c084000-7f0b3c085000 r--s 00004000 08:07 474                        /sda7/data/workspace-git/MAE/samples/SmartHome-Java-Sample/libs/batik-1.7/batik-svgpp.jar
7f0b3c085000-7f0b3c08e000 r--s 0007f000 08:07 473                        /sda7/data/workspace-git/MAE/samples/SmartHome-Java-Sample/libs/batik-1.7/batik-squiggle.jar
7f0b3c08e000-7f0b3c08f000 r--s 00003000 08:07 472                        /sda7/data/workspace-git/MAE/samples/SmartHome-Java-Sample/libs/batik-1.7/batik-slideshow.jar
7f0b3c08f000-7f0b3c095000 r--s 00024000 08:07 744                        /sda7/data/workspace-git/MAE/samples/SmartHome-Java-Sample/libs/batik-1.7/lib/batik-gui-util.jar
7f0b3c095000-7f0b3c09b000 r--s 00028000 08:07 743                        /sda7/data/workspace-git/MAE/samples/SmartHome-Java-Sample/libs/batik-1.7/lib/batik-swing.jar
7f0b3c09b000-7f0b3c09d000 r--s 0000c000 08:07 468                        /sda7/data/workspace-git/MAE/samples/SmartHome-Java-Sample/libs/batik-1.7/batik-rasterizer.jar
7f0b3c09d000-7f0b3c0a5000 r--s 00074000 08:07 471                        /sda7/data/workspace-git/MAE/samples/SmartHome-Java-Sample/libs/batik-1.7/lib/js.jar
7f0b3c0a5000-7f0b3c0b0000 r--s 000ad000 08:07 742                        /sda7/data/workspace-git/MAE/samples/SmartHome-Java-Sample/libs/batik-1.7/lib/pdf-transcoder.jar
7f0b3c0b0000-7f0b3c0c4000 r--s 001a0000 08:07 470                        /sda7/data/workspace-git/MAE/samples/SmartHome-Java-Sample/libs/batik-1.7/lib/xalan-2.6.0.jar
7f0b3c0c4000-7f0b3c0d3000 r-xp 00000000 08:05 1448422                    /usr/lib/fglrx/libatiuki.so.1.0
7f0b3c0d3000-7f0b3c1d3000 ---p 0000f000 08:05 1448422                    /usr/lib/fglrx/libatiuki.so.1.0
7f0b3c1d3000-7f0b3c1e0000 rw-p 0000f000 08:05 1448422                    /usr/lib/fglrx/libatiuki.so.1.0
7f0b3c1e0000-7f0b3c1e1000 rw-p 00000000 00:00 0 
7f0b3c1e1000-7f0b3c230000 r-xp 00000000 08:05 1320223                    /usr/lib/x86_64-linux-gnu/libgobject-2.0.so.0.4002.0
7f0b3c230000-7f0b3c430000 ---p 0004f000 08:05 1320223                    /usr/lib/x86_64-linux-gnu/libgobject-2.0.so.0.4002.0
7f0b3c430000-7f0b3c431000 r--p 0004f000 08:05 1320223                    /usr/lib/x86_64-linux-gnu/libgobject-2.0.so.0.4002.0
7f0b3c431000-7f0b3c432000 rw-p 00050000 08:05 1320223                    /usr/lib/x86_64-linux-gnu/libgobject-2.0.so.0.4002.0
7f0b3c432000-7f0b3c436000 r-xp 00000000 08:05 1322737                    /usr/lib/x86_64-linux-gnu/libsigc-2.0.so.0.0.0
7f0b3c436000-7f0b3c635000 ---p 00004000 08:05 1322737                    /usr/lib/x86_64-linux-gnu/libsigc-2.0.so.0.0.0
7f0b3c635000-7f0b3c636000 r--p 00003000 08:05 1322737                    /usr/lib/x86_64-linux-gnu/libsigc-2.0.so.0.0.0
7f0b3c636000-7f0b3c637000 rw-p 00004000 08:05 1322737                    /usr/lib/x86_64-linux-gnu/libsigc-2.0.so.0.0.0
7f0b3c637000-7f0b3c793000 r-xp 00000000 08:05 1316933                    /usr/lib/x86_64-linux-gnu/libxml2.so.2.9.1
7f0b3c793000-7f0b3c992000 ---p 0015c000 08:05 1316933                    /usr/lib/x86_64-linux-gnu/libxml2.so.2.9.1
7f0b3c992000-7f0b3c99a000 r--p 0015b000 08:05 1316933                    /usr/lib/x86_64-linux-gnu/libxml2.so.2.9.1
7f0b3c99a000-7f0b3c99c000 rw-p 00163000 08:05 1316933                    /usr/lib/x86_64-linux-gnu/libxml2.so.2.9.1
7f0b3c99c000-7f0b3c99d000 rw-p 00000000 00:00 0 
7f0b3c99d000-7f0b3c9cc000 r-xp 00000000 08:05 1320316                    /usr/lib/libtbb.so.2
7f0b3c9cc000-7f0b3cbcb000 ---p 0002f000 08:05 1320316                    /usr/lib/libtbb.so.2
7f0b3cbcb000-7f0b3cbcd000 r--p 0002e000 08:05 1320316                    /usr/lib/libtbb.so.2
7f0b3cbcd000-7f0b3cbcf000 rw-p 00030000 08:05 1320316                    /usr/lib/libtbb.so.2
7f0b3cbcf000-7f0b3cbd1000 rw-p 00000000 00:00 0 
7f0b3cbd1000-7f0b3cc6d000 r-xp 00000000 08:05 1448428                    /usr/lib/fglrx/libGL.so.1.2
7f0b3cc6d000-7f0b3cd6d000 ---p 0009c000 08:05 1448428                    /usr/lib/fglrx/libGL.so.1.2
7f0b3cd6d000-7f0b3cd96000 rwxp 0009c000 08:05 1448428                    /usr/lib/fglrx/libGL.so.1.2
7f0b3cd96000-7f0b3cdb3000 rwxp 00000000 00:00 0 
7f0b3cdb3000-7f0b3cdcb000 r-xp 00000000 08:05 2022667                    /lib/x86_64-linux-gnu/libz.so.1.2.8
7f0b3cdcb000-7f0b3cfca000 ---p 00018000 08:05 2022667                    /lib/x86_64-linux-gnu/libz.so.1.2.8
7f0b3cfca000-7f0b3cfcb000 r--p 00017000 08:05 2022667                    /lib/x86_64-linux-gnu/libz.so.1.2.8
7f0b3cfcb000-7f0b3cfcc000 rw-p 00018000 08:05 2022667                    /lib/x86_64-linux-gnu/libz.so.1.2.8
7f0b3cfcc000-7f0b3cfe2000 r-xp 00000000 08:05 2005719                    /lib/x86_64-linux-gnu/libgcc_s.so.1
7f0b3cfe2000-7f0b3d1e1000 ---p 00016000 08:05 2005719                    /lib/x86_64-linux-gnu/libgcc_s.so.1
7f0b3d1e1000-7f0b3d1e2000 rw-p 00015000 08:05 2005719                    /lib/x86_64-linux-gnu/libgcc_s.so.1
7f0b3d1e2000-7f0b3d2c8000 r-xp 00000000 08:05 1316103                    /usr/lib/x86_64-linux-gnu/libstdc++.so.6.0.19
7f0b3d2c8000-7f0b3d4c7000 ---p 000e6000 08:05 1316103                    /usr/lib/x86_64-linux-gnu/libstdc++.so.6.0.19
7f0b3d4c7000-7f0b3d4cf000 r--p 000e5000 08:05 1316103                    /usr/lib/x86_64-linux-gnu/libstdc++.so.6.0.19
7f0b3d4cf000-7f0b3d4d1000 rw-p 000ed000 08:05 1316103                    /usr/lib/x86_64-linux-gnu/libstdc++.so.6.0.19
7f0b3d4d1000-7f0b3d4e6000 rw-p 00000000 00:00 0 
7f0b3d4e6000-7f0b3d551000 r-xp 00000000 08:05 1343025                    /usr/lib/x86_64-linux-gnu/libglibmm-2.4.so.1.3.0
7f0b3d551000-7f0b3d750000 ---p 0006b000 08:05 1343025                    /usr/lib/x86_64-linux-gnu/libglibmm-2.4.so.1.3.0
7f0b3d750000-7f0b3d752000 r--p 0006a000 08:05 1343025                    /usr/lib/x86_64-linux-gnu/libglibmm-2.4.so.1.3.0
7f0b3d752000-7f0b3d754000 rw-p 0006c000 08:05 1343025                    /usr/lib/x86_64-linux-gnu/libglibmm-2.4.so.1.3.0
7f0b3d754000-7f0b3d77e000 r-xp 00000000 08:05 1359102                    /usr/lib/libxml++-2.6.so.2.0.7
7f0b3d77e000-7f0b3d97d000 ---p 0002a000 08:05 1359102                    /usr/lib/libxml++-2.6.so.2.0.7
7f0b3d97d000-7f0b3d97f000 r--p 00029000 08:05 1359102                    /usr/lib/libxml++-2.6.so.2.0.7
7f0b3d97f000-7f0b3d980000 rw-p 0002b000 08:05 1359102                    /usr/lib/libxml++-2.6.so.2.0.7
7f0b3d980000-7f0b3dbab000 r-xp 00000000 08:05 1320317                    /usr/lib/x86_64-linux-gnu/libopencv_core.so.2.4.8
7f0b3dbab000-7f0b3ddaa000 ---p 0022b000 08:05 1320317                    /usr/lib/x86_64-linux-gnu/libopencv_core.so.2.4.8
7f0b3ddaa000-7f0b3ddae000 r--p 0022a000 08:05 1320317                    /usr/lib/x86_64-linux-gnu/libopencv_core.so.2.4.8
7f0b3ddae000-7f0b3ddb5000 rw-p 0022e000 08:05 1320317                    /usr/lib/x86_64-linux-gnu/libopencv_core.so.2.4.8
7f0b3ddb5000-7f0b3ddb7000 rw-p 00000000 00:00 0 
7f0b3ddb7000-7f0b3ddbc000 r--s 00010000 08:07 741                        /sda7/data/workspace-git/MAE/samples/SmartHome-Java-Sample/libs/batik-1.7/lib/xml-apis-ext.jar
7f0b3ddbc000-7f0b3ddc4000 r--s 00028000 08:07 740                        /sda7/data/workspace-git/MAE/samples/SmartHome-Java-Sample/libs/batik-1.7/lib/xml-apis.jar
7f0b3ddc4000-7f0b3ddd7000 r--s 000d2000 08:07 739                        /sda7/data/workspace-git/MAE/samples/SmartHome-Java-Sample/libs/batik-1.7/lib/xerces_2_5_0.jar
7f0b3ddd7000-7f0b3ddde000 r--s 0005c000 08:07 735                        /sda7/data/workspace-git/MAE/samples/SmartHome-Java-Sample/libs/batik-1.7/lib/batik-awt-util.jar
7f0b3ddde000-7f0b3dde8000 r--s 00080000 08:07 732                        /sda7/data/workspace-git/MAE/samples/SmartHome-Java-Sample/libs/batik-1.7/lib/batik-bridge.jar
7f0b3dde8000-7f0b3e012000 r-xp 00000000 08:07 18240                      /sda7/data/workspace-git/MAE/libmae/Release/libmae.so
7f0b3e012000-7f0b3e211000 ---p 0022a000 08:07 18240                      /sda7/data/workspace-git/MAE/libmae/Release/libmae.so
7f0b3e211000-7f0b3e216000 r--p 00229000 08:07 18240                      /sda7/data/workspace-git/MAE/libmae/Release/libmae.so
7f0b3e216000-7f0b3e218000 rw-p 0022e000 08:07 18240                      /sda7/data/workspace-git/MAE/libmae/Release/libmae.so
7f0b3e218000-7f0b3e219000 ---p 00000000 00:00 0 
7f0b3e219000-7f0b3e41a000 rwxp 00000000 00:00 0                          [stack:5220]
7f0b3e41a000-7f0b3e41b000 ---p 00000000 00:00 0 
7f0b3e41b000-7f0b3e51b000 rwxp 00000000 00:00 0                          [stack:5219]
7f0b3e51b000-7f0b3e51c000 ---p 00000000 00:00 0 
7f0b3e51c000-7f0b3e71d000 rwxp 00000000 00:00 0                          [stack:5217]
7f0b3e71d000-7f0b3f0f1000 r--p 00000000 08:05 1314708                    /usr/lib/locale/locale-archive
7f0b3f0f1000-7f0b3f2f3000 rwxp 00000000 00:00 0                          [stack:5215]
7f0b3f2f3000-7f0b3f2f4000 ---p 00000000 00:00 0 
7f0b3f2f4000-7f0b3f3f4000 rwxp 00000000 00:00 0                          [stack:5214]
7f0b3f3f4000-7f0b40000000 rw-p 00000000 00:00 0 
7f0b40000000-7f0b40021000 rw-p 00000000 00:00 0 
7f0b40021000-7f0b44000000 ---p 00000000 00:00 0 
7f0b44000000-7f0b44021000 rw-p 00000000 00:00 0 
7f0b44021000-7f0b48000000 ---p 00000000 00:00 0 
7f0b48000000-7f0b48021000 rw-p 00000000 00:00 0 
7f0b48021000-7f0b4c000000 ---p 00000000 00:00 0 
7f0b4c000000-7f0b4c003000 r--s 0001d000 08:07 737                        /sda7/data/workspace-git/MAE/samples/SmartHome-Java-Sample/libs/batik-1.7/lib/batik-util.jar
7f0b4c003000-7f0b4c006000 r--s 00026000 08:07 736                        /sda7/data/workspace-git/MAE/samples/SmartHome-Java-Sample/libs/batik-1.7/lib/batik-codec.jar
7f0b4c006000-7f0b4c008000 r--s 0001c000 08:07 734                        /sda7/data/workspace-git/MAE/samples/SmartHome-Java-Sample/libs/batik-1.7/lib/batik-transcoder.jar
7f0b4c008000-7f0b4c015000 r--s 00087000 08:07 728                        /sda7/data/workspace-git/MAE/samples/SmartHome-Java-Sample/libs/batik-1.7/lib/batik-svg-dom.jar
7f0b4c015000-7f0b4c3e7000 rw-p 00000000 00:00 0 
7f0b4c3e7000-7f0b4c5a3000 r--s 039b2000 08:05 1465594                    /usr/local/java/jdk1.7.0_45/jre/lib/rt.jar
7f0b4c5a3000-7f0b4f985000 rw-p 00000000 00:00 0 
7f0b4f985000-7f0b4f986000 ---p 00000000 00:00 0 
7f0b4f986000-7f0b4fa86000 rwxp 00000000 00:00 0                          [stack:5209]
7f0b4fa86000-7f0b4fa87000 ---p 00000000 00:00 0 
7f0b4fa87000-7f0b4fb87000 rwxp 00000000 00:00 0                          [stack:5208]
7f0b4fb87000-7f0b4fb88000 ---p 00000000 00:00 0 
7f0b4fb88000-7f0b4fc88000 rwxp 00000000 00:00 0                          [stack:5207]
7f0b4fc88000-7f0b4fcb6000 rw-p 00000000 00:00 0 
7f0b4fcb6000-7f0b4fe6e000 rw-p 00000000 00:00 0 
7f0b4fe6e000-7f0b4fe80000 rw-p 00000000 00:00 0 
7f0b4fe80000-7f0b4fe97000 rw-p 00000000 00:00 0 
7f0b4fe97000-7f0b4fec5000 rw-p 00000000 00:00 0 
7f0b4fec5000-7f0b5007c000 rw-p 00000000 00:00 0 
7f0b5007c000-7f0b5016f000 rw-p 00000000 00:00 0 
7f0b5016f000-7f0b50170000 rw-p 00000000 00:00 0 
7f0b50170000-7f0b503e0000 rwxp 00000000 00:00 0 
7f0b503e0000-7f0b53170000 rw-p 00000000 00:00 0 
7f0b53170000-7f0b5318a000 r-xp 00000000 08:05 1731999                    /usr/local/java/jdk1.7.0_45/jre/lib/amd64/libzip.so
7f0b5318a000-7f0b5338a000 ---p 0001a000 08:05 1731999                    /usr/local/java/jdk1.7.0_45/jre/lib/amd64/libzip.so
7f0b5338a000-7f0b5338b000 rw-p 0001a000 08:05 1731999                    /usr/local/java/jdk1.7.0_45/jre/lib/amd64/libzip.so
7f0b5338b000-7f0b53396000 r-xp 00000000 08:05 2005755                    /lib/x86_64-linux-gnu/libnss_files-2.19.so
7f0b53396000-7f0b53595000 ---p 0000b000 08:05 2005755                    /lib/x86_64-linux-gnu/libnss_files-2.19.so
7f0b53595000-7f0b53596000 r--p 0000a000 08:05 2005755                    /lib/x86_64-linux-gnu/libnss_files-2.19.so
7f0b53596000-7f0b53597000 rw-p 0000b000 08:05 2005755                    /lib/x86_64-linux-gnu/libnss_files-2.19.so
7f0b53597000-7f0b535a2000 r-xp 00000000 08:05 2005757                    /lib/x86_64-linux-gnu/libnss_nis-2.19.so
7f0b535a2000-7f0b537a1000 ---p 0000b000 08:05 2005757                    /lib/x86_64-linux-gnu/libnss_nis-2.19.so
7f0b537a1000-7f0b537a2000 r--p 0000a000 08:05 2005757                    /lib/x86_64-linux-gnu/libnss_nis-2.19.so
7f0b537a2000-7f0b537a3000 rw-p 0000b000 08:05 2005757                    /lib/x86_64-linux-gnu/libnss_nis-2.19.so
7f0b537a3000-7f0b537ba000 r-xp 00000000 08:05 1980878                    /lib/x86_64-linux-gnu/libnsl-2.19.so
7f0b537ba000-7f0b539b9000 ---p 00017000 08:05 1980878                    /lib/x86_64-linux-gnu/libnsl-2.19.so
7f0b539b9000-7f0b539ba000 r--p 00016000 08:05 1980878                    /lib/x86_64-linux-gnu/libnsl-2.19.so
7f0b539ba000-7f0b539bb000 rw-p 00017000 08:05 1980878                    /lib/x86_64-linux-gnu/libnsl-2.19.so
7f0b539bb000-7f0b539bd000 rw-p 00000000 00:00 0 
7f0b539bd000-7f0b539c6000 r-xp 00000000 08:05 1976388                    /lib/x86_64-linux-gnu/libnss_compat-2.19.so
7f0b539c6000-7f0b53bc5000 ---p 00009000 08:05 1976388                    /lib/x86_64-linux-gnu/libnss_compat-2.19.so
7f0b53bc5000-7f0b53bc6000 r--p 00008000 08:05 1976388                    /lib/x86_64-linux-gnu/libnss_compat-2.19.so
7f0b53bc6000-7f0b53bc7000 rw-p 00009000 08:05 1976388                    /lib/x86_64-linux-gnu/libnss_compat-2.19.so
7f0b53bc7000-7f0b53bf0000 r-xp 00000000 08:05 1731994                    /usr/local/java/jdk1.7.0_45/jre/lib/amd64/libjava.so
7f0b53bf0000-7f0b53df0000 ---p 00029000 08:05 1731994                    /usr/local/java/jdk1.7.0_45/jre/lib/amd64/libjava.so
7f0b53df0000-7f0b53df2000 rw-p 00029000 08:05 1731994                    /usr/local/java/jdk1.7.0_45/jre/lib/amd64/libjava.so
7f0b53df2000-7f0b53dff000 r-xp 00000000 08:05 1731983                    /usr/local/java/jdk1.7.0_45/jre/lib/amd64/libverify.so
7f0b53dff000-7f0b53ffe000 ---p 0000d000 08:05 1731983                    /usr/local/java/jdk1.7.0_45/jre/lib/amd64/libverify.so
7f0b53ffe000-7f0b54000000 rw-p 0000c000 08:05 1731983                    /usr/local/java/jdk1.7.0_45/jre/lib/amd64/libverify.so
7f0b54000000-7f0b58000000 rw-p 00000000 00:00 0 
7f0b58000000-7f0b58003000 r--s 00015000 08:07 733                        /sda7/data/workspace-git/MAE/samples/SmartHome-Java-Sample/libs/batik-1.7/lib/batik-anim.jar
7f0b58003000-7f0b5800b000 r--s 00045000 08:07 727                        /sda7/data/workspace-git/MAE/samples/SmartHome-Java-Sample/libs/batik-1.7/lib/batik-css.jar
7f0b5800b000-7f0b58054000 rw-p 00000000 00:00 0 
7f0b58054000-7f0b58055000 ---p 00000000 00:00 0 
7f0b58055000-7f0b58155000 rwxp 00000000 00:00 0                          [stack:5206]
7f0b58155000-7f0b58167000 rw-p 00000000 00:00 0 
7f0b58167000-7f0b5817e000 rw-p 00000000 00:00 0 
7f0b5817e000-7f0b58185000 r-xp 00000000 08:05 1983246                    /lib/x86_64-linux-gnu/librt-2.19.so
7f0b58185000-7f0b58384000 ---p 00007000 08:05 1983246                    /lib/x86_64-linux-gnu/librt-2.19.so
7f0b58384000-7f0b58385000 r--p 00006000 08:05 1983246                    /lib/x86_64-linux-gnu/librt-2.19.so
7f0b58385000-7f0b58386000 rw-p 00007000 08:05 1983246                    /lib/x86_64-linux-gnu/librt-2.19.so
7f0b58386000-7f0b5848b000 r-xp 00000000 08:05 2005748                    /lib/x86_64-linux-gnu/libm-2.19.so
7f0b5848b000-7f0b5868a000 ---p 00105000 08:05 2005748                    /lib/x86_64-linux-gnu/libm-2.19.so
7f0b5868a000-7f0b5868b000 r--p 00104000 08:05 2005748                    /lib/x86_64-linux-gnu/libm-2.19.so
7f0b5868b000-7f0b5868c000 rw-p 00105000 08:05 2005748                    /lib/x86_64-linux-gnu/libm-2.19.so
7f0b5868c000-7f0b591ee000 r-xp 00000000 08:05 2365703                    /usr/local/java/jdk1.7.0_45/jre/lib/amd64/server/libjvm.so
7f0b591ee000-7f0b593ee000 ---p 00b62000 08:05 2365703                    /usr/local/java/jdk1.7.0_45/jre/lib/amd64/server/libjvm.so
7f0b593ee000-7f0b594b1000 rw-p 00b62000 08:05 2365703                    /usr/local/java/jdk1.7.0_45/jre/lib/amd64/server/libjvm.so
7f0b594b1000-7f0b594f2000 rw-p 00000000 00:00 0 
7f0b594f2000-7f0b596ad000 r-xp 00000000 08:05 2005743                    /lib/x86_64-linux-gnu/libc-2.19.so
7f0b596ad000-7f0b598ad000 ---p 001bb000 08:05 2005743                    /lib/x86_64-linux-gnu/libc-2.19.so
7f0b598ad000-7f0b598b1000 r--p 001bb000 08:05 2005743                    /lib/x86_64-linux-gnu/libc-2.19.so
7f0b598b1000-7f0b598b3000 rw-p 001bf000 08:05 2005743                    /lib/x86_64-linux-gnu/libc-2.19.so
7f0b598b3000-7f0b598b8000 rw-p 00000000 00:00 0 
7f0b598b8000-7f0b598bb000 r-xp 00000000 08:05 2005765                    /lib/x86_64-linux-gnu/libdl-2.19.so
7f0b598bb000-7f0b59aba000 ---p 00003000 08:05 2005765                    /lib/x86_64-linux-gnu/libdl-2.19.so
7f0b59aba000-7f0b59abb000 r--p 00002000 08:05 2005765                    /lib/x86_64-linux-gnu/libdl-2.19.so
7f0b59abb000-7f0b59abc000 rw-p 00003000 08:05 2005765                    /lib/x86_64-linux-gnu/libdl-2.19.so
7f0b59abc000-7f0b59ad2000 r-xp 00000000 08:05 1597259                    /usr/local/java/jdk1.7.0_45/lib/amd64/jli/libjli.so
7f0b59ad2000-7f0b59cd2000 ---p 00016000 08:05 1597259                    /usr/local/java/jdk1.7.0_45/lib/amd64/jli/libjli.so
7f0b59cd2000-7f0b59cd3000 rw-p 00016000 08:05 1597259                    /usr/local/java/jdk1.7.0_45/lib/amd64/jli/libjli.so
7f0b59cd3000-7f0b59cec000 r-xp 00000000 08:05 2005766                    /lib/x86_64-linux-gnu/libpthread-2.19.so
7f0b59cec000-7f0b59eeb000 ---p 00019000 08:05 2005766                    /lib/x86_64-linux-gnu/libpthread-2.19.so
7f0b59eeb000-7f0b59eec000 r--p 00018000 08:05 2005766                    /lib/x86_64-linux-gnu/libpthread-2.19.so
7f0b59eec000-7f0b59eed000 rw-p 00019000 08:05 2005766                    /lib/x86_64-linux-gnu/libpthread-2.19.so
7f0b59eed000-7f0b59ef1000 rw-p 00000000 00:00 0 
7f0b59ef1000-7f0b59f14000 r-xp 00000000 08:05 2005744                    /lib/x86_64-linux-gnu/ld-2.19.so
7f0b59f14000-7f0b59f17000 r--s 0000d000 08:07 731                        /sda7/data/workspace-git/MAE/samples/SmartHome-Java-Sample/libs/batik-1.7/lib/batik-script.jar
7f0b59f17000-7f0b59f1b000 r--s 00038000 08:07 729                        /sda7/data/workspace-git/MAE/samples/SmartHome-Java-Sample/libs/batik-1.7/lib/batik-gvt.jar
7f0b59f1b000-7f0b59f25000 rw-p 00000000 00:00 0 
7f0b59f25000-7f0b59fdb000 rw-p 00000000 00:00 0 
7f0b59fdb000-7f0b59fde000 ---p 00000000 00:00 0 
7f0b59fde000-7f0b5a0dc000 rwxp 00000000 00:00 0                          [stack:5205]
7f0b5a0dc000-7f0b5a0e0000 rw-p 00000000 00:00 0 
7f0b5a0e0000-7f0b5a0e1000 r--s 00007000 08:07 738                        /sda7/data/workspace-git/MAE/samples/SmartHome-Java-Sample/libs/batik-1.7/lib/batik-xml.jar
7f0b5a0e1000-7f0b5a0e3000 r--s 00010000 08:07 730                        /sda7/data/workspace-git/MAE/samples/SmartHome-Java-Sample/libs/batik-1.7/lib/batik-parser.jar
7f0b5a0e3000-7f0b5a0e7000 r--s 00027000 08:07 726                        /sda7/data/workspace-git/MAE/samples/SmartHome-Java-Sample/libs/batik-1.7/lib/batik-dom.jar
7f0b5a0e7000-7f0b5a0e8000 r--s 00002000 08:07 725                        /sda7/data/workspace-git/MAE/samples/SmartHome-Java-Sample/libs/batik-1.7/lib/batik-ext.jar
7f0b5a0e8000-7f0b5a107000 rw-p 00000000 00:00 0 
7f0b5a107000-7f0b5a10f000 rw-s 00000000 08:05 544883                     /tmp/hsperfdata_keks/5204
7f0b5a10f000-7f0b5a110000 rw-p 00000000 00:00 0 
7f0b5a110000-7f0b5a111000 r--p 00000000 00:00 0 
7f0b5a111000-7f0b5a113000 rw-p 00000000 00:00 0 
7f0b5a113000-7f0b5a114000 r--p 00022000 08:05 2005744                    /lib/x86_64-linux-gnu/ld-2.19.so
7f0b5a114000-7f0b5a115000 rw-p 00023000 08:05 2005744                    /lib/x86_64-linux-gnu/ld-2.19.so
7f0b5a115000-7f0b5a116000 rw-p 00000000 00:00 0 
7fff48b6e000-7fff48b8e000 rwxp 00000000 00:00 0                          [stack]
7fff48b8e000-7fff48b90000 rw-p 00000000 00:00 0 
7fff48bfe000-7fff48c00000 r-xp 00000000 00:00 0                          [vdso]
ffffffffff600000-ffffffffff601000 r-xp 00000000 00:00 0                  [vsyscall]

VM Arguments:
jvm_args: -Dfile.encoding=UTF-8 
java_command: main.SmartHomeJavaSample
Launcher Type: SUN_STANDARD

Environment Variables:
JAVA_HOME=/usr/local/java/jdk1.7.0_45
PATH=/usr/local/sbin:/usr/local/bin:/usr/sbin:/usr/bin:/sbin:/bin:/usr/games:/usr/local/games:/home/keks/bin:/usr/local/java/jdk1.7.0_45/bin:/usr/bin
LD_LIBRARY_PATH=/usr/lib32
SHELL=/bin/bash
DISPLAY=:0

Signal Handlers:
SIGSEGV: [libjvm.so+0x9935b0], sa_mask[0]=0x7ffbfeff, sa_flags=0x10000004
SIGBUS: [libjvm.so+0x9935b0], sa_mask[0]=0x7ffbfeff, sa_flags=0x10000004
SIGFPE: [libjvm.so+0x810330], sa_mask[0]=0x7ffbfeff, sa_flags=0x10000004
SIGPIPE: [libjvm.so+0x810330], sa_mask[0]=0x7ffbfeff, sa_flags=0x10000004
SIGXFSZ: [libjvm.so+0x810330], sa_mask[0]=0x7ffbfeff, sa_flags=0x10000004
SIGILL: [libjvm.so+0x810330], sa_mask[0]=0x7ffbfeff, sa_flags=0x10000004
SIGUSR1: SIG_DFL, sa_mask[0]=0x00000000, sa_flags=0x00000000
SIGUSR2: [libjvm.so+0x811820], sa_mask[0]=0x00000004, sa_flags=0x10000004
SIGHUP: [libjvm.so+0x812790], sa_mask[0]=0x7ffbfeff, sa_flags=0x10000004
SIGINT: [libjvm.so+0x812790], sa_mask[0]=0x7ffbfeff, sa_flags=0x10000004
SIGTERM: [libjvm.so+0x812790], sa_mask[0]=0x7ffbfeff, sa_flags=0x10000004
SIGQUIT: [libjvm.so+0x812790], sa_mask[0]=0x7ffbfeff, sa_flags=0x10000004


---------------  S Y S T E M  ---------------

OS:jessie/sid

uname:Linux 3.13.0-41-generic #70-Ubuntu SMP Tue Nov 25 14:40:34 UTC 2014 x86_64
libc:glibc 2.19 NPTL 2.19 
rlimit: STACK 8192k, CORE 0k, NPROC 46412, NOFILE 4096, AS infinity
load average:0,93 0,28 0,35

/proc/meminfo:
MemTotal:        5962964 kB
MemFree:         1853176 kB
Buffers:          183328 kB
Cached:          1106664 kB
SwapCached:            0 kB
Active:          2753220 kB
Inactive:         748056 kB
Active(anon):    2212416 kB
Inactive(anon):    68300 kB
Active(file):     540804 kB
Inactive(file):   679756 kB
Unevictable:          48 kB
Mlocked:              48 kB
SwapTotal:       8787964 kB
SwapFree:        8787964 kB
Dirty:               128 kB
Writeback:             0 kB
AnonPages:       2211472 kB
Mapped:           521736 kB
Shmem:             69440 kB
Slab:             182932 kB
SReclaimable:     148784 kB
SUnreclaim:        34148 kB
KernelStack:        3896 kB
PageTables:        36528 kB
NFS_Unstable:          0 kB
Bounce:                0 kB
WritebackTmp:          0 kB
CommitLimit:    11769444 kB
Committed_AS:    4597952 kB
VmallocTotal:   34359738367 kB
VmallocUsed:      114312 kB
VmallocChunk:   34359608228 kB
HardwareCorrupted:     0 kB
AnonHugePages:   1527808 kB
HugePages_Total:       0
HugePages_Free:        0
HugePages_Rsvd:        0
HugePages_Surp:        0
Hugepagesize:       2048 kB
DirectMap4k:      193008 kB
DirectMap2M:     5949440 kB


CPU:total 4 (2 cores per cpu, 2 threads per core) family 6 model 37 stepping 5, cmov, cx8, fxsr, mmx, sse, sse2, sse3, ssse3, sse4.1, sse4.2, popcnt, aes, ht, tsc, tscinvbit

/proc/cpuinfo:
processor	: 0
vendor_id	: GenuineIntel
cpu family	: 6
model		: 37
model name	: Intel(R) Core(TM) i7 CPU       M 640  @ 2.80GHz
stepping	: 5
microcode	: 0x2
cpu MHz		: 2399.000
cache size	: 4096 KB
physical id	: 0
siblings	: 4
core id		: 0
cpu cores	: 2
apicid		: 0
initial apicid	: 0
fpu		: yes
fpu_exception	: yes
cpuid level	: 11
wp		: yes
flags		: fpu vme de pse tsc msr pae mce cx8 apic sep mtrr pge mca cmov pat pse36 clflush dts acpi mmx fxsr sse sse2 ss ht tm pbe syscall nx rdtscp lm constant_tsc arch_perfmon pebs bts rep_good nopl xtopology nonstop_tsc aperfmperf pni pclmulqdq dtes64 monitor ds_cpl vmx smx est tm2 ssse3 cx16 xtpr pdcm pcid sse4_1 sse4_2 popcnt aes lahf_lm ida arat dtherm tpr_shadow vnmi flexpriority ept vpid
bogomips	: 5586.42
clflush size	: 64
cache_alignment	: 64
address sizes	: 36 bits physical, 48 bits virtual
power management:

processor	: 1
vendor_id	: GenuineIntel
cpu family	: 6
model		: 37
model name	: Intel(R) Core(TM) i7 CPU       M 640  @ 2.80GHz
stepping	: 5
microcode	: 0x2
cpu MHz		: 1199.000
cache size	: 4096 KB
physical id	: 0
siblings	: 4
core id		: 2
cpu cores	: 2
apicid		: 4
initial apicid	: 4
fpu		: yes
fpu_exception	: yes
cpuid level	: 11
wp		: yes
flags		: fpu vme de pse tsc msr pae mce cx8 apic sep mtrr pge mca cmov pat pse36 clflush dts acpi mmx fxsr sse sse2 ss ht tm pbe syscall nx rdtscp lm constant_tsc arch_perfmon pebs bts rep_good nopl xtopology nonstop_tsc aperfmperf pni pclmulqdq dtes64 monitor ds_cpl vmx smx est tm2 ssse3 cx16 xtpr pdcm pcid sse4_1 sse4_2 popcnt aes lahf_lm ida arat dtherm tpr_shadow vnmi flexpriority ept vpid
bogomips	: 5586.42
clflush size	: 64
cache_alignment	: 64
address sizes	: 36 bits physical, 48 bits virtual
power management:

processor	: 2
vendor_id	: GenuineIntel
cpu family	: 6
model		: 37
model name	: Intel(R) Core(TM) i7 CPU       M 640  @ 2.80GHz
stepping	: 5
microcode	: 0x2
cpu MHz		: 2800.000
cache size	: 4096 KB
physical id	: 0
siblings	: 4
core id		: 0
cpu cores	: 2
apicid		: 1
initial apicid	: 1
fpu		: yes
fpu_exception	: yes
cpuid level	: 11
wp		: yes
flags		: fpu vme de pse tsc msr pae mce cx8 apic sep mtrr pge mca cmov pat pse36 clflush dts acpi mmx fxsr sse sse2 ss ht tm pbe syscall nx rdtscp lm constant_tsc arch_perfmon pebs bts rep_good nopl xtopology nonstop_tsc aperfmperf pni pclmulqdq dtes64 monitor ds_cpl vmx smx est tm2 ssse3 cx16 xtpr pdcm pcid sse4_1 sse4_2 popcnt aes lahf_lm ida arat dtherm tpr_shadow vnmi flexpriority ept vpid
bogomips	: 5586.42
clflush size	: 64
cache_alignment	: 64
address sizes	: 36 bits physical, 48 bits virtual
power management:

processor	: 3
vendor_id	: GenuineIntel
cpu family	: 6
model		: 37
model name	: Intel(R) Core(TM) i7 CPU       M 640  @ 2.80GHz
stepping	: 5
microcode	: 0x2
cpu MHz		: 1333.000
cache size	: 4096 KB
physical id	: 0
siblings	: 4
core id		: 2
cpu cores	: 2
apicid		: 5
initial apicid	: 5
fpu		: yes
fpu_exception	: yes
cpuid level	: 11
wp		: yes
flags		: fpu vme de pse tsc msr pae mce cx8 apic sep mtrr pge mca cmov pat pse36 clflush dts acpi mmx fxsr sse sse2 ss ht tm pbe syscall nx rdtscp lm constant_tsc arch_perfmon pebs bts rep_good nopl xtopology nonstop_tsc aperfmperf pni pclmulqdq dtes64 monitor ds_cpl vmx smx est tm2 ssse3 cx16 xtpr pdcm pcid sse4_1 sse4_2 popcnt aes lahf_lm ida arat dtherm tpr_shadow vnmi flexpriority ept vpid
bogomips	: 5586.42
clflush size	: 64
cache_alignment	: 64
address sizes	: 36 bits physical, 48 bits virtual
power management:



Memory: 4k page, physical 5962964k(1853176k free), swap 8787964k(8787964k free)

vm_info: Java HotSpot(TM) 64-Bit Server VM (24.45-b08) for linux-amd64 JRE (1.7.0_45-b18), built on Oct  8 2013 05:44:25 by "java_re" with gcc 4.3.0 20080428 (Red Hat 4.3.0-8)

time: Thu Dec  4 14:12:00 2014
elapsed time: 24 seconds

