This file contains any messages produced by compilers while
running configure, to aid debugging if configure makes a mistake.

It was created by libmae_eventing configure 0.9.0, which was
generated by GNU Autoconf 2.69.  Invocation command line was

  $ ./configure 

## --------- ##
## Platform. ##
## --------- ##

hostname = moonlight
uname -m = x86_64
uname -r = 4.8.0-37-generic
uname -s = Linux
uname -v = #39-Ubuntu SMP Thu Jan 26 02:27:07 UTC 2017

/usr/bin/uname -p = unknown
/bin/uname -X     = unknown

/bin/arch              = unknown
/usr/bin/arch -k       = unknown
/usr/convex/getsysinfo = unknown
/usr/bin/hostinfo      = unknown
/bin/machine           = unknown
/usr/bin/oslevel       = unknown
/bin/universe          = unknown

PATH: /usr/local/sbin
PATH: /usr/local/bin
PATH: /usr/sbin
PATH: /usr/bin
PATH: /sbin
PATH: /bin
PATH: /usr/games
PATH: /usr/local/games


## ----------- ##
## Core tests. ##
## ----------- ##

configure:2357: checking for a BSD-compatible install
configure:2425: result: /usr/bin/install -c
configure:2436: checking whether build environment is sane
configure:2491: result: yes
configure:2642: checking for a thread-safe mkdir -p
configure:2681: result: /bin/mkdir -p
configure:2688: checking for gawk
configure:2704: found /usr/bin/gawk
configure:2715: result: gawk
configure:2726: checking whether make sets $(MAKE)
configure:2748: result: yes
configure:2777: checking whether make supports nested variables
configure:2794: result: yes
configure:2978: checking for pkg-config
configure:2996: found /usr/bin/pkg-config
configure:3008: result: /usr/bin/pkg-config
configure:3033: checking pkg-config is at least version 0.9.0
configure:3036: result: yes
configure:3046: checking for LIBMAE
configure:3053: $PKG_CONFIG --exists --print-errors "libmae >= 0.9.0"
configure:3056: $? = 0
configure:3070: $PKG_CONFIG --exists --print-errors "libmae >= 0.9.0"
configure:3073: $? = 0
configure:3131: result: yes
configure:3141: checking for LIBXMLXX
configure:3148: $PKG_CONFIG --exists --print-errors "libxml++-2.6 >= 2.6"
configure:3151: $? = 0
configure:3165: $PKG_CONFIG --exists --print-errors "libxml++-2.6 >= 2.6"
configure:3168: $? = 0
configure:3226: result: yes
configure:3237: checking build system type
configure:3251: result: x86_64-pc-linux-gnu
configure:3271: checking host system type
configure:3284: result: x86_64-pc-linux-gnu
configure:3316: checking for style of include used by make
configure:3344: result: GNU
configure:3425: checking for g++
configure:3441: found /usr/bin/g++
configure:3452: result: g++
configure:3479: checking for C++ compiler version
configure:3488: g++ --version >&5
g++ (Ubuntu 6.2.0-5ubuntu12) 6.2.0 20161005
Copyright (C) 2016 Free Software Foundation, Inc.
This is free software; see the source for copying conditions.  There is NO
warranty; not even for MERCHANTABILITY or FITNESS FOR A PARTICULAR PURPOSE.

configure:3499: $? = 0
configure:3488: g++ -v >&5
Using built-in specs.
COLLECT_GCC=g++
COLLECT_LTO_WRAPPER=/usr/lib/gcc/x86_64-linux-gnu/6/lto-wrapper
Target: x86_64-linux-gnu
Configured with: ../src/configure -v --with-pkgversion='Ubuntu 6.2.0-5ubuntu12' --with-bugurl=file:///usr/share/doc/gcc-6/README.Bugs --enable-languages=c,ada,c++,java,go,d,fortran,objc,obj-c++ --prefix=/usr --program-suffix=-6 --program-prefix=x86_64-linux-gnu- --enable-shared --enable-linker-build-id --libexecdir=/usr/lib --without-included-gettext --enable-threads=posix --libdir=/usr/lib --enable-nls --with-sysroot=/ --enable-clocale=gnu --enable-libstdcxx-debug --enable-libstdcxx-time=yes --with-default-libstdcxx-abi=new --enable-gnu-unique-object --disable-vtable-verify --enable-libmpx --enable-plugin --enable-default-pie --with-system-zlib --disable-browser-plugin --enable-java-awt=gtk --enable-gtk-cairo --with-java-home=/usr/lib/jvm/java-1.5.0-gcj-6-amd64/jre --enable-java-home --with-jvm-root-dir=/usr/lib/jvm/java-1.5.0-gcj-6-amd64 --with-jvm-jar-dir=/usr/lib/jvm-exports/java-1.5.0-gcj-6-amd64 --with-arch-directory=amd64 --with-ecj-jar=/usr/share/java/eclipse-ecj.jar --enable-objc-gc --enable-multiarch --disable-werror --with-arch-32=i686 --with-abi=m64 --with-multilib-list=m32,m64,mx32 --enable-multilib --with-tune=generic --enable-checking=release --build=x86_64-linux-gnu --host=x86_64-linux-gnu --target=x86_64-linux-gnu
Thread model: posix
gcc version 6.2.0 20161005 (Ubuntu 6.2.0-5ubuntu12) 
configure:3499: $? = 0
configure:3488: g++ -V >&5
g++: error: unrecognized command line option '-V'
g++: fatal error: no input files
compilation terminated.
configure:3499: $? = 1
configure:3488: g++ -qversion >&5
g++: error: unrecognized command line option '-qversion'; did you mean '--version'?
g++: fatal error: no input files
compilation terminated.
configure:3499: $? = 1
configure:3519: checking whether the C++ compiler works
configure:3541: g++    conftest.cpp  >&5
configure:3545: $? = 0
configure:3593: result: yes
configure:3596: checking for C++ compiler default output file name
configure:3598: result: a.out
configure:3604: checking for suffix of executables
configure:3611: g++ -o conftest    conftest.cpp  >&5
configure:3615: $? = 0
configure:3637: result: 
configure:3659: checking whether we are cross compiling
configure:3667: g++ -o conftest    conftest.cpp  >&5
configure:3671: $? = 0
configure:3678: ./conftest
configure:3682: $? = 0
configure:3697: result: no
configure:3702: checking for suffix of object files
configure:3724: g++ -c   conftest.cpp >&5
configure:3728: $? = 0
configure:3749: result: o
configure:3753: checking whether we are using the GNU C++ compiler
configure:3772: g++ -c   conftest.cpp >&5
configure:3772: $? = 0
configure:3781: result: yes
configure:3790: checking whether g++ accepts -g
configure:3810: g++ -c -g  conftest.cpp >&5
configure:3810: $? = 0
configure:3851: result: yes
configure:3876: checking dependency style of g++
configure:3987: result: gcc3
configure:4051: checking for boostlib >= 1.53
configure:4134: g++ -c -g -O2  -I/usr/include conftest.cpp >&5
configure:4134: $? = 0
configure:4136: result: yes
configure:4339: checking for gcc
configure:4355: found /usr/bin/gcc
configure:4366: result: gcc
configure:4595: checking for C compiler version
configure:4604: gcc --version >&5
gcc (Ubuntu 6.2.0-5ubuntu12) 6.2.0 20161005
Copyright (C) 2016 Free Software Foundation, Inc.
This is free software; see the source for copying conditions.  There is NO
warranty; not even for MERCHANTABILITY or FITNESS FOR A PARTICULAR PURPOSE.

configure:4615: $? = 0
configure:4604: gcc -v >&5
Using built-in specs.
COLLECT_GCC=gcc
COLLECT_LTO_WRAPPER=/usr/lib/gcc/x86_64-linux-gnu/6/lto-wrapper
Target: x86_64-linux-gnu
Configured with: ../src/configure -v --with-pkgversion='Ubuntu 6.2.0-5ubuntu12' --with-bugurl=file:///usr/share/doc/gcc-6/README.Bugs --enable-languages=c,ada,c++,java,go,d,fortran,objc,obj-c++ --prefix=/usr --program-suffix=-6 --program-prefix=x86_64-linux-gnu- --enable-shared --enable-linker-build-id --libexecdir=/usr/lib --without-included-gettext --enable-threads=posix --libdir=/usr/lib --enable-nls --with-sysroot=/ --enable-clocale=gnu --enable-libstdcxx-debug --enable-libstdcxx-time=yes --with-default-libstdcxx-abi=new --enable-gnu-unique-object --disable-vtable-verify --enable-libmpx --enable-plugin --enable-default-pie --with-system-zlib --disable-browser-plugin --enable-java-awt=gtk --enable-gtk-cairo --with-java-home=/usr/lib/jvm/java-1.5.0-gcj-6-amd64/jre --enable-java-home --with-jvm-root-dir=/usr/lib/jvm/java-1.5.0-gcj-6-amd64 --with-jvm-jar-dir=/usr/lib/jvm-exports/java-1.5.0-gcj-6-amd64 --with-arch-directory=amd64 --with-ecj-jar=/usr/share/java/eclipse-ecj.jar --enable-objc-gc --enable-multiarch --disable-werror --with-arch-32=i686 --with-abi=m64 --with-multilib-list=m32,m64,mx32 --enable-multilib --with-tune=generic --enable-checking=release --build=x86_64-linux-gnu --host=x86_64-linux-gnu --target=x86_64-linux-gnu
Thread model: posix
gcc version 6.2.0 20161005 (Ubuntu 6.2.0-5ubuntu12) 
configure:4615: $? = 0
configure:4604: gcc -V >&5
gcc: error: unrecognized command line option '-V'
gcc: fatal error: no input files
compilation terminated.
configure:4615: $? = 1
configure:4604: gcc -qversion >&5
gcc: error: unrecognized command line option '-qversion'; did you mean '--version'?
gcc: fatal error: no input files
compilation terminated.
configure:4615: $? = 1
configure:4619: checking whether we are using the GNU C compiler
configure:4638: gcc -c   conftest.c >&5
configure:4638: $? = 0
configure:4647: result: yes
configure:4656: checking whether gcc accepts -g
configure:4676: gcc -c -g  conftest.c >&5
configure:4676: $? = 0
configure:4717: result: yes
configure:4734: checking for gcc option to accept ISO C89
configure:4797: gcc  -c -g -O2  conftest.c >&5
configure:4797: $? = 0
configure:4810: result: none needed
configure:4835: checking whether gcc understands -c and -o together
configure:4857: gcc -c conftest.c -o conftest2.o
configure:4860: $? = 0
configure:4857: gcc -c conftest.c -o conftest2.o
configure:4860: $? = 0
configure:4872: result: yes
configure:4891: checking dependency style of gcc
configure:5002: result: gcc3
configure:5049: checking whether the Boost::ASIO library is available
configure:5080: g++ -c -g -O2  -I/usr/include conftest.cpp >&5
configure:5080: $? = 0
configure:5094: result: yes
configure:5105: checking for main in -lboost_system
configure:5124: gcc -o conftest -g -O2  -I/usr/include  -L/usr/lib/x86_64-linux-gnu conftest.c -lboost_system   >&5
configure:5124: $? = 0
configure:5134: result: yes
configure:5312: checking for C++ compiler version
configure:5321: g++ --version >&5
g++ (Ubuntu 6.2.0-5ubuntu12) 6.2.0 20161005
Copyright (C) 2016 Free Software Foundation, Inc.
This is free software; see the source for copying conditions.  There is NO
warranty; not even for MERCHANTABILITY or FITNESS FOR A PARTICULAR PURPOSE.

configure:5332: $? = 0
configure:5321: g++ -v >&5
Using built-in specs.
COLLECT_GCC=g++
COLLECT_LTO_WRAPPER=/usr/lib/gcc/x86_64-linux-gnu/6/lto-wrapper
Target: x86_64-linux-gnu
Configured with: ../src/configure -v --with-pkgversion='Ubuntu 6.2.0-5ubuntu12' --with-bugurl=file:///usr/share/doc/gcc-6/README.Bugs --enable-languages=c,ada,c++,java,go,d,fortran,objc,obj-c++ --prefix=/usr --program-suffix=-6 --program-prefix=x86_64-linux-gnu- --enable-shared --enable-linker-build-id --libexecdir=/usr/lib --without-included-gettext --enable-threads=posix --libdir=/usr/lib --enable-nls --with-sysroot=/ --enable-clocale=gnu --enable-libstdcxx-debug --enable-libstdcxx-time=yes --with-default-libstdcxx-abi=new --enable-gnu-unique-object --disable-vtable-verify --enable-libmpx --enable-plugin --enable-default-pie --with-system-zlib --disable-browser-plugin --enable-java-awt=gtk --enable-gtk-cairo --with-java-home=/usr/lib/jvm/java-1.5.0-gcj-6-amd64/jre --enable-java-home --with-jvm-root-dir=/usr/lib/jvm/java-1.5.0-gcj-6-amd64 --with-jvm-jar-dir=/usr/lib/jvm-exports/java-1.5.0-gcj-6-amd64 --with-arch-directory=amd64 --with-ecj-jar=/usr/share/java/eclipse-ecj.jar --enable-objc-gc --enable-multiarch --disable-werror --with-arch-32=i686 --with-abi=m64 --with-multilib-list=m32,m64,mx32 --enable-multilib --with-tune=generic --enable-checking=release --build=x86_64-linux-gnu --host=x86_64-linux-gnu --target=x86_64-linux-gnu
Thread model: posix
gcc version 6.2.0 20161005 (Ubuntu 6.2.0-5ubuntu12) 
configure:5332: $? = 0
configure:5321: g++ -V >&5
g++: error: unrecognized command line option '-V'
g++: fatal error: no input files
compilation terminated.
configure:5332: $? = 1
configure:5321: g++ -qversion >&5
g++: error: unrecognized command line option '-qversion'; did you mean '--version'?
g++: fatal error: no input files
compilation terminated.
configure:5332: $? = 1
configure:5336: checking whether we are using the GNU C++ compiler
configure:5364: result: yes
configure:5373: checking whether g++ accepts -g
configure:5434: result: yes
configure:5459: checking dependency style of g++
configure:5570: result: gcc3
configure:5594: checking whether g++ supports C++11 features by default
configure:5888: g++ -c -g -O2  conftest.cpp >&5
configure:5888: $? = 0
configure:5895: result: yes
configure:6291: checking how to print strings
configure:6318: result: printf
configure:6339: checking for a sed that does not truncate output
configure:6403: result: /bin/sed
configure:6421: checking for grep that handles long lines and -e
configure:6479: result: /bin/grep
configure:6484: checking for egrep
configure:6546: result: /bin/grep -E
configure:6551: checking for fgrep
configure:6613: result: /bin/grep -F
configure:6648: checking for ld used by gcc
configure:6715: result: /usr/bin/ld
configure:6722: checking if the linker (/usr/bin/ld) is GNU ld
configure:6737: result: yes
configure:6749: checking for BSD- or MS-compatible name lister (nm)
configure:6803: result: /usr/bin/nm -B
configure:6933: checking the name lister (/usr/bin/nm -B) interface
configure:6940: gcc -c -g -O2  conftest.c >&5
configure:6943: /usr/bin/nm -B "conftest.o"
configure:6946: output
0000000000000000 B some_variable
configure:6953: result: BSD nm
configure:6956: checking whether ln -s works
configure:6960: result: yes
configure:6968: checking the maximum length of command line arguments
configure:7099: result: 1572864
configure:7147: checking how to convert x86_64-pc-linux-gnu file names to x86_64-pc-linux-gnu format
configure:7187: result: func_convert_file_noop
configure:7194: checking how to convert x86_64-pc-linux-gnu file names to toolchain format
configure:7214: result: func_convert_file_noop
configure:7221: checking for /usr/bin/ld option to reload object files
configure:7228: result: -r
configure:7302: checking for objdump
configure:7318: found /usr/bin/objdump
configure:7329: result: objdump
configure:7361: checking how to recognize dependent libraries
configure:7561: result: pass_all
configure:7646: checking for dlltool
configure:7676: result: no
configure:7706: checking how to associate runtime and link libraries
configure:7733: result: printf %s\n
configure:7793: checking for ar
configure:7809: found /usr/bin/ar
configure:7820: result: ar
configure:7857: checking for archiver @FILE support
configure:7874: gcc -c -g -O2  conftest.c >&5
configure:7874: $? = 0
configure:7877: ar cru libconftest.a @conftest.lst >&5
ar: `u' modifier ignored since `D' is the default (see `U')
configure:7880: $? = 0
configure:7885: ar cru libconftest.a @conftest.lst >&5
ar: `u' modifier ignored since `D' is the default (see `U')
ar: conftest.o: No such file or directory
configure:7888: $? = 1
configure:7900: result: @
configure:7958: checking for strip
configure:7974: found /usr/bin/strip
configure:7985: result: strip
configure:8057: checking for ranlib
configure:8073: found /usr/bin/ranlib
configure:8084: result: ranlib
configure:8186: checking command to parse /usr/bin/nm -B output from gcc object
configure:8339: gcc -c -g -O2  conftest.c >&5
configure:8342: $? = 0
configure:8346: /usr/bin/nm -B conftest.o \| sed -n -e 's/^.*[ ]\([ABCDGIRSTW][ABCDGIRSTW]*\)[ ][ ]*\([_A-Za-z][_A-Za-z0-9]*\)$/\1 \2 \2/p' | sed '/ __gnu_lto/d' \> conftest.nm
configure:8349: $? = 0
configure:8415: gcc -o conftest -g -O2   conftest.c conftstm.o >&5
configure:8418: $? = 0
configure:8456: result: ok
configure:8503: checking for sysroot
configure:8533: result: no
configure:8540: checking for a working dd
configure:8578: result: /bin/dd
configure:8582: checking how to truncate binary pipes
configure:8597: result: /bin/dd bs=4096 count=1
configure:8733: gcc -c -g -O2  conftest.c >&5
configure:8736: $? = 0
configure:8926: checking for mt
configure:8942: found /bin/mt
configure:8953: result: mt
configure:8976: checking if mt is a manifest tool
configure:8982: mt '-?'
configure:8990: result: no
configure:9667: checking how to run the C preprocessor
configure:9698: gcc -E  conftest.c
configure:9698: $? = 0
configure:9712: gcc -E  conftest.c
conftest.c:14:28: fatal error: ac_nonexistent.h: No such file or directory
 #include <ac_nonexistent.h>
                            ^
compilation terminated.
configure:9712: $? = 1
configure: failed program was:
| /* confdefs.h */
| #define PACKAGE_NAME "libmae_eventing"
| #define PACKAGE_TARNAME "libmae_eventing"
| #define PACKAGE_VERSION "0.9.0"
| #define PACKAGE_STRING "libmae_eventing 0.9.0"
| #define PACKAGE_BUGREPORT ""
| #define PACKAGE_URL ""
| #define PACKAGE "libmae_eventing"
| #define VERSION "0.9.0"
| #define HAVE_BOOST /**/
| #define HAVE_BOOST_ASIO /**/
| #define HAVE_CXX11 1
| /* end confdefs.h.  */
| #include <ac_nonexistent.h>
configure:9737: result: gcc -E
configure:9757: gcc -E  conftest.c
configure:9757: $? = 0
configure:9771: gcc -E  conftest.c
conftest.c:14:28: fatal error: ac_nonexistent.h: No such file or directory
 #include <ac_nonexistent.h>
                            ^
compilation terminated.
configure:9771: $? = 1
configure: failed program was:
| /* confdefs.h */
| #define PACKAGE_NAME "libmae_eventing"
| #define PACKAGE_TARNAME "libmae_eventing"
| #define PACKAGE_VERSION "0.9.0"
| #define PACKAGE_STRING "libmae_eventing 0.9.0"
| #define PACKAGE_BUGREPORT ""
| #define PACKAGE_URL ""
| #define PACKAGE "libmae_eventing"
| #define VERSION "0.9.0"
| #define HAVE_BOOST /**/
| #define HAVE_BOOST_ASIO /**/
| #define HAVE_CXX11 1
| /* end confdefs.h.  */
| #include <ac_nonexistent.h>
configure:9800: checking for ANSI C header files
configure:9820: gcc -c -g -O2  conftest.c >&5
configure:9820: $? = 0
configure:9893: gcc -o conftest -g -O2   conftest.c  >&5
configure:9893: $? = 0
configure:9893: ./conftest
configure:9893: $? = 0
configure:9904: result: yes
configure:9917: checking for sys/types.h
configure:9917: gcc -c -g -O2  conftest.c >&5
configure:9917: $? = 0
configure:9917: result: yes
configure:9917: checking for sys/stat.h
configure:9917: gcc -c -g -O2  conftest.c >&5
configure:9917: $? = 0
configure:9917: result: yes
configure:9917: checking for stdlib.h
configure:9917: gcc -c -g -O2  conftest.c >&5
configure:9917: $? = 0
configure:9917: result: yes
configure:9917: checking for string.h
configure:9917: gcc -c -g -O2  conftest.c >&5
configure:9917: $? = 0
configure:9917: result: yes
configure:9917: checking for memory.h
configure:9917: gcc -c -g -O2  conftest.c >&5
configure:9917: $? = 0
configure:9917: result: yes
configure:9917: checking for strings.h
configure:9917: gcc -c -g -O2  conftest.c >&5
configure:9917: $? = 0
configure:9917: result: yes
configure:9917: checking for inttypes.h
configure:9917: gcc -c -g -O2  conftest.c >&5
configure:9917: $? = 0
configure:9917: result: yes
configure:9917: checking for stdint.h
configure:9917: gcc -c -g -O2  conftest.c >&5
configure:9917: $? = 0
configure:9917: result: yes
configure:9917: checking for unistd.h
configure:9917: gcc -c -g -O2  conftest.c >&5
configure:9917: $? = 0
configure:9917: result: yes
configure:9931: checking for dlfcn.h
configure:9931: gcc -c -g -O2  conftest.c >&5
configure:9931: $? = 0
configure:9931: result: yes
configure:10197: checking for objdir
configure:10212: result: .libs
configure:10476: checking if gcc supports -fno-rtti -fno-exceptions
configure:10494: gcc -c -g -O2  -fno-rtti -fno-exceptions conftest.c >&5
cc1: warning: command line option '-fno-rtti' is valid for C++/ObjC++ but not for C
configure:10498: $? = 0
configure:10511: result: no
configure:10869: checking for gcc option to produce PIC
configure:10876: result: -fPIC -DPIC
configure:10884: checking if gcc PIC flag -fPIC -DPIC works
configure:10902: gcc -c -g -O2  -fPIC -DPIC -DPIC conftest.c >&5
configure:10906: $? = 0
configure:10919: result: yes
configure:10948: checking if gcc static flag -static works
configure:10976: result: yes
configure:10991: checking if gcc supports -c -o file.o
configure:11012: gcc -c -g -O2  -o out/conftest2.o conftest.c >&5
configure:11016: $? = 0
configure:11038: result: yes
configure:11046: checking if gcc supports -c -o file.o
configure:11093: result: yes
configure:11126: checking whether the gcc linker (/usr/bin/ld -m elf_x86_64) supports shared libraries
configure:12389: result: yes
configure:12426: checking whether -lc should be explicitly linked in
configure:12434: gcc -c -g -O2  conftest.c >&5
configure:12437: $? = 0
configure:12452: gcc -shared  -fPIC -DPIC conftest.o  -v -Wl,-soname -Wl,conftest -o conftest 2\>\&1 \| /bin/grep  -lc  \>/dev/null 2\>\&1
configure:12455: $? = 0
configure:12469: result: no
configure:12629: checking dynamic linker characteristics
configure:13210: gcc -o conftest -g -O2   -Wl,-rpath -Wl,/foo conftest.c  >&5
configure:13210: $? = 0
configure:13459: result: GNU/Linux ld.so
configure:13581: checking how to hardcode library paths into programs
configure:13606: result: immediate
configure:14154: checking whether stripping libraries is possible
configure:14159: result: yes
configure:14194: checking if libtool supports shared libraries
configure:14196: result: yes
configure:14199: checking whether to build shared libraries
configure:14224: result: yes
configure:14227: checking whether to build static libraries
configure:14231: result: yes
configure:14254: checking how to run the C++ preprocessor
configure:14281: g++ -E  conftest.cpp
configure:14281: $? = 0
configure:14295: g++ -E  conftest.cpp
conftest.cpp:26:28: fatal error: ac_nonexistent.h: No such file or directory
 #include <ac_nonexistent.h>
                            ^
compilation terminated.
configure:14295: $? = 1
configure: failed program was:
| /* confdefs.h */
| #define PACKAGE_NAME "libmae_eventing"
| #define PACKAGE_TARNAME "libmae_eventing"
| #define PACKAGE_VERSION "0.9.0"
| #define PACKAGE_STRING "libmae_eventing 0.9.0"
| #define PACKAGE_BUGREPORT ""
| #define PACKAGE_URL ""
| #define PACKAGE "libmae_eventing"
| #define VERSION "0.9.0"
| #define HAVE_BOOST /**/
| #define HAVE_BOOST_ASIO /**/
| #define HAVE_CXX11 1
| #define STDC_HEADERS 1
| #define HAVE_SYS_TYPES_H 1
| #define HAVE_SYS_STAT_H 1
| #define HAVE_STDLIB_H 1
| #define HAVE_STRING_H 1
| #define HAVE_MEMORY_H 1
| #define HAVE_STRINGS_H 1
| #define HAVE_INTTYPES_H 1
| #define HAVE_STDINT_H 1
| #define HAVE_UNISTD_H 1
| #define HAVE_DLFCN_H 1
| #define LT_OBJDIR ".libs/"
| /* end confdefs.h.  */
| #include <ac_nonexistent.h>
configure:14320: result: g++ -E
configure:14340: g++ -E  conftest.cpp
configure:14340: $? = 0
configure:14354: g++ -E  conftest.cpp
conftest.cpp:26:28: fatal error: ac_nonexistent.h: No such file or directory
 #include <ac_nonexistent.h>
                            ^
compilation terminated.
configure:14354: $? = 1
configure: failed program was:
| /* confdefs.h */
| #define PACKAGE_NAME "libmae_eventing"
| #define PACKAGE_TARNAME "libmae_eventing"
| #define PACKAGE_VERSION "0.9.0"
| #define PACKAGE_STRING "libmae_eventing 0.9.0"
| #define PACKAGE_BUGREPORT ""
| #define PACKAGE_URL ""
| #define PACKAGE "libmae_eventing"
| #define VERSION "0.9.0"
| #define HAVE_BOOST /**/
| #define HAVE_BOOST_ASIO /**/
| #define HAVE_CXX11 1
| #define STDC_HEADERS 1
| #define HAVE_SYS_TYPES_H 1
| #define HAVE_SYS_STAT_H 1
| #define HAVE_STDLIB_H 1
| #define HAVE_STRING_H 1
| #define HAVE_MEMORY_H 1
| #define HAVE_STRINGS_H 1
| #define HAVE_INTTYPES_H 1
| #define HAVE_STDINT_H 1
| #define HAVE_UNISTD_H 1
| #define HAVE_DLFCN_H 1
| #define LT_OBJDIR ".libs/"
| /* end confdefs.h.  */
| #include <ac_nonexistent.h>
configure:14516: checking for ld used by g++
configure:14583: result: /usr/bin/ld -m elf_x86_64
configure:14590: checking if the linker (/usr/bin/ld -m elf_x86_64) is GNU ld
configure:14605: result: yes
configure:14660: checking whether the g++ linker (/usr/bin/ld -m elf_x86_64) supports shared libraries
configure:15733: result: yes
configure:15769: g++ -c -g -O2  conftest.cpp >&5
configure:15772: $? = 0
configure:16253: checking for g++ option to produce PIC
configure:16260: result: -fPIC -DPIC
configure:16268: checking if g++ PIC flag -fPIC -DPIC works
configure:16286: g++ -c -g -O2  -fPIC -DPIC -DPIC conftest.cpp >&5
configure:16290: $? = 0
configure:16303: result: yes
configure:16326: checking if g++ static flag -static works
configure:16354: result: yes
configure:16366: checking if g++ supports -c -o file.o
configure:16387: g++ -c -g -O2  -o out/conftest2.o conftest.cpp >&5
configure:16391: $? = 0
configure:16413: result: yes
configure:16418: checking if g++ supports -c -o file.o
configure:16465: result: yes
configure:16495: checking whether the g++ linker (/usr/bin/ld -m elf_x86_64) supports shared libraries
configure:16538: result: yes
configure:16679: checking dynamic linker characteristics
configure:17436: result: GNU/Linux ld.so
configure:17501: checking how to hardcode library paths into programs
configure:17526: result: immediate
configure:17736: checking that generated files are newer than configure
configure:17742: result: done
configure:17773: creating ./config.status

## ---------------------- ##
## Running config.status. ##
## ---------------------- ##

This file was extended by libmae_eventing config.status 0.9.0, which was
generated by GNU Autoconf 2.69.  Invocation command line was

  CONFIG_FILES    = 
  CONFIG_HEADERS  = 
  CONFIG_LINKS    = 
  CONFIG_COMMANDS = 
  $ ./config.status 

on moonlight

config.status:1095: creating libmae_eventing.pc
config.status:1095: creating Makefile
config.status:1095: creating include/Makefile
config.status:1267: executing depfiles commands
config.status:1267: executing libtool commands

## ---------------- ##
## Cache variables. ##
## ---------------- ##

ac_cv_build=x86_64-pc-linux-gnu
ac_cv_c_compiler_gnu=yes
ac_cv_cxx_compiler_gnu=yes
ac_cv_env_CCC_set=
ac_cv_env_CCC_value=
ac_cv_env_CC_set=
ac_cv_env_CC_value=
ac_cv_env_CFLAGS_set=
ac_cv_env_CFLAGS_value=
ac_cv_env_CPPFLAGS_set=
ac_cv_env_CPPFLAGS_value=
ac_cv_env_CPP_set=
ac_cv_env_CPP_value=
ac_cv_env_CXXCPP_set=
ac_cv_env_CXXCPP_value=
ac_cv_env_CXXFLAGS_set=
ac_cv_env_CXXFLAGS_value=
ac_cv_env_CXX_set=
ac_cv_env_CXX_value=
ac_cv_env_LDFLAGS_set=
ac_cv_env_LDFLAGS_value=
ac_cv_env_LIBMAE_CFLAGS_set=
ac_cv_env_LIBMAE_CFLAGS_value=
ac_cv_env_LIBMAE_LIBS_set=
ac_cv_env_LIBMAE_LIBS_value=
ac_cv_env_LIBS_set=
ac_cv_env_LIBS_value=
ac_cv_env_LIBXMLXX_CFLAGS_set=
ac_cv_env_LIBXMLXX_CFLAGS_value=
ac_cv_env_LIBXMLXX_LIBS_set=
ac_cv_env_LIBXMLXX_LIBS_value=
ac_cv_env_LT_SYS_LIBRARY_PATH_set=
ac_cv_env_LT_SYS_LIBRARY_PATH_value=
ac_cv_env_PKG_CONFIG_LIBDIR_set=
ac_cv_env_PKG_CONFIG_LIBDIR_value=
ac_cv_env_PKG_CONFIG_PATH_set=
ac_cv_env_PKG_CONFIG_PATH_value=
ac_cv_env_PKG_CONFIG_set=
ac_cv_env_PKG_CONFIG_value=
ac_cv_env_build_alias_set=
ac_cv_env_build_alias_value=
ac_cv_env_host_alias_set=
ac_cv_env_host_alias_value=
ac_cv_env_target_alias_set=
ac_cv_env_target_alias_value=
ac_cv_header_dlfcn_h=yes
ac_cv_header_inttypes_h=yes
ac_cv_header_memory_h=yes
ac_cv_header_stdc=yes
ac_cv_header_stdint_h=yes
ac_cv_header_stdlib_h=yes
ac_cv_header_string_h=yes
ac_cv_header_strings_h=yes
ac_cv_header_sys_stat_h=yes
ac_cv_header_sys_types_h=yes
ac_cv_header_unistd_h=yes
ac_cv_host=x86_64-pc-linux-gnu
ac_cv_lib_boost_system___main=yes
ac_cv_objext=o
ac_cv_path_EGREP='/bin/grep -E'
ac_cv_path_FGREP='/bin/grep -F'
ac_cv_path_GREP=/bin/grep
ac_cv_path_SED=/bin/sed
ac_cv_path_ac_pt_PKG_CONFIG=/usr/bin/pkg-config
ac_cv_path_install='/usr/bin/install -c'
ac_cv_path_lt_DD=/bin/dd
ac_cv_path_mkdir=/bin/mkdir
ac_cv_prog_AWK=gawk
ac_cv_prog_CPP='gcc -E'
ac_cv_prog_CXXCPP='g++ -E'
ac_cv_prog_ac_ct_AR=ar
ac_cv_prog_ac_ct_CC=gcc
ac_cv_prog_ac_ct_CXX=g++
ac_cv_prog_ac_ct_MANIFEST_TOOL=mt
ac_cv_prog_ac_ct_OBJDUMP=objdump
ac_cv_prog_ac_ct_RANLIB=ranlib
ac_cv_prog_ac_ct_STRIP=strip
ac_cv_prog_cc_c89=
ac_cv_prog_cc_g=yes
ac_cv_prog_cxx_g=yes
ac_cv_prog_make_make_set=yes
am_cv_CC_dependencies_compiler_type=gcc3
am_cv_CXX_dependencies_compiler_type=gcc3
am_cv_make_support_nested_variables=yes
am_cv_prog_cc_c_o=yes
ax_cv_boost_asio=yes
ax_cv_cxx_compile_cxx11=yes
lt_cv_ar_at_file=@
lt_cv_archive_cmds_need_lc=no
lt_cv_deplibs_check_method=pass_all
lt_cv_file_magic_cmd='$MAGIC_CMD'
lt_cv_file_magic_test_file=
lt_cv_ld_reload_flag=-r
lt_cv_nm_interface='BSD nm'
lt_cv_objdir=.libs
lt_cv_path_LD=/usr/bin/ld
lt_cv_path_LDCXX='/usr/bin/ld -m elf_x86_64'
lt_cv_path_NM='/usr/bin/nm -B'
lt_cv_path_mainfest_tool=no
lt_cv_prog_compiler_c_o=yes
lt_cv_prog_compiler_c_o_CXX=yes
lt_cv_prog_compiler_pic='-fPIC -DPIC'
lt_cv_prog_compiler_pic_CXX='-fPIC -DPIC'
lt_cv_prog_compiler_pic_works=yes
lt_cv_prog_compiler_pic_works_CXX=yes
lt_cv_prog_compiler_rtti_exceptions=no
lt_cv_prog_compiler_static_works=yes
lt_cv_prog_compiler_static_works_CXX=yes
lt_cv_prog_gnu_ld=yes
lt_cv_prog_gnu_ldcxx=yes
lt_cv_sharedlib_from_linklib_cmd='printf %s\n'
lt_cv_shlibpath_overrides_runpath=no
lt_cv_sys_global_symbol_pipe='sed -n -e '\''s/^.*[	 ]\([ABCDGIRSTW][ABCDGIRSTW]*\)[	 ][	 ]*\([_A-Za-z][_A-Za-z0-9]*\)$/\1 \2 \2/p'\'' | sed '\''/ __gnu_lto/d'\'''
lt_cv_sys_global_symbol_to_c_name_address='sed -n -e '\''s/^: \(.*\) .*$/  {"\1", (void *) 0},/p'\'' -e '\''s/^[ABCDGIRSTW][ABCDGIRSTW]* .* \(.*\)$/  {"\1", (void *) \&\1},/p'\'''
lt_cv_sys_global_symbol_to_c_name_address_lib_prefix='sed -n -e '\''s/^: \(.*\) .*$/  {"\1", (void *) 0},/p'\'' -e '\''s/^[ABCDGIRSTW][ABCDGIRSTW]* .* \(lib.*\)$/  {"\1", (void *) \&\1},/p'\'' -e '\''s/^[ABCDGIRSTW][ABCDGIRSTW]* .* \(.*\)$/  {"lib\1", (void *) \&\1},/p'\'''
lt_cv_sys_global_symbol_to_cdecl='sed -n -e '\''s/^T .* \(.*\)$/extern int \1();/p'\'' -e '\''s/^[ABCDGIRSTW][ABCDGIRSTW]* .* \(.*\)$/extern char \1;/p'\'''
lt_cv_sys_global_symbol_to_import=
lt_cv_sys_max_cmd_len=1572864
lt_cv_to_host_file_cmd=func_convert_file_noop
lt_cv_to_tool_file_cmd=func_convert_file_noop
lt_cv_truncate_bin='/bin/dd bs=4096 count=1'
pkg_cv_LIBMAE_CFLAGS='-I/usr/local/include -I/usr/include/opencv -I/usr/include/libxml++-2.6 -I/usr/lib/x86_64-linux-gnu/libxml++-2.6/include -I/usr/include/libxml2 -I/usr/include/glibmm-2.4 -I/usr/lib/x86_64-linux-gnu/glibmm-2.4/include -I/usr/include/glib-2.0 -I/usr/lib/x86_64-linux-gnu/glib-2.0/include -I/usr/include/sigc++-2.0 -I/usr/lib/x86_64-linux-gnu/sigc++-2.0/include'
pkg_cv_LIBMAE_LIBS='-L/usr/local/lib -lmae /usr/lib/x86_64-linux-gnu/libopencv_calib3d.so -lopencv_calib3d /usr/lib/x86_64-linux-gnu/libopencv_contrib.so -lopencv_contrib /usr/lib/x86_64-linux-gnu/libopencv_core.so -lopencv_core /usr/lib/x86_64-linux-gnu/libopencv_features2d.so -lopencv_features2d /usr/lib/x86_64-linux-gnu/libopencv_flann.so -lopencv_flann /usr/lib/x86_64-linux-gnu/libopencv_gpu.so -lopencv_gpu /usr/lib/x86_64-linux-gnu/libopencv_highgui.so -lopencv_highgui /usr/lib/x86_64-linux-gnu/libopencv_imgproc.so -lopencv_imgproc /usr/lib/x86_64-linux-gnu/libopencv_legacy.so -lopencv_legacy /usr/lib/x86_64-linux-gnu/libopencv_ml.so -lopencv_ml /usr/lib/x86_64-linux-gnu/libopencv_objdetect.so -lopencv_objdetect /usr/lib/x86_64-linux-gnu/libopencv_ocl.so -lopencv_ocl /usr/lib/x86_64-linux-gnu/libopencv_photo.so -lopencv_photo /usr/lib/x86_64-linux-gnu/libopencv_stitching.so -lopencv_stitching /usr/lib/x86_64-linux-gnu/libopencv_superres.so -lopencv_superres /usr/lib/x86_64-linux-gnu/libopencv_ts.so -lopencv_ts /usr/lib/x86_64-linux-gnu/libopencv_video.so -lopencv_video /usr/lib/x86_64-linux-gnu/libopencv_videostab.so -lopencv_videostab -lxml++-2.6 -lxml2 -lglibmm-2.4 -lgobject-2.0 -lglib-2.0 -lsigc-2.0'
pkg_cv_LIBXMLXX_CFLAGS='-I/usr/include/libxml++-2.6 -I/usr/lib/x86_64-linux-gnu/libxml++-2.6/include -I/usr/include/libxml2 -I/usr/include/glibmm-2.4 -I/usr/lib/x86_64-linux-gnu/glibmm-2.4/include -I/usr/include/glib-2.0 -I/usr/lib/x86_64-linux-gnu/glib-2.0/include -I/usr/include/sigc++-2.0 -I/usr/lib/x86_64-linux-gnu/sigc++-2.0/include'
pkg_cv_LIBXMLXX_LIBS='-lxml++-2.6 -lxml2 -lglibmm-2.4 -lgobject-2.0 -lglib-2.0 -lsigc-2.0'

## ----------------- ##
## Output variables. ##
## ----------------- ##

ACLOCAL='${SHELL} /home/keks/workspaces/git/MAE/libmae_eventing/missing aclocal-1.15'
AMDEPBACKSLASH='\'
AMDEP_FALSE='#'
AMDEP_TRUE=''
AMTAR='$${TAR-tar}'
AM_BACKSLASH='\'
AM_DEFAULT_V='$(AM_DEFAULT_VERBOSITY)'
AM_DEFAULT_VERBOSITY='1'
AM_V='$(V)'
AR='ar'
AUTOCONF='${SHELL} /home/keks/workspaces/git/MAE/libmae_eventing/missing autoconf'
AUTOHEADER='${SHELL} /home/keks/workspaces/git/MAE/libmae_eventing/missing autoheader'
AUTOMAKE='${SHELL} /home/keks/workspaces/git/MAE/libmae_eventing/missing automake-1.15'
AWK='gawk'
BOOST_ASIO_LIB='-lboost_system'
BOOST_CPPFLAGS='-I/usr/include'
BOOST_LDFLAGS='-L/usr/lib/x86_64-linux-gnu'
CC='gcc'
CCDEPMODE='depmode=gcc3'
CFLAGS='-g -O2'
CPP='gcc -E'
CPPFLAGS=''
CXX='g++'
CXXCPP='g++ -E'
CXXDEPMODE='depmode=gcc3'
CXXFLAGS='-g -O2'
CYGPATH_W='echo'
DEFS='-DPACKAGE_NAME=\"libmae_eventing\" -DPACKAGE_TARNAME=\"libmae_eventing\" -DPACKAGE_VERSION=\"0.9.0\" -DPACKAGE_STRING=\"libmae_eventing\ 0.9.0\" -DPACKAGE_BUGREPORT=\"\" -DPACKAGE_URL=\"\" -DPACKAGE=\"libmae_eventing\" -DVERSION=\"0.9.0\" -DHAVE_BOOST=/\*\*/ -DHAVE_BOOST_ASIO=/\*\*/ -DHAVE_CXX11=1 -DSTDC_HEADERS=1 -DHAVE_SYS_TYPES_H=1 -DHAVE_SYS_STAT_H=1 -DHAVE_STDLIB_H=1 -DHAVE_STRING_H=1 -DHAVE_MEMORY_H=1 -DHAVE_STRINGS_H=1 -DHAVE_INTTYPES_H=1 -DHAVE_STDINT_H=1 -DHAVE_UNISTD_H=1 -DHAVE_DLFCN_H=1 -DLT_OBJDIR=\".libs/\"'
DEPDIR='.deps'
DLLTOOL='false'
DSYMUTIL=''
DUMPBIN=''
ECHO_C=''
ECHO_N='-n'
ECHO_T=''
EGREP='/bin/grep -E'
EXEEXT=''
FGREP='/bin/grep -F'
GREP='/bin/grep'
HAVE_CXX11='1'
INSTALL_DATA='${INSTALL} -m 644'
INSTALL_PROGRAM='${INSTALL}'
INSTALL_SCRIPT='${INSTALL}'
INSTALL_STRIP_PROGRAM='$(install_sh) -c -s'
LD='/usr/bin/ld -m elf_x86_64'
LDFLAGS=''
LIBMAE_CFLAGS='-I/usr/local/include -I/usr/include/opencv -I/usr/include/libxml++-2.6 -I/usr/lib/x86_64-linux-gnu/libxml++-2.6/include -I/usr/include/libxml2 -I/usr/include/glibmm-2.4 -I/usr/lib/x86_64-linux-gnu/glibmm-2.4/include -I/usr/include/glib-2.0 -I/usr/lib/x86_64-linux-gnu/glib-2.0/include -I/usr/include/sigc++-2.0 -I/usr/lib/x86_64-linux-gnu/sigc++-2.0/include'
LIBMAE_LIBS='-L/usr/local/lib -lmae /usr/lib/x86_64-linux-gnu/libopencv_calib3d.so -lopencv_calib3d /usr/lib/x86_64-linux-gnu/libopencv_contrib.so -lopencv_contrib /usr/lib/x86_64-linux-gnu/libopencv_core.so -lopencv_core /usr/lib/x86_64-linux-gnu/libopencv_features2d.so -lopencv_features2d /usr/lib/x86_64-linux-gnu/libopencv_flann.so -lopencv_flann /usr/lib/x86_64-linux-gnu/libopencv_gpu.so -lopencv_gpu /usr/lib/x86_64-linux-gnu/libopencv_highgui.so -lopencv_highgui /usr/lib/x86_64-linux-gnu/libopencv_imgproc.so -lopencv_imgproc /usr/lib/x86_64-linux-gnu/libopencv_legacy.so -lopencv_legacy /usr/lib/x86_64-linux-gnu/libopencv_ml.so -lopencv_ml /usr/lib/x86_64-linux-gnu/libopencv_objdetect.so -lopencv_objdetect /usr/lib/x86_64-linux-gnu/libopencv_ocl.so -lopencv_ocl /usr/lib/x86_64-linux-gnu/libopencv_photo.so -lopencv_photo /usr/lib/x86_64-linux-gnu/libopencv_stitching.so -lopencv_stitching /usr/lib/x86_64-linux-gnu/libopencv_superres.so -lopencv_superres /usr/lib/x86_64-linux-gnu/libopencv_ts.so -lopencv_ts /usr/lib/x86_64-linux-gnu/libopencv_video.so -lopencv_video /usr/lib/x86_64-linux-gnu/libopencv_videostab.so -lopencv_videostab -lxml++-2.6 -lxml2 -lglibmm-2.4 -lgobject-2.0 -lglib-2.0 -lsigc-2.0'
LIBOBJS=''
LIBS=''
LIBTOOL='$(SHELL) $(top_builddir)/libtool'
LIBXMLXX_CFLAGS='-I/usr/include/libxml++-2.6 -I/usr/lib/x86_64-linux-gnu/libxml++-2.6/include -I/usr/include/libxml2 -I/usr/include/glibmm-2.4 -I/usr/lib/x86_64-linux-gnu/glibmm-2.4/include -I/usr/include/glib-2.0 -I/usr/lib/x86_64-linux-gnu/glib-2.0/include -I/usr/include/sigc++-2.0 -I/usr/lib/x86_64-linux-gnu/sigc++-2.0/include'
LIBXMLXX_LIBS='-lxml++-2.6 -lxml2 -lglibmm-2.4 -lgobject-2.0 -lglib-2.0 -lsigc-2.0'
LIPO=''
LN_S='ln -s'
LTLIBOBJS=''
LT_SYS_LIBRARY_PATH=''
MAKEINFO='${SHELL} /home/keks/workspaces/git/MAE/libmae_eventing/missing makeinfo'
MANIFEST_TOOL=':'
MKDIR_P='/bin/mkdir -p'
NM='/usr/bin/nm -B'
NMEDIT=''
OBJDUMP='objdump'
OBJEXT='o'
OTOOL64=''
OTOOL=''
PACKAGE='libmae_eventing'
PACKAGE_BUGREPORT=''
PACKAGE_NAME='libmae_eventing'
PACKAGE_STRING='libmae_eventing 0.9.0'
PACKAGE_TARNAME='libmae_eventing'
PACKAGE_URL=''
PACKAGE_VERSION='0.9.0'
PATH_SEPARATOR=':'
PKG_CONFIG='/usr/bin/pkg-config'
PKG_CONFIG_LIBDIR=''
PKG_CONFIG_PATH=''
RANLIB='ranlib'
SED='/bin/sed'
SET_MAKE=''
SHELL='/bin/bash'
STRIP='strip'
VERSION='0.9.0'
ac_ct_AR='ar'
ac_ct_CC='gcc'
ac_ct_CXX='g++'
ac_ct_DUMPBIN=''
am__EXEEXT_FALSE=''
am__EXEEXT_TRUE='#'
am__fastdepCC_FALSE='#'
am__fastdepCC_TRUE=''
am__fastdepCXX_FALSE='#'
am__fastdepCXX_TRUE=''
am__include='include'
am__isrc=''
am__leading_dot='.'
am__nodep='_no'
am__quote=''
am__tar='$${TAR-tar} chof - "$$tardir"'
am__untar='$${TAR-tar} xf -'
bindir='${exec_prefix}/bin'
build='x86_64-pc-linux-gnu'
build_alias=''
build_cpu='x86_64'
build_os='linux-gnu'
build_vendor='pc'
datadir='${datarootdir}'
datarootdir='${prefix}/share'
docdir='${datarootdir}/doc/${PACKAGE_TARNAME}'
dvidir='${docdir}'
exec_prefix='${prefix}'
host='x86_64-pc-linux-gnu'
host_alias=''
host_cpu='x86_64'
host_os='linux-gnu'
host_vendor='pc'
htmldir='${docdir}'
includedir='${prefix}/include'
infodir='${datarootdir}/info'
install_sh='${SHELL} /home/keks/workspaces/git/MAE/libmae_eventing/install-sh'
libdir='${exec_prefix}/lib'
libexecdir='${exec_prefix}/libexec'
localedir='${datarootdir}/locale'
localstatedir='${prefix}/var'
mandir='${datarootdir}/man'
mkdir_p='$(MKDIR_P)'
oldincludedir='/usr/include'
pdfdir='${docdir}'
prefix='/usr/local'
program_transform_name='s,x,x,'
psdir='${docdir}'
runstatedir='${localstatedir}/run'
sbindir='${exec_prefix}/sbin'
sharedstatedir='${prefix}/com'
sysconfdir='${prefix}/etc'
target_alias=''

## ----------- ##
## confdefs.h. ##
## ----------- ##

/* confdefs.h */
#define PACKAGE_NAME "libmae_eventing"
#define PACKAGE_TARNAME "libmae_eventing"
#define PACKAGE_VERSION "0.9.0"
#define PACKAGE_STRING "libmae_eventing 0.9.0"
#define PACKAGE_BUGREPORT ""
#define PACKAGE_URL ""
#define PACKAGE "libmae_eventing"
#define VERSION "0.9.0"
#define HAVE_BOOST /**/
#define HAVE_BOOST_ASIO /**/
#define HAVE_CXX11 1
#define STDC_HEADERS 1
#define HAVE_SYS_TYPES_H 1
#define HAVE_SYS_STAT_H 1
#define HAVE_STDLIB_H 1
#define HAVE_STRING_H 1
#define HAVE_MEMORY_H 1
#define HAVE_STRINGS_H 1
#define HAVE_INTTYPES_H 1
#define HAVE_STDINT_H 1
#define HAVE_UNISTD_H 1
#define HAVE_DLFCN_H 1
#define LT_OBJDIR ".libs/"

configure: exit 0
