This file contains any messages produced by compilers while
running configure, to aid debugging if configure makes a mistake.

It was created by libmae configure 0.9.0, which was
generated by GNU Autoconf 2.69.  Invocation command line was

  $ ./configure 

## --------- ##
## Platform. ##
## --------- ##

hostname = moonlight
uname -m = x86_64
uname -r = 4.8.0-37-generic
uname -s = Linux
uname -v = #39-Ubuntu SMP Thu Jan 26 02:27:07 UTC 2017

/usr/bin/uname -p = unknown
/bin/uname -X     = unknown

/bin/arch              = unknown
/usr/bin/arch -k       = unknown
/usr/convex/getsysinfo = unknown
/usr/bin/hostinfo      = unknown
/bin/machine           = unknown
/usr/bin/oslevel       = unknown
/bin/universe          = unknown

PATH: /usr/local/sbin
PATH: /usr/local/bin
PATH: /usr/sbin
PATH: /usr/bin
PATH: /sbin
PATH: /bin
PATH: /usr/games
PATH: /usr/local/games


## ----------- ##
## Core tests. ##
## ----------- ##

configure:2339: checking for a BSD-compatible install
configure:2407: result: /usr/bin/install -c
configure:2418: checking whether build environment is sane
configure:2473: result: yes
configure:2624: checking for a thread-safe mkdir -p
configure:2663: result: /bin/mkdir -p
configure:2670: checking for gawk
configure:2686: found /usr/bin/gawk
configure:2697: result: gawk
configure:2708: checking whether make sets $(MAKE)
configure:2730: result: yes
configure:2759: checking whether make supports nested variables
configure:2776: result: yes
configure:2920: checking for javac
configure:2938: found /usr/bin/javac
configure:2951: result: /usr/bin/javac
configure:2966: checking symlink for /usr/bin/javac
configure:2974: result: /etc/alternatives/javac
configure:2966: checking symlink for /etc/alternatives/javac
configure:2974: result: /usr/lib/jvm/java-8-oracle/bin/javac
configure:2992: _JTOPDIR=/usr/lib/jvm/java-8-oracle/bin
configure:2993: _JINC=/usr/lib/jvm/java-8-oracle/bin/include
configure:2999: checking for /usr/lib/jvm/java-8-oracle/bin/include/jni.h
configure:3013: result: no
configure:3020: checking for /usr/lib/jvm/java-8-oracle/include/jni.h
configure:3034: result: yes
configure:3147: checking for pkg-config
configure:3165: found /usr/bin/pkg-config
configure:3177: result: /usr/bin/pkg-config
configure:3202: checking pkg-config is at least version 0.9.0
configure:3205: result: yes
configure:3215: checking for OPENCV
configure:3222: $PKG_CONFIG --exists --print-errors "opencv >= 2.4.8"
configure:3225: $? = 0
configure:3239: $PKG_CONFIG --exists --print-errors "opencv >= 2.4.8"
configure:3242: $? = 0
configure:3300: result: yes
configure:3310: checking for LIBXMLXX
configure:3317: $PKG_CONFIG --exists --print-errors "libxml++-2.6 >= 2.6"
configure:3320: $? = 0
configure:3334: $PKG_CONFIG --exists --print-errors "libxml++-2.6 >= 2.6"
configure:3337: $? = 0
configure:3395: result: yes
configure:3461: checking for g++
configure:3477: found /usr/bin/g++
configure:3488: result: g++
configure:3515: checking for C++ compiler version
configure:3524: g++ --version >&5
g++ (Ubuntu 6.2.0-5ubuntu12) 6.2.0 20161005
Copyright (C) 2016 Free Software Foundation, Inc.
This is free software; see the source for copying conditions.  There is NO
warranty; not even for MERCHANTABILITY or FITNESS FOR A PARTICULAR PURPOSE.

configure:3535: $? = 0
configure:3524: g++ -v >&5
Using built-in specs.
COLLECT_GCC=g++
COLLECT_LTO_WRAPPER=/usr/lib/gcc/x86_64-linux-gnu/6/lto-wrapper
Target: x86_64-linux-gnu
Configured with: ../src/configure -v --with-pkgversion='Ubuntu 6.2.0-5ubuntu12' --with-bugurl=file:///usr/share/doc/gcc-6/README.Bugs --enable-languages=c,ada,c++,java,go,d,fortran,objc,obj-c++ --prefix=/usr --program-suffix=-6 --program-prefix=x86_64-linux-gnu- --enable-shared --enable-linker-build-id --libexecdir=/usr/lib --without-included-gettext --enable-threads=posix --libdir=/usr/lib --enable-nls --with-sysroot=/ --enable-clocale=gnu --enable-libstdcxx-debug --enable-libstdcxx-time=yes --with-default-libstdcxx-abi=new --enable-gnu-unique-object --disable-vtable-verify --enable-libmpx --enable-plugin --enable-default-pie --with-system-zlib --disable-browser-plugin --enable-java-awt=gtk --enable-gtk-cairo --with-java-home=/usr/lib/jvm/java-1.5.0-gcj-6-amd64/jre --enable-java-home --with-jvm-root-dir=/usr/lib/jvm/java-1.5.0-gcj-6-amd64 --with-jvm-jar-dir=/usr/lib/jvm-exports/java-1.5.0-gcj-6-amd64 --with-arch-directory=amd64 --with-ecj-jar=/usr/share/java/eclipse-ecj.jar --enable-objc-gc --enable-multiarch --disable-werror --with-arch-32=i686 --with-abi=m64 --with-multilib-list=m32,m64,mx32 --enable-multilib --with-tune=generic --enable-checking=release --build=x86_64-linux-gnu --host=x86_64-linux-gnu --target=x86_64-linux-gnu
Thread model: posix
gcc version 6.2.0 20161005 (Ubuntu 6.2.0-5ubuntu12) 
configure:3535: $? = 0
configure:3524: g++ -V >&5
g++: error: unrecognized command line option '-V'
g++: fatal error: no input files
compilation terminated.
configure:3535: $? = 1
configure:3524: g++ -qversion >&5
g++: error: unrecognized command line option '-qversion'; did you mean '--version'?
g++: fatal error: no input files
compilation terminated.
configure:3535: $? = 1
configure:3555: checking whether the C++ compiler works
configure:3577: g++   -I/usr/lib/jvm/java-8-oracle/include -I/usr/lib/jvm/java-8-oracle/include/linux  conftest.cpp  >&5
configure:3581: $? = 0
configure:3629: result: yes
configure:3632: checking for C++ compiler default output file name
configure:3634: result: a.out
configure:3640: checking for suffix of executables
configure:3647: g++ -o conftest   -I/usr/lib/jvm/java-8-oracle/include -I/usr/lib/jvm/java-8-oracle/include/linux  conftest.cpp  >&5
configure:3651: $? = 0
configure:3673: result: 
configure:3695: checking whether we are cross compiling
configure:3703: g++ -o conftest   -I/usr/lib/jvm/java-8-oracle/include -I/usr/lib/jvm/java-8-oracle/include/linux  conftest.cpp  >&5
configure:3707: $? = 0
configure:3714: ./conftest
configure:3718: $? = 0
configure:3733: result: no
configure:3738: checking for suffix of object files
configure:3760: g++ -c   -I/usr/lib/jvm/java-8-oracle/include -I/usr/lib/jvm/java-8-oracle/include/linux conftest.cpp >&5
configure:3764: $? = 0
configure:3785: result: o
configure:3789: checking whether we are using the GNU C++ compiler
configure:3808: g++ -c   -I/usr/lib/jvm/java-8-oracle/include -I/usr/lib/jvm/java-8-oracle/include/linux conftest.cpp >&5
configure:3808: $? = 0
configure:3817: result: yes
configure:3826: checking whether g++ accepts -g
configure:3846: g++ -c -g  -I/usr/lib/jvm/java-8-oracle/include -I/usr/lib/jvm/java-8-oracle/include/linux conftest.cpp >&5
configure:3846: $? = 0
configure:3887: result: yes
configure:3921: checking for style of include used by make
configure:3949: result: GNU
configure:3975: checking dependency style of g++
configure:4086: result: gcc3
configure:4111: checking whether g++ supports C++11 features by default
configure:4405: g++ -c -g -O2  -I/usr/lib/jvm/java-8-oracle/include -I/usr/lib/jvm/java-8-oracle/include/linux conftest.cpp >&5
configure:4405: $? = 0
configure:4412: result: yes
configure:4792: checking build system type
configure:4806: result: x86_64-pc-linux-gnu
configure:4826: checking host system type
configure:4839: result: x86_64-pc-linux-gnu
configure:4880: checking how to print strings
configure:4907: result: printf
configure:4976: checking for gcc
configure:4992: found /usr/bin/gcc
configure:5003: result: gcc
configure:5232: checking for C compiler version
configure:5241: gcc --version >&5
gcc (Ubuntu 6.2.0-5ubuntu12) 6.2.0 20161005
Copyright (C) 2016 Free Software Foundation, Inc.
This is free software; see the source for copying conditions.  There is NO
warranty; not even for MERCHANTABILITY or FITNESS FOR A PARTICULAR PURPOSE.

configure:5252: $? = 0
configure:5241: gcc -v >&5
Using built-in specs.
COLLECT_GCC=gcc
COLLECT_LTO_WRAPPER=/usr/lib/gcc/x86_64-linux-gnu/6/lto-wrapper
Target: x86_64-linux-gnu
Configured with: ../src/configure -v --with-pkgversion='Ubuntu 6.2.0-5ubuntu12' --with-bugurl=file:///usr/share/doc/gcc-6/README.Bugs --enable-languages=c,ada,c++,java,go,d,fortran,objc,obj-c++ --prefix=/usr --program-suffix=-6 --program-prefix=x86_64-linux-gnu- --enable-shared --enable-linker-build-id --libexecdir=/usr/lib --without-included-gettext --enable-threads=posix --libdir=/usr/lib --enable-nls --with-sysroot=/ --enable-clocale=gnu --enable-libstdcxx-debug --enable-libstdcxx-time=yes --with-default-libstdcxx-abi=new --enable-gnu-unique-object --disable-vtable-verify --enable-libmpx --enable-plugin --enable-default-pie --with-system-zlib --disable-browser-plugin --enable-java-awt=gtk --enable-gtk-cairo --with-java-home=/usr/lib/jvm/java-1.5.0-gcj-6-amd64/jre --enable-java-home --with-jvm-root-dir=/usr/lib/jvm/java-1.5.0-gcj-6-amd64 --with-jvm-jar-dir=/usr/lib/jvm-exports/java-1.5.0-gcj-6-amd64 --with-arch-directory=amd64 --with-ecj-jar=/usr/share/java/eclipse-ecj.jar --enable-objc-gc --enable-multiarch --disable-werror --with-arch-32=i686 --with-abi=m64 --with-multilib-list=m32,m64,mx32 --enable-multilib --with-tune=generic --enable-checking=release --build=x86_64-linux-gnu --host=x86_64-linux-gnu --target=x86_64-linux-gnu
Thread model: posix
gcc version 6.2.0 20161005 (Ubuntu 6.2.0-5ubuntu12) 
configure:5252: $? = 0
configure:5241: gcc -V >&5
gcc: error: unrecognized command line option '-V'
gcc: fatal error: no input files
compilation terminated.
configure:5252: $? = 1
configure:5241: gcc -qversion >&5
gcc: error: unrecognized command line option '-qversion'; did you mean '--version'?
gcc: fatal error: no input files
compilation terminated.
configure:5252: $? = 1
configure:5256: checking whether we are using the GNU C compiler
configure:5275: gcc -c   -I/usr/lib/jvm/java-8-oracle/include -I/usr/lib/jvm/java-8-oracle/include/linux conftest.c >&5
configure:5275: $? = 0
configure:5284: result: yes
configure:5293: checking whether gcc accepts -g
configure:5313: gcc -c -g  -I/usr/lib/jvm/java-8-oracle/include -I/usr/lib/jvm/java-8-oracle/include/linux conftest.c >&5
configure:5313: $? = 0
configure:5354: result: yes
configure:5371: checking for gcc option to accept ISO C89
configure:5434: gcc  -c -g -O2  -I/usr/lib/jvm/java-8-oracle/include -I/usr/lib/jvm/java-8-oracle/include/linux conftest.c >&5
configure:5434: $? = 0
configure:5447: result: none needed
configure:5472: checking whether gcc understands -c and -o together
configure:5494: gcc -c conftest.c -o conftest2.o
configure:5497: $? = 0
configure:5494: gcc -c conftest.c -o conftest2.o
configure:5497: $? = 0
configure:5509: result: yes
configure:5528: checking dependency style of gcc
configure:5639: result: gcc3
configure:5654: checking for a sed that does not truncate output
configure:5718: result: /bin/sed
configure:5736: checking for grep that handles long lines and -e
configure:5794: result: /bin/grep
configure:5799: checking for egrep
configure:5861: result: /bin/grep -E
configure:5866: checking for fgrep
configure:5928: result: /bin/grep -F
configure:5963: checking for ld used by gcc
configure:6030: result: /usr/bin/ld
configure:6037: checking if the linker (/usr/bin/ld) is GNU ld
configure:6052: result: yes
configure:6064: checking for BSD- or MS-compatible name lister (nm)
configure:6118: result: /usr/bin/nm -B
configure:6248: checking the name lister (/usr/bin/nm -B) interface
configure:6255: gcc -c -g -O2  -I/usr/lib/jvm/java-8-oracle/include -I/usr/lib/jvm/java-8-oracle/include/linux conftest.c >&5
configure:6258: /usr/bin/nm -B "conftest.o"
configure:6261: output
0000000000000000 B some_variable
configure:6268: result: BSD nm
configure:6271: checking whether ln -s works
configure:6275: result: yes
configure:6283: checking the maximum length of command line arguments
configure:6414: result: 1572864
configure:6462: checking how to convert x86_64-pc-linux-gnu file names to x86_64-pc-linux-gnu format
configure:6502: result: func_convert_file_noop
configure:6509: checking how to convert x86_64-pc-linux-gnu file names to toolchain format
configure:6529: result: func_convert_file_noop
configure:6536: checking for /usr/bin/ld option to reload object files
configure:6543: result: -r
configure:6617: checking for objdump
configure:6633: found /usr/bin/objdump
configure:6644: result: objdump
configure:6676: checking how to recognize dependent libraries
configure:6876: result: pass_all
configure:6961: checking for dlltool
configure:6991: result: no
configure:7021: checking how to associate runtime and link libraries
configure:7048: result: printf %s\n
configure:7109: checking for ar
configure:7125: found /usr/bin/ar
configure:7136: result: ar
configure:7173: checking for archiver @FILE support
configure:7190: gcc -c -g -O2  -I/usr/lib/jvm/java-8-oracle/include -I/usr/lib/jvm/java-8-oracle/include/linux conftest.c >&5
configure:7190: $? = 0
configure:7193: ar cru libconftest.a @conftest.lst >&5
ar: `u' modifier ignored since `D' is the default (see `U')
configure:7196: $? = 0
configure:7201: ar cru libconftest.a @conftest.lst >&5
ar: `u' modifier ignored since `D' is the default (see `U')
ar: conftest.o: No such file or directory
configure:7204: $? = 1
configure:7216: result: @
configure:7274: checking for strip
configure:7290: found /usr/bin/strip
configure:7301: result: strip
configure:7373: checking for ranlib
configure:7389: found /usr/bin/ranlib
configure:7400: result: ranlib
configure:7502: checking command to parse /usr/bin/nm -B output from gcc object
configure:7655: gcc -c -g -O2  -I/usr/lib/jvm/java-8-oracle/include -I/usr/lib/jvm/java-8-oracle/include/linux conftest.c >&5
configure:7658: $? = 0
configure:7662: /usr/bin/nm -B conftest.o \| sed -n -e 's/^.*[ ]\([ABCDGIRSTW][ABCDGIRSTW]*\)[ ][ ]*\([_A-Za-z][_A-Za-z0-9]*\)$/\1 \2 \2/p' | sed '/ __gnu_lto/d' \> conftest.nm
configure:7665: $? = 0
configure:7731: gcc -o conftest -g -O2  -I/usr/lib/jvm/java-8-oracle/include -I/usr/lib/jvm/java-8-oracle/include/linux  conftest.c conftstm.o >&5
configure:7734: $? = 0
configure:7772: result: ok
configure:7819: checking for sysroot
configure:7849: result: no
configure:7856: checking for a working dd
configure:7894: result: /bin/dd
configure:7898: checking how to truncate binary pipes
configure:7913: result: /bin/dd bs=4096 count=1
configure:8049: gcc -c -g -O2  -I/usr/lib/jvm/java-8-oracle/include -I/usr/lib/jvm/java-8-oracle/include/linux conftest.c >&5
configure:8052: $? = 0
configure:8242: checking for mt
configure:8258: found /bin/mt
configure:8269: result: mt
configure:8292: checking if mt is a manifest tool
configure:8298: mt '-?'
configure:8306: result: no
configure:8983: checking how to run the C preprocessor
configure:9014: gcc -E  -I/usr/lib/jvm/java-8-oracle/include -I/usr/lib/jvm/java-8-oracle/include/linux conftest.c
configure:9014: $? = 0
configure:9028: gcc -E  -I/usr/lib/jvm/java-8-oracle/include -I/usr/lib/jvm/java-8-oracle/include/linux conftest.c
conftest.c:12:28: fatal error: ac_nonexistent.h: No such file or directory
 #include <ac_nonexistent.h>
                            ^
compilation terminated.
configure:9028: $? = 1
configure: failed program was:
| /* confdefs.h */
| #define PACKAGE_NAME "libmae"
| #define PACKAGE_TARNAME "libmae"
| #define PACKAGE_VERSION "0.9.0"
| #define PACKAGE_STRING "libmae 0.9.0"
| #define PACKAGE_BUGREPORT ""
| #define PACKAGE_URL ""
| #define PACKAGE "libmae"
| #define VERSION "0.9.0"
| #define HAVE_CXX11 1
| /* end confdefs.h.  */
| #include <ac_nonexistent.h>
configure:9053: result: gcc -E
configure:9073: gcc -E  -I/usr/lib/jvm/java-8-oracle/include -I/usr/lib/jvm/java-8-oracle/include/linux conftest.c
configure:9073: $? = 0
configure:9087: gcc -E  -I/usr/lib/jvm/java-8-oracle/include -I/usr/lib/jvm/java-8-oracle/include/linux conftest.c
conftest.c:12:28: fatal error: ac_nonexistent.h: No such file or directory
 #include <ac_nonexistent.h>
                            ^
compilation terminated.
configure:9087: $? = 1
configure: failed program was:
| /* confdefs.h */
| #define PACKAGE_NAME "libmae"
| #define PACKAGE_TARNAME "libmae"
| #define PACKAGE_VERSION "0.9.0"
| #define PACKAGE_STRING "libmae 0.9.0"
| #define PACKAGE_BUGREPORT ""
| #define PACKAGE_URL ""
| #define PACKAGE "libmae"
| #define VERSION "0.9.0"
| #define HAVE_CXX11 1
| /* end confdefs.h.  */
| #include <ac_nonexistent.h>
configure:9116: checking for ANSI C header files
configure:9136: gcc -c -g -O2  -I/usr/lib/jvm/java-8-oracle/include -I/usr/lib/jvm/java-8-oracle/include/linux conftest.c >&5
configure:9136: $? = 0
configure:9209: gcc -o conftest -g -O2  -I/usr/lib/jvm/java-8-oracle/include -I/usr/lib/jvm/java-8-oracle/include/linux  conftest.c  >&5
configure:9209: $? = 0
configure:9209: ./conftest
configure:9209: $? = 0
configure:9220: result: yes
configure:9233: checking for sys/types.h
configure:9233: gcc -c -g -O2  -I/usr/lib/jvm/java-8-oracle/include -I/usr/lib/jvm/java-8-oracle/include/linux conftest.c >&5
configure:9233: $? = 0
configure:9233: result: yes
configure:9233: checking for sys/stat.h
configure:9233: gcc -c -g -O2  -I/usr/lib/jvm/java-8-oracle/include -I/usr/lib/jvm/java-8-oracle/include/linux conftest.c >&5
configure:9233: $? = 0
configure:9233: result: yes
configure:9233: checking for stdlib.h
configure:9233: gcc -c -g -O2  -I/usr/lib/jvm/java-8-oracle/include -I/usr/lib/jvm/java-8-oracle/include/linux conftest.c >&5
configure:9233: $? = 0
configure:9233: result: yes
configure:9233: checking for string.h
configure:9233: gcc -c -g -O2  -I/usr/lib/jvm/java-8-oracle/include -I/usr/lib/jvm/java-8-oracle/include/linux conftest.c >&5
configure:9233: $? = 0
configure:9233: result: yes
configure:9233: checking for memory.h
configure:9233: gcc -c -g -O2  -I/usr/lib/jvm/java-8-oracle/include -I/usr/lib/jvm/java-8-oracle/include/linux conftest.c >&5
configure:9233: $? = 0
configure:9233: result: yes
configure:9233: checking for strings.h
configure:9233: gcc -c -g -O2  -I/usr/lib/jvm/java-8-oracle/include -I/usr/lib/jvm/java-8-oracle/include/linux conftest.c >&5
configure:9233: $? = 0
configure:9233: result: yes
configure:9233: checking for inttypes.h
configure:9233: gcc -c -g -O2  -I/usr/lib/jvm/java-8-oracle/include -I/usr/lib/jvm/java-8-oracle/include/linux conftest.c >&5
configure:9233: $? = 0
configure:9233: result: yes
configure:9233: checking for stdint.h
configure:9233: gcc -c -g -O2  -I/usr/lib/jvm/java-8-oracle/include -I/usr/lib/jvm/java-8-oracle/include/linux conftest.c >&5
configure:9233: $? = 0
configure:9233: result: yes
configure:9233: checking for unistd.h
configure:9233: gcc -c -g -O2  -I/usr/lib/jvm/java-8-oracle/include -I/usr/lib/jvm/java-8-oracle/include/linux conftest.c >&5
configure:9233: $? = 0
configure:9233: result: yes
configure:9247: checking for dlfcn.h
configure:9247: gcc -c -g -O2  -I/usr/lib/jvm/java-8-oracle/include -I/usr/lib/jvm/java-8-oracle/include/linux conftest.c >&5
configure:9247: $? = 0
configure:9247: result: yes
configure:9513: checking for objdir
configure:9528: result: .libs
configure:9792: checking if gcc supports -fno-rtti -fno-exceptions
configure:9810: gcc -c -g -O2  -I/usr/lib/jvm/java-8-oracle/include -I/usr/lib/jvm/java-8-oracle/include/linux -fno-rtti -fno-exceptions conftest.c >&5
cc1: warning: command line option '-fno-rtti' is valid for C++/ObjC++ but not for C
configure:9814: $? = 0
configure:9827: result: no
configure:10185: checking for gcc option to produce PIC
configure:10192: result: -fPIC -DPIC
configure:10200: checking if gcc PIC flag -fPIC -DPIC works
configure:10218: gcc -c -g -O2  -I/usr/lib/jvm/java-8-oracle/include -I/usr/lib/jvm/java-8-oracle/include/linux -fPIC -DPIC -DPIC conftest.c >&5
configure:10222: $? = 0
configure:10235: result: yes
configure:10264: checking if gcc static flag -static works
configure:10292: result: yes
configure:10307: checking if gcc supports -c -o file.o
configure:10328: gcc -c -g -O2  -I/usr/lib/jvm/java-8-oracle/include -I/usr/lib/jvm/java-8-oracle/include/linux -o out/conftest2.o conftest.c >&5
configure:10332: $? = 0
configure:10354: result: yes
configure:10362: checking if gcc supports -c -o file.o
configure:10409: result: yes
configure:10442: checking whether the gcc linker (/usr/bin/ld -m elf_x86_64) supports shared libraries
configure:11705: result: yes
configure:11742: checking whether -lc should be explicitly linked in
configure:11750: gcc -c -g -O2  -I/usr/lib/jvm/java-8-oracle/include -I/usr/lib/jvm/java-8-oracle/include/linux conftest.c >&5
configure:11753: $? = 0
configure:11768: gcc -shared  -fPIC -DPIC conftest.o  -v -Wl,-soname -Wl,conftest -o conftest 2\>\&1 \| /bin/grep  -lc  \>/dev/null 2\>\&1
configure:11771: $? = 0
configure:11785: result: no
configure:11945: checking dynamic linker characteristics
configure:12526: gcc -o conftest -g -O2  -I/usr/lib/jvm/java-8-oracle/include -I/usr/lib/jvm/java-8-oracle/include/linux  -Wl,-rpath -Wl,/foo conftest.c  >&5
configure:12526: $? = 0
configure:12775: result: GNU/Linux ld.so
configure:12897: checking how to hardcode library paths into programs
configure:12922: result: immediate
configure:13470: checking whether stripping libraries is possible
configure:13475: result: yes
configure:13510: checking if libtool supports shared libraries
configure:13512: result: yes
configure:13515: checking whether to build shared libraries
configure:13540: result: yes
configure:13543: checking whether to build static libraries
configure:13547: result: yes
configure:13570: checking how to run the C++ preprocessor
configure:13597: g++ -E  -I/usr/lib/jvm/java-8-oracle/include -I/usr/lib/jvm/java-8-oracle/include/linux conftest.cpp
configure:13597: $? = 0
configure:13611: g++ -E  -I/usr/lib/jvm/java-8-oracle/include -I/usr/lib/jvm/java-8-oracle/include/linux conftest.cpp
conftest.cpp:24:28: fatal error: ac_nonexistent.h: No such file or directory
 #include <ac_nonexistent.h>
                            ^
compilation terminated.
configure:13611: $? = 1
configure: failed program was:
| /* confdefs.h */
| #define PACKAGE_NAME "libmae"
| #define PACKAGE_TARNAME "libmae"
| #define PACKAGE_VERSION "0.9.0"
| #define PACKAGE_STRING "libmae 0.9.0"
| #define PACKAGE_BUGREPORT ""
| #define PACKAGE_URL ""
| #define PACKAGE "libmae"
| #define VERSION "0.9.0"
| #define HAVE_CXX11 1
| #define STDC_HEADERS 1
| #define HAVE_SYS_TYPES_H 1
| #define HAVE_SYS_STAT_H 1
| #define HAVE_STDLIB_H 1
| #define HAVE_STRING_H 1
| #define HAVE_MEMORY_H 1
| #define HAVE_STRINGS_H 1
| #define HAVE_INTTYPES_H 1
| #define HAVE_STDINT_H 1
| #define HAVE_UNISTD_H 1
| #define HAVE_DLFCN_H 1
| #define LT_OBJDIR ".libs/"
| /* end confdefs.h.  */
| #include <ac_nonexistent.h>
configure:13636: result: g++ -E
configure:13656: g++ -E  -I/usr/lib/jvm/java-8-oracle/include -I/usr/lib/jvm/java-8-oracle/include/linux conftest.cpp
configure:13656: $? = 0
configure:13670: g++ -E  -I/usr/lib/jvm/java-8-oracle/include -I/usr/lib/jvm/java-8-oracle/include/linux conftest.cpp
conftest.cpp:24:28: fatal error: ac_nonexistent.h: No such file or directory
 #include <ac_nonexistent.h>
                            ^
compilation terminated.
configure:13670: $? = 1
configure: failed program was:
| /* confdefs.h */
| #define PACKAGE_NAME "libmae"
| #define PACKAGE_TARNAME "libmae"
| #define PACKAGE_VERSION "0.9.0"
| #define PACKAGE_STRING "libmae 0.9.0"
| #define PACKAGE_BUGREPORT ""
| #define PACKAGE_URL ""
| #define PACKAGE "libmae"
| #define VERSION "0.9.0"
| #define HAVE_CXX11 1
| #define STDC_HEADERS 1
| #define HAVE_SYS_TYPES_H 1
| #define HAVE_SYS_STAT_H 1
| #define HAVE_STDLIB_H 1
| #define HAVE_STRING_H 1
| #define HAVE_MEMORY_H 1
| #define HAVE_STRINGS_H 1
| #define HAVE_INTTYPES_H 1
| #define HAVE_STDINT_H 1
| #define HAVE_UNISTD_H 1
| #define HAVE_DLFCN_H 1
| #define LT_OBJDIR ".libs/"
| /* end confdefs.h.  */
| #include <ac_nonexistent.h>
configure:13832: checking for ld used by g++
configure:13899: result: /usr/bin/ld -m elf_x86_64
configure:13906: checking if the linker (/usr/bin/ld -m elf_x86_64) is GNU ld
configure:13921: result: yes
configure:13976: checking whether the g++ linker (/usr/bin/ld -m elf_x86_64) supports shared libraries
configure:15049: result: yes
configure:15085: g++ -c -g -O2  -I/usr/lib/jvm/java-8-oracle/include -I/usr/lib/jvm/java-8-oracle/include/linux conftest.cpp >&5
configure:15088: $? = 0
configure:15569: checking for g++ option to produce PIC
configure:15576: result: -fPIC -DPIC
configure:15584: checking if g++ PIC flag -fPIC -DPIC works
configure:15602: g++ -c -g -O2  -I/usr/lib/jvm/java-8-oracle/include -I/usr/lib/jvm/java-8-oracle/include/linux -fPIC -DPIC -DPIC conftest.cpp >&5
configure:15606: $? = 0
configure:15619: result: yes
configure:15642: checking if g++ static flag -static works
configure:15670: result: yes
configure:15682: checking if g++ supports -c -o file.o
configure:15703: g++ -c -g -O2  -I/usr/lib/jvm/java-8-oracle/include -I/usr/lib/jvm/java-8-oracle/include/linux -o out/conftest2.o conftest.cpp >&5
configure:15707: $? = 0
configure:15729: result: yes
configure:15734: checking if g++ supports -c -o file.o
configure:15781: result: yes
configure:15811: checking whether the g++ linker (/usr/bin/ld -m elf_x86_64) supports shared libraries
configure:15854: result: yes
configure:15995: checking dynamic linker characteristics
configure:16752: result: GNU/Linux ld.so
configure:16817: checking how to hardcode library paths into programs
configure:16842: result: immediate
configure:17052: checking that generated files are newer than configure
configure:17058: result: done
configure:17085: creating ./config.status

## ---------------------- ##
## Running config.status. ##
## ---------------------- ##

This file was extended by libmae config.status 0.9.0, which was
generated by GNU Autoconf 2.69.  Invocation command line was

  CONFIG_FILES    = 
  CONFIG_HEADERS  = 
  CONFIG_LINKS    = 
  CONFIG_COMMANDS = 
  $ ./config.status 

on moonlight

config.status:1089: creating libmae.pc
config.status:1089: creating Makefile
config.status:1089: creating include/Makefile
config.status:1261: executing depfiles commands
config.status:1261: executing libtool commands

## ---------------- ##
## Cache variables. ##
## ---------------- ##

ac_cv_build=x86_64-pc-linux-gnu
ac_cv_c_compiler_gnu=yes
ac_cv_cxx_compiler_gnu=yes
ac_cv_env_CCC_set=
ac_cv_env_CCC_value=
ac_cv_env_CC_set=
ac_cv_env_CC_value=
ac_cv_env_CFLAGS_set=
ac_cv_env_CFLAGS_value=
ac_cv_env_CPPFLAGS_set=
ac_cv_env_CPPFLAGS_value=
ac_cv_env_CPP_set=
ac_cv_env_CPP_value=
ac_cv_env_CXXCPP_set=
ac_cv_env_CXXCPP_value=
ac_cv_env_CXXFLAGS_set=
ac_cv_env_CXXFLAGS_value=
ac_cv_env_CXX_set=
ac_cv_env_CXX_value=
ac_cv_env_LDFLAGS_set=
ac_cv_env_LDFLAGS_value=
ac_cv_env_LIBS_set=
ac_cv_env_LIBS_value=
ac_cv_env_LIBXMLXX_CFLAGS_set=
ac_cv_env_LIBXMLXX_CFLAGS_value=
ac_cv_env_LIBXMLXX_LIBS_set=
ac_cv_env_LIBXMLXX_LIBS_value=
ac_cv_env_LT_SYS_LIBRARY_PATH_set=
ac_cv_env_LT_SYS_LIBRARY_PATH_value=
ac_cv_env_OPENCV_CFLAGS_set=
ac_cv_env_OPENCV_CFLAGS_value=
ac_cv_env_OPENCV_LIBS_set=
ac_cv_env_OPENCV_LIBS_value=
ac_cv_env_PKG_CONFIG_LIBDIR_set=
ac_cv_env_PKG_CONFIG_LIBDIR_value=
ac_cv_env_PKG_CONFIG_PATH_set=
ac_cv_env_PKG_CONFIG_PATH_value=
ac_cv_env_PKG_CONFIG_set=
ac_cv_env_PKG_CONFIG_value=
ac_cv_env_build_alias_set=
ac_cv_env_build_alias_value=
ac_cv_env_host_alias_set=
ac_cv_env_host_alias_value=
ac_cv_env_target_alias_set=
ac_cv_env_target_alias_value=
ac_cv_file__usr_lib_jvm_java_8_oracle_bin_include_jni_h=no
ac_cv_file__usr_lib_jvm_java_8_oracle_include_jni_h=yes
ac_cv_header_dlfcn_h=yes
ac_cv_header_inttypes_h=yes
ac_cv_header_memory_h=yes
ac_cv_header_stdc=yes
ac_cv_header_stdint_h=yes
ac_cv_header_stdlib_h=yes
ac_cv_header_string_h=yes
ac_cv_header_strings_h=yes
ac_cv_header_sys_stat_h=yes
ac_cv_header_sys_types_h=yes
ac_cv_header_unistd_h=yes
ac_cv_host=x86_64-pc-linux-gnu
ac_cv_objext=o
ac_cv_path_EGREP='/bin/grep -E'
ac_cv_path_FGREP='/bin/grep -F'
ac_cv_path_GREP=/bin/grep
ac_cv_path_SED=/bin/sed
ac_cv_path__ACJNI_JAVAC=/usr/bin/javac
ac_cv_path_ac_pt_PKG_CONFIG=/usr/bin/pkg-config
ac_cv_path_install='/usr/bin/install -c'
ac_cv_path_lt_DD=/bin/dd
ac_cv_path_mkdir=/bin/mkdir
ac_cv_prog_AWK=gawk
ac_cv_prog_CPP='gcc -E'
ac_cv_prog_CXXCPP='g++ -E'
ac_cv_prog_ac_ct_AR=ar
ac_cv_prog_ac_ct_CC=gcc
ac_cv_prog_ac_ct_CXX=g++
ac_cv_prog_ac_ct_MANIFEST_TOOL=mt
ac_cv_prog_ac_ct_OBJDUMP=objdump
ac_cv_prog_ac_ct_RANLIB=ranlib
ac_cv_prog_ac_ct_STRIP=strip
ac_cv_prog_cc_c89=
ac_cv_prog_cc_g=yes
ac_cv_prog_cxx_g=yes
ac_cv_prog_make_make_set=yes
am_cv_CC_dependencies_compiler_type=gcc3
am_cv_CXX_dependencies_compiler_type=gcc3
am_cv_make_support_nested_variables=yes
am_cv_prog_cc_c_o=yes
ax_cv_cxx_compile_cxx11=yes
lt_cv_ar_at_file=@
lt_cv_archive_cmds_need_lc=no
lt_cv_deplibs_check_method=pass_all
lt_cv_file_magic_cmd='$MAGIC_CMD'
lt_cv_file_magic_test_file=
lt_cv_ld_reload_flag=-r
lt_cv_nm_interface='BSD nm'
lt_cv_objdir=.libs
lt_cv_path_LD=/usr/bin/ld
lt_cv_path_LDCXX='/usr/bin/ld -m elf_x86_64'
lt_cv_path_NM='/usr/bin/nm -B'
lt_cv_path_mainfest_tool=no
lt_cv_prog_compiler_c_o=yes
lt_cv_prog_compiler_c_o_CXX=yes
lt_cv_prog_compiler_pic='-fPIC -DPIC'
lt_cv_prog_compiler_pic_CXX='-fPIC -DPIC'
lt_cv_prog_compiler_pic_works=yes
lt_cv_prog_compiler_pic_works_CXX=yes
lt_cv_prog_compiler_rtti_exceptions=no
lt_cv_prog_compiler_static_works=yes
lt_cv_prog_compiler_static_works_CXX=yes
lt_cv_prog_gnu_ld=yes
lt_cv_prog_gnu_ldcxx=yes
lt_cv_sharedlib_from_linklib_cmd='printf %s\n'
lt_cv_shlibpath_overrides_runpath=no
lt_cv_sys_global_symbol_pipe='sed -n -e '\''s/^.*[	 ]\([ABCDGIRSTW][ABCDGIRSTW]*\)[	 ][	 ]*\([_A-Za-z][_A-Za-z0-9]*\)$/\1 \2 \2/p'\'' | sed '\''/ __gnu_lto/d'\'''
lt_cv_sys_global_symbol_to_c_name_address='sed -n -e '\''s/^: \(.*\) .*$/  {"\1", (void *) 0},/p'\'' -e '\''s/^[ABCDGIRSTW][ABCDGIRSTW]* .* \(.*\)$/  {"\1", (void *) \&\1},/p'\'''
lt_cv_sys_global_symbol_to_c_name_address_lib_prefix='sed -n -e '\''s/^: \(.*\) .*$/  {"\1", (void *) 0},/p'\'' -e '\''s/^[ABCDGIRSTW][ABCDGIRSTW]* .* \(lib.*\)$/  {"\1", (void *) \&\1},/p'\'' -e '\''s/^[ABCDGIRSTW][ABCDGIRSTW]* .* \(.*\)$/  {"lib\1", (void *) \&\1},/p'\'''
lt_cv_sys_global_symbol_to_cdecl='sed -n -e '\''s/^T .* \(.*\)$/extern int \1();/p'\'' -e '\''s/^[ABCDGIRSTW][ABCDGIRSTW]* .* \(.*\)$/extern char \1;/p'\'''
lt_cv_sys_global_symbol_to_import=
lt_cv_sys_max_cmd_len=1572864
lt_cv_to_host_file_cmd=func_convert_file_noop
lt_cv_to_tool_file_cmd=func_convert_file_noop
lt_cv_truncate_bin='/bin/dd bs=4096 count=1'
pkg_cv_LIBXMLXX_CFLAGS='-I/usr/include/libxml++-2.6 -I/usr/lib/x86_64-linux-gnu/libxml++-2.6/include -I/usr/include/libxml2 -I/usr/include/glibmm-2.4 -I/usr/lib/x86_64-linux-gnu/glibmm-2.4/include -I/usr/include/glib-2.0 -I/usr/lib/x86_64-linux-gnu/glib-2.0/include -I/usr/include/sigc++-2.0 -I/usr/lib/x86_64-linux-gnu/sigc++-2.0/include'
pkg_cv_LIBXMLXX_LIBS='-lxml++-2.6 -lxml2 -lglibmm-2.4 -lgobject-2.0 -lglib-2.0 -lsigc-2.0'
pkg_cv_OPENCV_CFLAGS=-I/usr/include/opencv
pkg_cv_OPENCV_LIBS='/usr/lib/x86_64-linux-gnu/libopencv_calib3d.so -lopencv_calib3d /usr/lib/x86_64-linux-gnu/libopencv_contrib.so -lopencv_contrib /usr/lib/x86_64-linux-gnu/libopencv_core.so -lopencv_core /usr/lib/x86_64-linux-gnu/libopencv_features2d.so -lopencv_features2d /usr/lib/x86_64-linux-gnu/libopencv_flann.so -lopencv_flann /usr/lib/x86_64-linux-gnu/libopencv_gpu.so -lopencv_gpu /usr/lib/x86_64-linux-gnu/libopencv_highgui.so -lopencv_highgui /usr/lib/x86_64-linux-gnu/libopencv_imgproc.so -lopencv_imgproc /usr/lib/x86_64-linux-gnu/libopencv_legacy.so -lopencv_legacy /usr/lib/x86_64-linux-gnu/libopencv_ml.so -lopencv_ml /usr/lib/x86_64-linux-gnu/libopencv_objdetect.so -lopencv_objdetect /usr/lib/x86_64-linux-gnu/libopencv_ocl.so -lopencv_ocl /usr/lib/x86_64-linux-gnu/libopencv_photo.so -lopencv_photo /usr/lib/x86_64-linux-gnu/libopencv_stitching.so -lopencv_stitching /usr/lib/x86_64-linux-gnu/libopencv_superres.so -lopencv_superres /usr/lib/x86_64-linux-gnu/libopencv_ts.so -lopencv_ts /usr/lib/x86_64-linux-gnu/libopencv_video.so -lopencv_video /usr/lib/x86_64-linux-gnu/libopencv_videostab.so -lopencv_videostab'

## ----------------- ##
## Output variables. ##
## ----------------- ##

ACLOCAL='${SHELL} /home/keks/workspaces/git/MAE/libmae/missing aclocal-1.15'
AMDEPBACKSLASH='\'
AMDEP_FALSE='#'
AMDEP_TRUE=''
AMTAR='$${TAR-tar}'
AM_BACKSLASH='\'
AM_DEFAULT_V='$(AM_DEFAULT_VERBOSITY)'
AM_DEFAULT_VERBOSITY='1'
AM_V='$(V)'
AR='ar'
AUTOCONF='${SHELL} /home/keks/workspaces/git/MAE/libmae/missing autoconf'
AUTOHEADER='${SHELL} /home/keks/workspaces/git/MAE/libmae/missing autoheader'
AUTOMAKE='${SHELL} /home/keks/workspaces/git/MAE/libmae/missing automake-1.15'
AWK='gawk'
CC='gcc'
CCDEPMODE='depmode=gcc3'
CFLAGS='-g -O2'
CPP='gcc -E'
CPPFLAGS=' -I/usr/lib/jvm/java-8-oracle/include -I/usr/lib/jvm/java-8-oracle/include/linux'
CXX='g++'
CXXCPP='g++ -E'
CXXDEPMODE='depmode=gcc3'
CXXFLAGS='-g -O2'
CYGPATH_W='echo'
DEFS='-DPACKAGE_NAME=\"libmae\" -DPACKAGE_TARNAME=\"libmae\" -DPACKAGE_VERSION=\"0.9.0\" -DPACKAGE_STRING=\"libmae\ 0.9.0\" -DPACKAGE_BUGREPORT=\"\" -DPACKAGE_URL=\"\" -DPACKAGE=\"libmae\" -DVERSION=\"0.9.0\" -DHAVE_CXX11=1 -DSTDC_HEADERS=1 -DHAVE_SYS_TYPES_H=1 -DHAVE_SYS_STAT_H=1 -DHAVE_STDLIB_H=1 -DHAVE_STRING_H=1 -DHAVE_MEMORY_H=1 -DHAVE_STRINGS_H=1 -DHAVE_INTTYPES_H=1 -DHAVE_STDINT_H=1 -DHAVE_UNISTD_H=1 -DHAVE_DLFCN_H=1 -DLT_OBJDIR=\".libs/\"'
DEPDIR='.deps'
DLLTOOL='false'
DSYMUTIL=''
DUMPBIN=''
ECHO_C=''
ECHO_N='-n'
ECHO_T=''
EGREP='/bin/grep -E'
EXEEXT=''
FGREP='/bin/grep -F'
GREP='/bin/grep'
HAVE_CXX11='1'
INSTALL_DATA='${INSTALL} -m 644'
INSTALL_PROGRAM='${INSTALL}'
INSTALL_SCRIPT='${INSTALL}'
INSTALL_STRIP_PROGRAM='$(install_sh) -c -s'
LD='/usr/bin/ld -m elf_x86_64'
LDFLAGS=''
LIBOBJS=''
LIBS=''
LIBTOOL='$(SHELL) $(top_builddir)/libtool'
LIBXMLXX_CFLAGS='-I/usr/include/libxml++-2.6 -I/usr/lib/x86_64-linux-gnu/libxml++-2.6/include -I/usr/include/libxml2 -I/usr/include/glibmm-2.4 -I/usr/lib/x86_64-linux-gnu/glibmm-2.4/include -I/usr/include/glib-2.0 -I/usr/lib/x86_64-linux-gnu/glib-2.0/include -I/usr/include/sigc++-2.0 -I/usr/lib/x86_64-linux-gnu/sigc++-2.0/include'
LIBXMLXX_LIBS='-lxml++-2.6 -lxml2 -lglibmm-2.4 -lgobject-2.0 -lglib-2.0 -lsigc-2.0'
LIPO=''
LN_S='ln -s'
LTLIBOBJS=''
LT_SYS_LIBRARY_PATH=''
MAKEINFO='${SHELL} /home/keks/workspaces/git/MAE/libmae/missing makeinfo'
MANIFEST_TOOL=':'
MKDIR_P='/bin/mkdir -p'
NM='/usr/bin/nm -B'
NMEDIT=''
OBJDUMP='objdump'
OBJEXT='o'
OPENCV_CFLAGS='-I/usr/include/opencv'
OPENCV_LIBS='/usr/lib/x86_64-linux-gnu/libopencv_calib3d.so -lopencv_calib3d /usr/lib/x86_64-linux-gnu/libopencv_contrib.so -lopencv_contrib /usr/lib/x86_64-linux-gnu/libopencv_core.so -lopencv_core /usr/lib/x86_64-linux-gnu/libopencv_features2d.so -lopencv_features2d /usr/lib/x86_64-linux-gnu/libopencv_flann.so -lopencv_flann /usr/lib/x86_64-linux-gnu/libopencv_gpu.so -lopencv_gpu /usr/lib/x86_64-linux-gnu/libopencv_highgui.so -lopencv_highgui /usr/lib/x86_64-linux-gnu/libopencv_imgproc.so -lopencv_imgproc /usr/lib/x86_64-linux-gnu/libopencv_legacy.so -lopencv_legacy /usr/lib/x86_64-linux-gnu/libopencv_ml.so -lopencv_ml /usr/lib/x86_64-linux-gnu/libopencv_objdetect.so -lopencv_objdetect /usr/lib/x86_64-linux-gnu/libopencv_ocl.so -lopencv_ocl /usr/lib/x86_64-linux-gnu/libopencv_photo.so -lopencv_photo /usr/lib/x86_64-linux-gnu/libopencv_stitching.so -lopencv_stitching /usr/lib/x86_64-linux-gnu/libopencv_superres.so -lopencv_superres /usr/lib/x86_64-linux-gnu/libopencv_ts.so -lopencv_ts /usr/lib/x86_64-linux-gnu/libopencv_video.so -lopencv_video /usr/lib/x86_64-linux-gnu/libopencv_videostab.so -lopencv_videostab'
OTOOL64=''
OTOOL=''
PACKAGE='libmae'
PACKAGE_BUGREPORT=''
PACKAGE_NAME='libmae'
PACKAGE_STRING='libmae 0.9.0'
PACKAGE_TARNAME='libmae'
PACKAGE_URL=''
PACKAGE_VERSION='0.9.0'
PATH_SEPARATOR=':'
PKG_CONFIG='/usr/bin/pkg-config'
PKG_CONFIG_LIBDIR=''
PKG_CONFIG_PATH=''
RANLIB='ranlib'
SED='/bin/sed'
SET_MAKE=''
SHELL='/bin/bash'
STRIP='strip'
VERSION='0.9.0'
_ACJNI_JAVAC='/usr/bin/javac'
ac_ct_AR='ar'
ac_ct_CC='gcc'
ac_ct_CXX='g++'
ac_ct_DUMPBIN=''
am__EXEEXT_FALSE=''
am__EXEEXT_TRUE='#'
am__fastdepCC_FALSE='#'
am__fastdepCC_TRUE=''
am__fastdepCXX_FALSE='#'
am__fastdepCXX_TRUE=''
am__include='include'
am__isrc=''
am__leading_dot='.'
am__nodep='_no'
am__quote=''
am__tar='$${TAR-tar} chof - "$$tardir"'
am__untar='$${TAR-tar} xf -'
bindir='${exec_prefix}/bin'
build='x86_64-pc-linux-gnu'
build_alias=''
build_cpu='x86_64'
build_os='linux-gnu'
build_vendor='pc'
datadir='${datarootdir}'
datarootdir='${prefix}/share'
docdir='${datarootdir}/doc/${PACKAGE_TARNAME}'
dvidir='${docdir}'
exec_prefix='${prefix}'
host='x86_64-pc-linux-gnu'
host_alias=''
host_cpu='x86_64'
host_os='linux-gnu'
host_vendor='pc'
htmldir='${docdir}'
includedir='${prefix}/include'
infodir='${datarootdir}/info'
install_sh='${SHELL} /home/keks/workspaces/git/MAE/libmae/install-sh'
libdir='${exec_prefix}/lib'
libexecdir='${exec_prefix}/libexec'
localedir='${datarootdir}/locale'
localstatedir='${prefix}/var'
mandir='${datarootdir}/man'
mkdir_p='$(MKDIR_P)'
oldincludedir='/usr/include'
pdfdir='${docdir}'
prefix='/usr/local'
program_transform_name='s,x,x,'
psdir='${docdir}'
runstatedir='${localstatedir}/run'
sbindir='${exec_prefix}/sbin'
sharedstatedir='${prefix}/com'
sysconfdir='${prefix}/etc'
target_alias=''

## ----------- ##
## confdefs.h. ##
## ----------- ##

/* confdefs.h */
#define PACKAGE_NAME "libmae"
#define PACKAGE_TARNAME "libmae"
#define PACKAGE_VERSION "0.9.0"
#define PACKAGE_STRING "libmae 0.9.0"
#define PACKAGE_BUGREPORT ""
#define PACKAGE_URL ""
#define PACKAGE "libmae"
#define VERSION "0.9.0"
#define HAVE_CXX11 1
#define STDC_HEADERS 1
#define HAVE_SYS_TYPES_H 1
#define HAVE_SYS_STAT_H 1
#define HAVE_STDLIB_H 1
#define HAVE_STRING_H 1
#define HAVE_MEMORY_H 1
#define HAVE_STRINGS_H 1
#define HAVE_INTTYPES_H 1
#define HAVE_STDINT_H 1
#define HAVE_UNISTD_H 1
#define HAVE_DLFCN_H 1
#define LT_OBJDIR ".libs/"

configure: exit 0
